ERROR - 2023-08-13 03:08:41 --> Error connecting to the database: mysqli_sql_exception: Access denied for user 'dscriptn_root'@'localhost' (using password: YES) in C:\xampp\htdocs\proyectosistema\system\Database\MySQLi\Connection.php:174
Stack trace:
#0 C:\xampp\htdocs\proyectosistema\system\Database\MySQLi\Connection.php(174): mysqli->real_connect('localhost', 'dscriptn_root', 'AkJkSzpj1231', 'dscriptn_db_sis...', 3306, '', 0)
#1 C:\xampp\htdocs\proyectosistema\system\Database\BaseConnection.php(391): CodeIgniter\Database\MySQLi\Connection->connect(false)
#2 C:\xampp\htdocs\proyectosistema\system\Database\BaseConnection.php(573): CodeIgniter\Database\BaseConnection->initialize()
#3 C:\xampp\htdocs\proyectosistema\system\Database\BaseBuilder.php(1616): CodeIgniter\Database\BaseConnection->query('SELECT *\nFROM `...', Array, false)
#4 C:\xampp\htdocs\proyectosistema\system\Model.php(241): CodeIgniter\Database\BaseBuilder->get()
#5 C:\xampp\htdocs\proyectosistema\system\BaseModel.php(618): CodeIgniter\Model->doFindAll(0, 0)
#6 C:\xampp\htdocs\proyectosistema\app\Controllers\Cotizacion.php(21): CodeIgniter\BaseModel->findAll()
#7 C:\xampp\htdocs\proyectosistema\system\CodeIgniter.php(934): App\Controllers\Cotizacion->index()
#8 C:\xampp\htdocs\proyectosistema\system\CodeIgniter.php(499): CodeIgniter\CodeIgniter->runController(Object(App\Controllers\Cotizacion))
#9 C:\xampp\htdocs\proyectosistema\system\CodeIgniter.php(368): CodeIgniter\CodeIgniter->handleRequest(NULL, Object(Config\Cache), false)
#10 C:\xampp\htdocs\proyectosistema\index.php(67): CodeIgniter\CodeIgniter->run()
#11 {main}

Next CodeIgniter\Database\Exceptions\DatabaseException: Access denied for user '****'@'localhost' (using password: YES) in C:\xampp\htdocs\proyectosistema\system\Database\MySQLi\Connection.php:218
Stack trace:
#0 C:\xampp\htdocs\proyectosistema\system\Database\BaseConnection.php(391): CodeIgniter\Database\MySQLi\Connection->connect(false)
#1 C:\xampp\htdocs\proyectosistema\system\Database\BaseConnection.php(573): CodeIgniter\Database\BaseConnection->initialize()
#2 C:\xampp\htdocs\proyectosistema\system\Database\BaseBuilder.php(1616): CodeIgniter\Database\BaseConnection->query('SELECT *\nFROM `...', Array, false)
#3 C:\xampp\htdocs\proyectosistema\system\Model.php(241): CodeIgniter\Database\BaseBuilder->get()
#4 C:\xampp\htdocs\proyectosistema\system\BaseModel.php(618): CodeIgniter\Model->doFindAll(0, 0)
#5 C:\xampp\htdocs\proyectosistema\app\Controllers\Cotizacion.php(21): CodeIgniter\BaseModel->findAll()
#6 C:\xampp\htdocs\proyectosistema\system\CodeIgniter.php(934): App\Controllers\Cotizacion->index()
#7 C:\xampp\htdocs\proyectosistema\system\CodeIgniter.php(499): CodeIgniter\CodeIgniter->runController(Object(App\Controllers\Cotizacion))
#8 C:\xampp\htdocs\proyectosistema\system\CodeIgniter.php(368): CodeIgniter\CodeIgniter->handleRequest(NULL, Object(Config\Cache), false)
#9 C:\xampp\htdocs\proyectosistema\index.php(67): CodeIgniter\CodeIgniter->run()
#10 {main}
CRITICAL - 2023-08-13 03:08:41 --> Unable to connect to the database.
Main connection [MySQLi]: Access denied for user '****'@'localhost' (using password: YES)
in SYSTEMPATH\Database\BaseConnection.php on line 427.
 1 SYSTEMPATH\Database\BaseConnection.php(573): CodeIgniter\Database\BaseConnection->initialize()
 2 SYSTEMPATH\Database\BaseBuilder.php(1616): CodeIgniter\Database\BaseConnection->query('SELECT *
FROM `personas`
WHERE `es_cliente` = :es_cliente:
ORDER BY `id` ASC', [...], false)
 3 SYSTEMPATH\Model.php(241): CodeIgniter\Database\BaseBuilder->get()
 4 SYSTEMPATH\BaseModel.php(618): CodeIgniter\Model->doFindAll(0, 0)
 5 APPPATH\Controllers\Cotizacion.php(21): CodeIgniter\BaseModel->findAll()
 6 SYSTEMPATH\CodeIgniter.php(934): App\Controllers\Cotizacion->index()
 7 SYSTEMPATH\CodeIgniter.php(499): CodeIgniter\CodeIgniter->runController(Object(App\Controllers\Cotizacion))
 8 SYSTEMPATH\CodeIgniter.php(368): CodeIgniter\CodeIgniter->handleRequest(null, Object(Config\Cache), false)
 9 FCPATH\index.php(67): CodeIgniter\CodeIgniter->run()
ERROR - 2023-08-13 03:08:53 --> Error connecting to the database: ErrorException: mysqli::real_connect(): php_network_getaddresses: getaddrinfo failed: Host desconocido.  in C:\xampp\htdocs\proyectosistema\system\Database\MySQLi\Connection.php:174
Stack trace:
#0 [internal function]: CodeIgniter\Debug\Exceptions->errorHandler(2, 'mysqli::real_co...', 'C:\\xampp\\htdocs...', 174)
#1 C:\xampp\htdocs\proyectosistema\system\Database\MySQLi\Connection.php(174): mysqli->real_connect('localhost1', 'dscriptn_root', 'AkJkSzpj1231', 'dscriptn_db_sis...', 3306, '', 0)
#2 C:\xampp\htdocs\proyectosistema\system\Database\BaseConnection.php(391): CodeIgniter\Database\MySQLi\Connection->connect(false)
#3 C:\xampp\htdocs\proyectosistema\system\Database\BaseConnection.php(573): CodeIgniter\Database\BaseConnection->initialize()
#4 C:\xampp\htdocs\proyectosistema\system\Database\BaseBuilder.php(1616): CodeIgniter\Database\BaseConnection->query('SELECT *\nFROM `...', Array, false)
#5 C:\xampp\htdocs\proyectosistema\system\Model.php(241): CodeIgniter\Database\BaseBuilder->get()
#6 C:\xampp\htdocs\proyectosistema\system\BaseModel.php(618): CodeIgniter\Model->doFindAll(0, 0)
#7 C:\xampp\htdocs\proyectosistema\app\Controllers\Cotizacion.php(21): CodeIgniter\BaseModel->findAll()
#8 C:\xampp\htdocs\proyectosistema\system\CodeIgniter.php(934): App\Controllers\Cotizacion->index()
#9 C:\xampp\htdocs\proyectosistema\system\CodeIgniter.php(499): CodeIgniter\CodeIgniter->runController(Object(App\Controllers\Cotizacion))
#10 C:\xampp\htdocs\proyectosistema\system\CodeIgniter.php(368): CodeIgniter\CodeIgniter->handleRequest(NULL, Object(Config\Cache), false)
#11 C:\xampp\htdocs\proyectosistema\index.php(67): CodeIgniter\CodeIgniter->run()
#12 {main}

Next mysqli_sql_exception: php_network_getaddresses: getaddrinfo failed: Host desconocido.  in C:\xampp\htdocs\proyectosistema\system\Database\MySQLi\Connection.php:174
Stack trace:
#0 C:\xampp\htdocs\proyectosistema\system\Database\MySQLi\Connection.php(174): mysqli->real_connect('localhost1', 'dscriptn_root', 'AkJkSzpj1231', 'dscriptn_db_sis...', 3306, '', 0)
#1 C:\xampp\htdocs\proyectosistema\system\Database\BaseConnection.php(391): CodeIgniter\Database\MySQLi\Connection->connect(false)
#2 C:\xampp\htdocs\proyectosistema\system\Database\BaseConnection.php(573): CodeIgniter\Database\BaseConnection->initialize()
#3 C:\xampp\htdocs\proyectosistema\system\Database\BaseBuilder.php(1616): CodeIgniter\Database\BaseConnection->query('SELECT *\nFROM `...', Array, false)
#4 C:\xampp\htdocs\proyectosistema\system\Model.php(241): CodeIgniter\Database\BaseBuilder->get()
#5 C:\xampp\htdocs\proyectosistema\system\BaseModel.php(618): CodeIgniter\Model->doFindAll(0, 0)
#6 C:\xampp\htdocs\proyectosistema\app\Controllers\Cotizacion.php(21): CodeIgniter\BaseModel->findAll()
#7 C:\xampp\htdocs\proyectosistema\system\CodeIgniter.php(934): App\Controllers\Cotizacion->index()
#8 C:\xampp\htdocs\proyectosistema\system\CodeIgniter.php(499): CodeIgniter\CodeIgniter->runController(Object(App\Controllers\Cotizacion))
#9 C:\xampp\htdocs\proyectosistema\system\CodeIgniter.php(368): CodeIgniter\CodeIgniter->handleRequest(NULL, Object(Config\Cache), false)
#10 C:\xampp\htdocs\proyectosistema\index.php(67): CodeIgniter\CodeIgniter->run()
#11 {main}

Next CodeIgniter\Database\Exceptions\DatabaseException: php_network_getaddresses: getaddrinfo failed: Host desconocido.  in C:\xampp\htdocs\proyectosistema\system\Database\MySQLi\Connection.php:218
Stack trace:
#0 C:\xampp\htdocs\proyectosistema\system\Database\BaseConnection.php(391): CodeIgniter\Database\MySQLi\Connection->connect(false)
#1 C:\xampp\htdocs\proyectosistema\system\Database\BaseConnection.php(573): CodeIgniter\Database\BaseConnection->initialize()
#2 C:\xampp\htdocs\proyectosistema\system\Database\BaseBuilder.php(1616): CodeIgniter\Database\BaseConnection->query('SELECT *\nFROM `...', Array, false)
#3 C:\xampp\htdocs\proyectosistema\system\Model.php(241): CodeIgniter\Database\BaseBuilder->get()
#4 C:\xampp\htdocs\proyectosistema\system\BaseModel.php(618): CodeIgniter\Model->doFindAll(0, 0)
#5 C:\xampp\htdocs\proyectosistema\app\Controllers\Cotizacion.php(21): CodeIgniter\BaseModel->findAll()
#6 C:\xampp\htdocs\proyectosistema\system\CodeIgniter.php(934): App\Controllers\Cotizacion->index()
#7 C:\xampp\htdocs\proyectosistema\system\CodeIgniter.php(499): CodeIgniter\CodeIgniter->runController(Object(App\Controllers\Cotizacion))
#8 C:\xampp\htdocs\proyectosistema\system\CodeIgniter.php(368): CodeIgniter\CodeIgniter->handleRequest(NULL, Object(Config\Cache), false)
#9 C:\xampp\htdocs\proyectosistema\index.php(67): CodeIgniter\CodeIgniter->run()
#10 {main}
CRITICAL - 2023-08-13 03:08:53 --> Unable to connect to the database.
Main connection [MySQLi]: php_network_getaddresses: getaddrinfo failed: Host desconocido. 
in SYSTEMPATH\Database\BaseConnection.php on line 427.
 1 SYSTEMPATH\Database\BaseConnection.php(573): CodeIgniter\Database\BaseConnection->initialize()
 2 SYSTEMPATH\Database\BaseBuilder.php(1616): CodeIgniter\Database\BaseConnection->query('SELECT *
FROM `personas`
WHERE `es_cliente` = :es_cliente:
ORDER BY `id` ASC', [...], false)
 3 SYSTEMPATH\Model.php(241): CodeIgniter\Database\BaseBuilder->get()
 4 SYSTEMPATH\BaseModel.php(618): CodeIgniter\Model->doFindAll(0, 0)
 5 APPPATH\Controllers\Cotizacion.php(21): CodeIgniter\BaseModel->findAll()
 6 SYSTEMPATH\CodeIgniter.php(934): App\Controllers\Cotizacion->index()
 7 SYSTEMPATH\CodeIgniter.php(499): CodeIgniter\CodeIgniter->runController(Object(App\Controllers\Cotizacion))
 8 SYSTEMPATH\CodeIgniter.php(368): CodeIgniter\CodeIgniter->handleRequest(null, Object(Config\Cache), false)
 9 FCPATH\index.php(67): CodeIgniter\CodeIgniter->run()
CRITICAL - 2023-08-13 04:33:20 --> Undefined variable $num_fact
in APPPATH\Views\ventas\cotizaciones.php on line 21.
 1 APPPATH\Views\ventas\cotizaciones.php(21): CodeIgniter\Debug\Exceptions->errorHandler(2, 'Undefined variable $num_fact', 'C:\\xampp\\htdocs\\proyectosistema\\app\\Views\\ventas\\cotizaciones.php', 21)
 2 SYSTEMPATH\View\View.php(213): include('C:\\xampp\\htdocs\\proyectosistema\\app\\Views\\ventas\\cotizaciones.php')
 3 SYSTEMPATH\View\View.php(216): CodeIgniter\View\View->CodeIgniter\View\{closure}()
 4 SYSTEMPATH\Common.php(1184): CodeIgniter\View\View->render('ventas/cotizaciones', [], true)
 5 APPPATH\Controllers\Cotizacion.php(139): view('ventas/cotizaciones', [...])
 6 SYSTEMPATH\CodeIgniter.php(934): App\Controllers\Cotizacion->index()
 7 SYSTEMPATH\CodeIgniter.php(499): CodeIgniter\CodeIgniter->runController(Object(App\Controllers\Cotizacion))
 8 SYSTEMPATH\CodeIgniter.php(368): CodeIgniter\CodeIgniter->handleRequest(null, Object(Config\Cache), false)
 9 FCPATH\index.php(67): CodeIgniter\CodeIgniter->run()
CRITICAL - 2023-08-13 04:35:32 --> Undefined array key "valor_compra"
in APPPATH\Controllers\Cobro.php on line 706.
 1 APPPATH\Controllers\Cobro.php(706): CodeIgniter\Debug\Exceptions->errorHandler(2, 'Undefined array key "valor_compra"', 'C:\\xampp\\htdocs\\proyectosistema\\app\\Controllers\\Cobro.php', 706)
 2 SYSTEMPATH\CodeIgniter.php(934): App\Controllers\Cobro->generarExcel('none', 'none', 'none', 'none', 'none', 'none', 'none', 'none')
 3 SYSTEMPATH\CodeIgniter.php(499): CodeIgniter\CodeIgniter->runController(Object(App\Controllers\Cobro))
 4 SYSTEMPATH\CodeIgniter.php(368): CodeIgniter\CodeIgniter->handleRequest(null, Object(Config\Cache), false)
 5 FCPATH\index.php(67): CodeIgniter\CodeIgniter->run()
CRITICAL - 2023-08-13 04:36:26 --> Undefined array key "valor_compra"
in APPPATH\Controllers\Cobro.php on line 706.
 1 APPPATH\Controllers\Cobro.php(706): CodeIgniter\Debug\Exceptions->errorHandler(2, 'Undefined array key "valor_compra"', 'C:\\xampp\\htdocs\\proyectosistema\\app\\Controllers\\Cobro.php', 706)
 2 SYSTEMPATH\CodeIgniter.php(934): App\Controllers\Cobro->generarExcel('none', 'none', 'none', 'none', 'none', 'none', 'none', 'none')
 3 SYSTEMPATH\CodeIgniter.php(499): CodeIgniter\CodeIgniter->runController(Object(App\Controllers\Cobro))
 4 SYSTEMPATH\CodeIgniter.php(368): CodeIgniter\CodeIgniter->handleRequest(null, Object(Config\Cache), false)
 5 FCPATH\index.php(67): CodeIgniter\CodeIgniter->run()
CRITICAL - 2023-08-13 04:43:32 --> Class "App\Controllers\Compras" not found
in APPPATH\Controllers\Cotizacion.php on line 524.
 1 SYSTEMPATH\CodeIgniter.php(934): App\Controllers\Cotizacion->generarExcel('none', 'none', 'none', 'none', 'none', 'none', 'none', 'none', 'none', 'none')
 2 SYSTEMPATH\CodeIgniter.php(499): CodeIgniter\CodeIgniter->runController(Object(App\Controllers\Cotizacion))
 3 SYSTEMPATH\CodeIgniter.php(368): CodeIgniter\CodeIgniter->handleRequest(null, Object(Config\Cache), false)
 4 FCPATH\index.php(67): CodeIgniter\CodeIgniter->run()
CRITICAL - 2023-08-13 04:44:08 --> Class "App\Controllers\Compras" not found
in APPPATH\Controllers\Cotizacion.php on line 524.
 1 SYSTEMPATH\CodeIgniter.php(934): App\Controllers\Cotizacion->generarExcel('none', 'none', 'none', 'none', 'none', 'none', 'none', 'none', 'none', 'none')
 2 SYSTEMPATH\CodeIgniter.php(499): CodeIgniter\CodeIgniter->runController(Object(App\Controllers\Cotizacion))
 3 SYSTEMPATH\CodeIgniter.php(368): CodeIgniter\CodeIgniter->handleRequest(null, Object(Config\Cache), false)
 4 FCPATH\index.php(67): CodeIgniter\CodeIgniter->run()
CRITICAL - 2023-08-13 04:44:24 --> Class "App\Controllers\Compras" not found
in APPPATH\Controllers\Cotizacion.php on line 524.
 1 SYSTEMPATH\CodeIgniter.php(934): App\Controllers\Cotizacion->generarExcel('none', 'none', 'none', 'none', 'none', 'none', 'none', 'none', 'none', 'none')
 2 SYSTEMPATH\CodeIgniter.php(499): CodeIgniter\CodeIgniter->runController(Object(App\Controllers\Cotizacion))
 3 SYSTEMPATH\CodeIgniter.php(368): CodeIgniter\CodeIgniter->handleRequest(null, Object(Config\Cache), false)
 4 FCPATH\index.php(67): CodeIgniter\CodeIgniter->run()
CRITICAL - 2023-08-13 04:45:43 --> Undefined variable $compra
in APPPATH\Controllers\Cotizacion.php on line 575.
 1 APPPATH\Controllers\Cotizacion.php(575): CodeIgniter\Debug\Exceptions->errorHandler(2, 'Undefined variable $compra', 'C:\\xampp\\htdocs\\proyectosistema\\app\\Controllers\\Cotizacion.php', 575)
 2 SYSTEMPATH\CodeIgniter.php(934): App\Controllers\Cotizacion->generarExcel('none', 'none', 'none', 'none', 'none', 'none', 'none', 'none', 'none', 'none')
 3 SYSTEMPATH\CodeIgniter.php(499): CodeIgniter\CodeIgniter->runController(Object(App\Controllers\Cotizacion))
 4 SYSTEMPATH\CodeIgniter.php(368): CodeIgniter\CodeIgniter->handleRequest(null, Object(Config\Cache), false)
 5 FCPATH\index.php(67): CodeIgniter\CodeIgniter->run()
ERROR - 2023-08-13 04:45:55 --> mysqli_sql_exception: Unknown table 'dscriptn_db_sistema.compras' in C:\xampp\htdocs\proyectosistema\system\Database\MySQLi\Connection.php:295
Stack trace:
#0 C:\xampp\htdocs\proyectosistema\system\Database\MySQLi\Connection.php(295): mysqli->query('SELECT `compras...', 0)
#1 C:\xampp\htdocs\proyectosistema\system\Database\BaseConnection.php(691): CodeIgniter\Database\MySQLi\Connection->execute('SELECT `compras...')
#2 C:\xampp\htdocs\proyectosistema\system\Database\BaseConnection.php(605): CodeIgniter\Database\BaseConnection->simpleQuery('SELECT `compras...')
#3 C:\xampp\htdocs\proyectosistema\system\Database\BaseBuilder.php(1616): CodeIgniter\Database\BaseConnection->query('SELECT `compras...', Array, false)
#4 C:\xampp\htdocs\proyectosistema\system\Model.php(241): CodeIgniter\Database\BaseBuilder->get()
#5 C:\xampp\htdocs\proyectosistema\system\BaseModel.php(618): CodeIgniter\Model->doFindAll(0, 0)
#6 C:\xampp\htdocs\proyectosistema\app\Controllers\Cotizacion.php(578): CodeIgniter\BaseModel->findAll()
#7 C:\xampp\htdocs\proyectosistema\system\CodeIgniter.php(934): App\Controllers\Cotizacion->generarExcel('none', 'none', 'none', 'none', 'none', 'none', 'none', 'none', 'none', 'none')
#8 C:\xampp\htdocs\proyectosistema\system\CodeIgniter.php(499): CodeIgniter\CodeIgniter->runController(Object(App\Controllers\Cotizacion))
#9 C:\xampp\htdocs\proyectosistema\system\CodeIgniter.php(368): CodeIgniter\CodeIgniter->handleRequest(NULL, Object(Config\Cache), false)
#10 C:\xampp\htdocs\proyectosistema\index.php(67): CodeIgniter\CodeIgniter->run()
#11 {main}
CRITICAL - 2023-08-13 04:45:55 --> Unknown table 'dscriptn_db_sistema.compras'
in SYSTEMPATH\Database\MySQLi\Connection.php on line 295.
 1 SYSTEMPATH\Database\MySQLi\Connection.php(295): mysqli->query('SELECT `compras`.*, `personas`.`nombres` as `persona`
FROM `cotizaciones`
LEFT JOIN `personas` ON `personas`.`id` = `compras`.`id_per_prov`
ORDER BY `compras`.`id` DESC', 0)
 2 SYSTEMPATH\Database\BaseConnection.php(691): CodeIgniter\Database\MySQLi\Connection->execute('SELECT `compras`.*, `personas`.`nombres` as `persona`
FROM `cotizaciones`
LEFT JOIN `personas` ON `personas`.`id` = `compras`.`id_per_prov`
ORDER BY `compras`.`id` DESC')
 3 SYSTEMPATH\Database\BaseConnection.php(605): CodeIgniter\Database\BaseConnection->simpleQuery('SELECT `compras`.*, `personas`.`nombres` as `persona`
FROM `cotizaciones`
LEFT JOIN `personas` ON `personas`.`id` = `compras`.`id_per_prov`
ORDER BY `compras`.`id` DESC')
 4 SYSTEMPATH\Database\BaseBuilder.php(1616): CodeIgniter\Database\BaseConnection->query('SELECT `compras`.*, `personas`.`nombres` as `persona`
FROM `cotizaciones`
LEFT JOIN `personas` ON `personas`.`id` = `compras`.`id_per_prov`
ORDER BY `compras`.`id` DESC', [], false)
 5 SYSTEMPATH\Model.php(241): CodeIgniter\Database\BaseBuilder->get()
 6 SYSTEMPATH\BaseModel.php(618): CodeIgniter\Model->doFindAll(0, 0)
 7 APPPATH\Controllers\Cotizacion.php(578): CodeIgniter\BaseModel->findAll()
 8 SYSTEMPATH\CodeIgniter.php(934): App\Controllers\Cotizacion->generarExcel('none', 'none', 'none', 'none', 'none', 'none', 'none', 'none', 'none', 'none')
 9 SYSTEMPATH\CodeIgniter.php(499): CodeIgniter\CodeIgniter->runController(Object(App\Controllers\Cotizacion))
10 SYSTEMPATH\CodeIgniter.php(368): CodeIgniter\CodeIgniter->handleRequest(null, Object(Config\Cache), false)
11 FCPATH\index.php(67): CodeIgniter\CodeIgniter->run()
ERROR - 2023-08-13 04:46:47 --> mysqli_sql_exception: Unknown column 'cotizaciones.id_per_prov' in 'on clause' in C:\xampp\htdocs\proyectosistema\system\Database\MySQLi\Connection.php:295
Stack trace:
#0 C:\xampp\htdocs\proyectosistema\system\Database\MySQLi\Connection.php(295): mysqli->query('SELECT `cotizac...', 0)
#1 C:\xampp\htdocs\proyectosistema\system\Database\BaseConnection.php(691): CodeIgniter\Database\MySQLi\Connection->execute('SELECT `cotizac...')
#2 C:\xampp\htdocs\proyectosistema\system\Database\BaseConnection.php(605): CodeIgniter\Database\BaseConnection->simpleQuery('SELECT `cotizac...')
#3 C:\xampp\htdocs\proyectosistema\system\Database\BaseBuilder.php(1616): CodeIgniter\Database\BaseConnection->query('SELECT `cotizac...', Array, false)
#4 C:\xampp\htdocs\proyectosistema\system\Model.php(241): CodeIgniter\Database\BaseBuilder->get()
#5 C:\xampp\htdocs\proyectosistema\system\BaseModel.php(618): CodeIgniter\Model->doFindAll(0, 0)
#6 C:\xampp\htdocs\proyectosistema\app\Controllers\Cotizacion.php(582): CodeIgniter\BaseModel->findAll()
#7 C:\xampp\htdocs\proyectosistema\system\CodeIgniter.php(934): App\Controllers\Cotizacion->generarExcel('none', 'none', 'none', 'none', 'none', 'none', 'none', 'none', 'none', 'none')
#8 C:\xampp\htdocs\proyectosistema\system\CodeIgniter.php(499): CodeIgniter\CodeIgniter->runController(Object(App\Controllers\Cotizacion))
#9 C:\xampp\htdocs\proyectosistema\system\CodeIgniter.php(368): CodeIgniter\CodeIgniter->handleRequest(NULL, Object(Config\Cache), false)
#10 C:\xampp\htdocs\proyectosistema\index.php(67): CodeIgniter\CodeIgniter->run()
#11 {main}
CRITICAL - 2023-08-13 04:46:47 --> Unknown column 'cotizaciones.id_per_prov' in 'on clause'
in SYSTEMPATH\Database\MySQLi\Connection.php on line 295.
 1 SYSTEMPATH\Database\MySQLi\Connection.php(295): mysqli->query('SELECT `cotizaciones`.*, `personas`.`nombres` as `persona`
FROM `cotizaciones`
LEFT JOIN `personas` ON `personas`.`id` = `cotizaciones`.`id_per_prov`
ORDER BY `cotizaciones`.`id` DESC', 0)
 2 SYSTEMPATH\Database\BaseConnection.php(691): CodeIgniter\Database\MySQLi\Connection->execute('SELECT `cotizaciones`.*, `personas`.`nombres` as `persona`
FROM `cotizaciones`
LEFT JOIN `personas` ON `personas`.`id` = `cotizaciones`.`id_per_prov`
ORDER BY `cotizaciones`.`id` DESC')
 3 SYSTEMPATH\Database\BaseConnection.php(605): CodeIgniter\Database\BaseConnection->simpleQuery('SELECT `cotizaciones`.*, `personas`.`nombres` as `persona`
FROM `cotizaciones`
LEFT JOIN `personas` ON `personas`.`id` = `cotizaciones`.`id_per_prov`
ORDER BY `cotizaciones`.`id` DESC')
 4 SYSTEMPATH\Database\BaseBuilder.php(1616): CodeIgniter\Database\BaseConnection->query('SELECT `cotizaciones`.*, `personas`.`nombres` as `persona`
FROM `cotizaciones`
LEFT JOIN `personas` ON `personas`.`id` = `cotizaciones`.`id_per_prov`
ORDER BY `cotizaciones`.`id` DESC', [], false)
 5 SYSTEMPATH\Model.php(241): CodeIgniter\Database\BaseBuilder->get()
 6 SYSTEMPATH\BaseModel.php(618): CodeIgniter\Model->doFindAll(0, 0)
 7 APPPATH\Controllers\Cotizacion.php(582): CodeIgniter\BaseModel->findAll()
 8 SYSTEMPATH\CodeIgniter.php(934): App\Controllers\Cotizacion->generarExcel('none', 'none', 'none', 'none', 'none', 'none', 'none', 'none', 'none', 'none')
 9 SYSTEMPATH\CodeIgniter.php(499): CodeIgniter\CodeIgniter->runController(Object(App\Controllers\Cotizacion))
10 SYSTEMPATH\CodeIgniter.php(368): CodeIgniter\CodeIgniter->handleRequest(null, Object(Config\Cache), false)
11 FCPATH\index.php(67): CodeIgniter\CodeIgniter->run()
ERROR - 2023-08-13 04:47:38 --> mysqli_sql_exception: Unknown column 'cotizaciones.id_per_prov' in 'on clause' in C:\xampp\htdocs\proyectosistema\system\Database\MySQLi\Connection.php:295
Stack trace:
#0 C:\xampp\htdocs\proyectosistema\system\Database\MySQLi\Connection.php(295): mysqli->query('SELECT `cotizac...', 0)
#1 C:\xampp\htdocs\proyectosistema\system\Database\BaseConnection.php(691): CodeIgniter\Database\MySQLi\Connection->execute('SELECT `cotizac...')
#2 C:\xampp\htdocs\proyectosistema\system\Database\BaseConnection.php(605): CodeIgniter\Database\BaseConnection->simpleQuery('SELECT `cotizac...')
#3 C:\xampp\htdocs\proyectosistema\system\Database\BaseBuilder.php(1616): CodeIgniter\Database\BaseConnection->query('SELECT `cotizac...', Array, false)
#4 C:\xampp\htdocs\proyectosistema\system\Model.php(241): CodeIgniter\Database\BaseBuilder->get()
#5 C:\xampp\htdocs\proyectosistema\system\BaseModel.php(618): CodeIgniter\Model->doFindAll(0, 0)
#6 C:\xampp\htdocs\proyectosistema\app\Controllers\Cotizacion.php(586): CodeIgniter\BaseModel->findAll()
#7 C:\xampp\htdocs\proyectosistema\system\CodeIgniter.php(934): App\Controllers\Cotizacion->generarExcel('none', 'none', 'none', 'none', 'none', 'none', 'none', 'none', 'none', 'none')
#8 C:\xampp\htdocs\proyectosistema\system\CodeIgniter.php(499): CodeIgniter\CodeIgniter->runController(Object(App\Controllers\Cotizacion))
#9 C:\xampp\htdocs\proyectosistema\system\CodeIgniter.php(368): CodeIgniter\CodeIgniter->handleRequest(NULL, Object(Config\Cache), false)
#10 C:\xampp\htdocs\proyectosistema\index.php(67): CodeIgniter\CodeIgniter->run()
#11 {main}
CRITICAL - 2023-08-13 04:47:38 --> Unknown column 'cotizaciones.id_per_prov' in 'on clause'
in SYSTEMPATH\Database\MySQLi\Connection.php on line 295.
 1 SYSTEMPATH\Database\MySQLi\Connection.php(295): mysqli->query('SELECT `cotizaciones`.*, `personas`.`nombres` as `persona`
FROM `cotizaciones`
LEFT JOIN `personas` ON `personas`.`id` = `cotizaciones`.`id_per_prov`
ORDER BY `cotizaciones`.`id` DESC', 0)
 2 SYSTEMPATH\Database\BaseConnection.php(691): CodeIgniter\Database\MySQLi\Connection->execute('SELECT `cotizaciones`.*, `personas`.`nombres` as `persona`
FROM `cotizaciones`
LEFT JOIN `personas` ON `personas`.`id` = `cotizaciones`.`id_per_prov`
ORDER BY `cotizaciones`.`id` DESC')
 3 SYSTEMPATH\Database\BaseConnection.php(605): CodeIgniter\Database\BaseConnection->simpleQuery('SELECT `cotizaciones`.*, `personas`.`nombres` as `persona`
FROM `cotizaciones`
LEFT JOIN `personas` ON `personas`.`id` = `cotizaciones`.`id_per_prov`
ORDER BY `cotizaciones`.`id` DESC')
 4 SYSTEMPATH\Database\BaseBuilder.php(1616): CodeIgniter\Database\BaseConnection->query('SELECT `cotizaciones`.*, `personas`.`nombres` as `persona`
FROM `cotizaciones`
LEFT JOIN `personas` ON `personas`.`id` = `cotizaciones`.`id_per_prov`
ORDER BY `cotizaciones`.`id` DESC', [], false)
 5 SYSTEMPATH\Model.php(241): CodeIgniter\Database\BaseBuilder->get()
 6 SYSTEMPATH\BaseModel.php(618): CodeIgniter\Model->doFindAll(0, 0)
 7 APPPATH\Controllers\Cotizacion.php(586): CodeIgniter\BaseModel->findAll()
 8 SYSTEMPATH\CodeIgniter.php(934): App\Controllers\Cotizacion->generarExcel('none', 'none', 'none', 'none', 'none', 'none', 'none', 'none', 'none', 'none')
 9 SYSTEMPATH\CodeIgniter.php(499): CodeIgniter\CodeIgniter->runController(Object(App\Controllers\Cotizacion))
10 SYSTEMPATH\CodeIgniter.php(368): CodeIgniter\CodeIgniter->handleRequest(null, Object(Config\Cache), false)
11 FCPATH\index.php(67): CodeIgniter\CodeIgniter->run()
ERROR - 2023-08-13 04:47:41 --> mysqli_sql_exception: Unknown column 'cotizaciones.id_per_prov' in 'on clause' in C:\xampp\htdocs\proyectosistema\system\Database\MySQLi\Connection.php:295
Stack trace:
#0 C:\xampp\htdocs\proyectosistema\system\Database\MySQLi\Connection.php(295): mysqli->query('SELECT `cotizac...', 0)
#1 C:\xampp\htdocs\proyectosistema\system\Database\BaseConnection.php(691): CodeIgniter\Database\MySQLi\Connection->execute('SELECT `cotizac...')
#2 C:\xampp\htdocs\proyectosistema\system\Database\BaseConnection.php(605): CodeIgniter\Database\BaseConnection->simpleQuery('SELECT `cotizac...')
#3 C:\xampp\htdocs\proyectosistema\system\Database\BaseBuilder.php(1616): CodeIgniter\Database\BaseConnection->query('SELECT `cotizac...', Array, false)
#4 C:\xampp\htdocs\proyectosistema\system\Model.php(241): CodeIgniter\Database\BaseBuilder->get()
#5 C:\xampp\htdocs\proyectosistema\system\BaseModel.php(618): CodeIgniter\Model->doFindAll(0, 0)
#6 C:\xampp\htdocs\proyectosistema\app\Controllers\Cotizacion.php(586): CodeIgniter\BaseModel->findAll()
#7 C:\xampp\htdocs\proyectosistema\system\CodeIgniter.php(934): App\Controllers\Cotizacion->generarExcel('none', 'none', 'none', 'none', 'none', 'none', 'none', 'none', 'none', 'none')
#8 C:\xampp\htdocs\proyectosistema\system\CodeIgniter.php(499): CodeIgniter\CodeIgniter->runController(Object(App\Controllers\Cotizacion))
#9 C:\xampp\htdocs\proyectosistema\system\CodeIgniter.php(368): CodeIgniter\CodeIgniter->handleRequest(NULL, Object(Config\Cache), false)
#10 C:\xampp\htdocs\proyectosistema\index.php(67): CodeIgniter\CodeIgniter->run()
#11 {main}
CRITICAL - 2023-08-13 04:47:41 --> Unknown column 'cotizaciones.id_per_prov' in 'on clause'
in SYSTEMPATH\Database\MySQLi\Connection.php on line 295.
 1 SYSTEMPATH\Database\MySQLi\Connection.php(295): mysqli->query('SELECT `cotizaciones`.*, `personas`.`nombres` as `persona`
FROM `cotizaciones`
LEFT JOIN `personas` ON `personas`.`id` = `cotizaciones`.`id_per_prov`
ORDER BY `cotizaciones`.`id` DESC', 0)
 2 SYSTEMPATH\Database\BaseConnection.php(691): CodeIgniter\Database\MySQLi\Connection->execute('SELECT `cotizaciones`.*, `personas`.`nombres` as `persona`
FROM `cotizaciones`
LEFT JOIN `personas` ON `personas`.`id` = `cotizaciones`.`id_per_prov`
ORDER BY `cotizaciones`.`id` DESC')
 3 SYSTEMPATH\Database\BaseConnection.php(605): CodeIgniter\Database\BaseConnection->simpleQuery('SELECT `cotizaciones`.*, `personas`.`nombres` as `persona`
FROM `cotizaciones`
LEFT JOIN `personas` ON `personas`.`id` = `cotizaciones`.`id_per_prov`
ORDER BY `cotizaciones`.`id` DESC')
 4 SYSTEMPATH\Database\BaseBuilder.php(1616): CodeIgniter\Database\BaseConnection->query('SELECT `cotizaciones`.*, `personas`.`nombres` as `persona`
FROM `cotizaciones`
LEFT JOIN `personas` ON `personas`.`id` = `cotizaciones`.`id_per_prov`
ORDER BY `cotizaciones`.`id` DESC', [], false)
 5 SYSTEMPATH\Model.php(241): CodeIgniter\Database\BaseBuilder->get()
 6 SYSTEMPATH\BaseModel.php(618): CodeIgniter\Model->doFindAll(0, 0)
 7 APPPATH\Controllers\Cotizacion.php(586): CodeIgniter\BaseModel->findAll()
 8 SYSTEMPATH\CodeIgniter.php(934): App\Controllers\Cotizacion->generarExcel('none', 'none', 'none', 'none', 'none', 'none', 'none', 'none', 'none', 'none')
 9 SYSTEMPATH\CodeIgniter.php(499): CodeIgniter\CodeIgniter->runController(Object(App\Controllers\Cotizacion))
10 SYSTEMPATH\CodeIgniter.php(368): CodeIgniter\CodeIgniter->handleRequest(null, Object(Config\Cache), false)
11 FCPATH\index.php(67): CodeIgniter\CodeIgniter->run()
ERROR - 2023-08-13 04:47:55 --> mysqli_sql_exception: Unknown column 'cotizaciones.id_per_prov' in 'on clause' in C:\xampp\htdocs\proyectosistema\system\Database\MySQLi\Connection.php:295
Stack trace:
#0 C:\xampp\htdocs\proyectosistema\system\Database\MySQLi\Connection.php(295): mysqli->query('SELECT `cotizac...', 0)
#1 C:\xampp\htdocs\proyectosistema\system\Database\BaseConnection.php(691): CodeIgniter\Database\MySQLi\Connection->execute('SELECT `cotizac...')
#2 C:\xampp\htdocs\proyectosistema\system\Database\BaseConnection.php(605): CodeIgniter\Database\BaseConnection->simpleQuery('SELECT `cotizac...')
#3 C:\xampp\htdocs\proyectosistema\system\Database\BaseBuilder.php(1616): CodeIgniter\Database\BaseConnection->query('SELECT `cotizac...', Array, false)
#4 C:\xampp\htdocs\proyectosistema\system\Model.php(241): CodeIgniter\Database\BaseBuilder->get()
#5 C:\xampp\htdocs\proyectosistema\system\BaseModel.php(618): CodeIgniter\Model->doFindAll(0, 0)
#6 C:\xampp\htdocs\proyectosistema\app\Controllers\Cotizacion.php(586): CodeIgniter\BaseModel->findAll()
#7 C:\xampp\htdocs\proyectosistema\system\CodeIgniter.php(934): App\Controllers\Cotizacion->generarExcel('none', 'none', 'none', 'none', 'none', 'none', 'none', 'none', 'none', 'none')
#8 C:\xampp\htdocs\proyectosistema\system\CodeIgniter.php(499): CodeIgniter\CodeIgniter->runController(Object(App\Controllers\Cotizacion))
#9 C:\xampp\htdocs\proyectosistema\system\CodeIgniter.php(368): CodeIgniter\CodeIgniter->handleRequest(NULL, Object(Config\Cache), false)
#10 C:\xampp\htdocs\proyectosistema\index.php(67): CodeIgniter\CodeIgniter->run()
#11 {main}
CRITICAL - 2023-08-13 04:47:55 --> Unknown column 'cotizaciones.id_per_prov' in 'on clause'
in SYSTEMPATH\Database\MySQLi\Connection.php on line 295.
 1 SYSTEMPATH\Database\MySQLi\Connection.php(295): mysqli->query('SELECT `cotizaciones`.*, `personas`.`nombres` as `persona`
FROM `cotizaciones`
LEFT JOIN `personas` ON `personas`.`id` = `cotizaciones`.`id_per_prov`
ORDER BY `cotizaciones`.`id` DESC', 0)
 2 SYSTEMPATH\Database\BaseConnection.php(691): CodeIgniter\Database\MySQLi\Connection->execute('SELECT `cotizaciones`.*, `personas`.`nombres` as `persona`
FROM `cotizaciones`
LEFT JOIN `personas` ON `personas`.`id` = `cotizaciones`.`id_per_prov`
ORDER BY `cotizaciones`.`id` DESC')
 3 SYSTEMPATH\Database\BaseConnection.php(605): CodeIgniter\Database\BaseConnection->simpleQuery('SELECT `cotizaciones`.*, `personas`.`nombres` as `persona`
FROM `cotizaciones`
LEFT JOIN `personas` ON `personas`.`id` = `cotizaciones`.`id_per_prov`
ORDER BY `cotizaciones`.`id` DESC')
 4 SYSTEMPATH\Database\BaseBuilder.php(1616): CodeIgniter\Database\BaseConnection->query('SELECT `cotizaciones`.*, `personas`.`nombres` as `persona`
FROM `cotizaciones`
LEFT JOIN `personas` ON `personas`.`id` = `cotizaciones`.`id_per_prov`
ORDER BY `cotizaciones`.`id` DESC', [], false)
 5 SYSTEMPATH\Model.php(241): CodeIgniter\Database\BaseBuilder->get()
 6 SYSTEMPATH\BaseModel.php(618): CodeIgniter\Model->doFindAll(0, 0)
 7 APPPATH\Controllers\Cotizacion.php(586): CodeIgniter\BaseModel->findAll()
 8 SYSTEMPATH\CodeIgniter.php(934): App\Controllers\Cotizacion->generarExcel('none', 'none', 'none', 'none', 'none', 'none', 'none', 'none', 'none', 'none')
 9 SYSTEMPATH\CodeIgniter.php(499): CodeIgniter\CodeIgniter->runController(Object(App\Controllers\Cotizacion))
10 SYSTEMPATH\CodeIgniter.php(368): CodeIgniter\CodeIgniter->handleRequest(null, Object(Config\Cache), false)
11 FCPATH\index.php(67): CodeIgniter\CodeIgniter->run()
CRITICAL - 2023-08-13 04:48:16 --> Class "App\Controllers\Spreadsheet" not found
in APPPATH\Controllers\Cotizacion.php on line 590.
 1 SYSTEMPATH\CodeIgniter.php(934): App\Controllers\Cotizacion->generarExcel('none', 'none', 'none', 'none', 'none', 'none', 'none', 'none', 'none', 'none')
 2 SYSTEMPATH\CodeIgniter.php(499): CodeIgniter\CodeIgniter->runController(Object(App\Controllers\Cotizacion))
 3 SYSTEMPATH\CodeIgniter.php(368): CodeIgniter\CodeIgniter->handleRequest(null, Object(Config\Cache), false)
 4 FCPATH\index.php(67): CodeIgniter\CodeIgniter->run()
CRITICAL - 2023-08-13 04:49:30 --> Call to a member function select() on null
in APPPATH\Controllers\Cotizacion.php on line 583.
 1 SYSTEMPATH\CodeIgniter.php(934): App\Controllers\Cotizacion->generarExcel('none', 'none', 'none', 'none', 'none', 'none', 'none', 'none', 'none', 'none')
 2 SYSTEMPATH\CodeIgniter.php(499): CodeIgniter\CodeIgniter->runController(Object(App\Controllers\Cotizacion))
 3 SYSTEMPATH\CodeIgniter.php(368): CodeIgniter\CodeIgniter->handleRequest(null, Object(Config\Cache), false)
 4 FCPATH\index.php(67): CodeIgniter\CodeIgniter->run()
CRITICAL - 2023-08-13 04:49:49 --> Class "App\Controllers\Spreadsheet" not found
in APPPATH\Controllers\Cotizacion.php on line 590.
 1 SYSTEMPATH\CodeIgniter.php(934): App\Controllers\Cotizacion->generarExcel('none', 'none', 'none', 'none', 'none', 'none', 'none', 'none', 'none', 'none')
 2 SYSTEMPATH\CodeIgniter.php(499): CodeIgniter\CodeIgniter->runController(Object(App\Controllers\Cotizacion))
 3 SYSTEMPATH\CodeIgniter.php(368): CodeIgniter\CodeIgniter->handleRequest(null, Object(Config\Cache), false)
 4 FCPATH\index.php(67): CodeIgniter\CodeIgniter->run()
CRITICAL - 2023-08-13 04:50:10 --> Undefined array key "compras"
in APPPATH\Controllers\Cotizacion.php on line 625.
 1 APPPATH\Controllers\Cotizacion.php(625): CodeIgniter\Debug\Exceptions->errorHandler(2, 'Undefined array key "compras"', 'C:\\xampp\\htdocs\\proyectosistema\\app\\Controllers\\Cotizacion.php', 625)
 2 SYSTEMPATH\CodeIgniter.php(934): App\Controllers\Cotizacion->generarExcel('none', 'none', 'none', 'none', 'none', 'none', 'none', 'none', 'none', 'none')
 3 SYSTEMPATH\CodeIgniter.php(499): CodeIgniter\CodeIgniter->runController(Object(App\Controllers\Cotizacion))
 4 SYSTEMPATH\CodeIgniter.php(368): CodeIgniter\CodeIgniter->handleRequest(null, Object(Config\Cache), false)
 5 FCPATH\index.php(67): CodeIgniter\CodeIgniter->run()
CRITICAL - 2023-08-13 04:59:10 --> Undefined array key "compras"
in APPPATH\Controllers\Cotizacion.php on line 625.
 1 APPPATH\Controllers\Cotizacion.php(625): CodeIgniter\Debug\Exceptions->errorHandler(2, 'Undefined array key "compras"', 'C:\\xampp\\htdocs\\proyectosistema\\app\\Controllers\\Cotizacion.php', 625)
 2 SYSTEMPATH\CodeIgniter.php(934): App\Controllers\Cotizacion->generarExcel('none', 'none', 'none', 'none', 'none', 'none', 'none', 'none', 'none', 'none')
 3 SYSTEMPATH\CodeIgniter.php(499): CodeIgniter\CodeIgniter->runController(Object(App\Controllers\Cotizacion))
 4 SYSTEMPATH\CodeIgniter.php(368): CodeIgniter\CodeIgniter->handleRequest(null, Object(Config\Cache), false)
 5 FCPATH\index.php(67): CodeIgniter\CodeIgniter->run()
CRITICAL - 2023-08-13 04:59:38 --> Trying to access array offset on value of type null
in APPPATH\Controllers\Cotizacion.php on line 626.
 1 APPPATH\Controllers\Cotizacion.php(626): CodeIgniter\Debug\Exceptions->errorHandler(2, 'Trying to access array offset on value of type null', 'C:\\xampp\\htdocs\\proyectosistema\\app\\Controllers\\Cotizacion.php', 626)
 2 SYSTEMPATH\CodeIgniter.php(934): App\Controllers\Cotizacion->generarExcel('none', 'none', 'none', 'none', 'none', 'none', 'none', 'none', 'none', 'none')
 3 SYSTEMPATH\CodeIgniter.php(499): CodeIgniter\CodeIgniter->runController(Object(App\Controllers\Cotizacion))
 4 SYSTEMPATH\CodeIgniter.php(368): CodeIgniter\CodeIgniter->handleRequest(null, Object(Config\Cache), false)
 5 FCPATH\index.php(67): CodeIgniter\CodeIgniter->run()
CRITICAL - 2023-08-13 04:59:47 --> Trying to access array offset on value of type null
in APPPATH\Controllers\Cotizacion.php on line 626.
 1 APPPATH\Controllers\Cotizacion.php(626): CodeIgniter\Debug\Exceptions->errorHandler(2, 'Trying to access array offset on value of type null', 'C:\\xampp\\htdocs\\proyectosistema\\app\\Controllers\\Cotizacion.php', 626)
 2 SYSTEMPATH\CodeIgniter.php(934): App\Controllers\Cotizacion->generarExcel('none', 'none', 'none', 'none', 'none', 'none', 'none', 'none', 'none', 'none')
 3 SYSTEMPATH\CodeIgniter.php(499): CodeIgniter\CodeIgniter->runController(Object(App\Controllers\Cotizacion))
 4 SYSTEMPATH\CodeIgniter.php(368): CodeIgniter\CodeIgniter->handleRequest(null, Object(Config\Cache), false)
 5 FCPATH\index.php(67): CodeIgniter\CodeIgniter->run()
CRITICAL - 2023-08-13 05:00:08 --> Trying to access array offset on value of type null
in APPPATH\Controllers\Cotizacion.php on line 626.
 1 APPPATH\Controllers\Cotizacion.php(626): CodeIgniter\Debug\Exceptions->errorHandler(2, 'Trying to access array offset on value of type null', 'C:\\xampp\\htdocs\\proyectosistema\\app\\Controllers\\Cotizacion.php', 626)
 2 SYSTEMPATH\CodeIgniter.php(934): App\Controllers\Cotizacion->generarExcel('none', 'none', 'none', 'none', 'none', 'none', 'none', 'none', 'none', 'none')
 3 SYSTEMPATH\CodeIgniter.php(499): CodeIgniter\CodeIgniter->runController(Object(App\Controllers\Cotizacion))
 4 SYSTEMPATH\CodeIgniter.php(368): CodeIgniter\CodeIgniter->handleRequest(null, Object(Config\Cache), false)
 5 FCPATH\index.php(67): CodeIgniter\CodeIgniter->run()
CRITICAL - 2023-08-13 05:01:25 --> Trying to access array offset on value of type null
in APPPATH\Controllers\Cotizacion.php on line 626.
 1 APPPATH\Controllers\Cotizacion.php(626): CodeIgniter\Debug\Exceptions->errorHandler(2, 'Trying to access array offset on value of type null', 'C:\\xampp\\htdocs\\proyectosistema\\app\\Controllers\\Cotizacion.php', 626)
 2 SYSTEMPATH\CodeIgniter.php(934): App\Controllers\Cotizacion->generarExcel('none', 'none', 'none', 'none', 'none', 'none', 'none', 'none', 'none', 'none')
 3 SYSTEMPATH\CodeIgniter.php(499): CodeIgniter\CodeIgniter->runController(Object(App\Controllers\Cotizacion))
 4 SYSTEMPATH\CodeIgniter.php(368): CodeIgniter\CodeIgniter->handleRequest(null, Object(Config\Cache), false)
 5 FCPATH\index.php(67): CodeIgniter\CodeIgniter->run()
CRITICAL - 2023-08-13 05:01:29 --> Trying to access array offset on value of type null
in APPPATH\Controllers\Cotizacion.php on line 626.
 1 APPPATH\Controllers\Cotizacion.php(626): CodeIgniter\Debug\Exceptions->errorHandler(2, 'Trying to access array offset on value of type null', 'C:\\xampp\\htdocs\\proyectosistema\\app\\Controllers\\Cotizacion.php', 626)
 2 SYSTEMPATH\CodeIgniter.php(934): App\Controllers\Cotizacion->generarExcel('none', 'none', 'none', 'none', 'none', 'none', 'none', 'none', 'none', 'none')
 3 SYSTEMPATH\CodeIgniter.php(499): CodeIgniter\CodeIgniter->runController(Object(App\Controllers\Cotizacion))
 4 SYSTEMPATH\CodeIgniter.php(368): CodeIgniter\CodeIgniter->handleRequest(null, Object(Config\Cache), false)
 5 FCPATH\index.php(67): CodeIgniter\CodeIgniter->run()
CRITICAL - 2023-08-13 05:01:51 --> Trying to access array offset on value of type null
in APPPATH\Controllers\Cotizacion.php on line 626.
 1 APPPATH\Controllers\Cotizacion.php(626): CodeIgniter\Debug\Exceptions->errorHandler(2, 'Trying to access array offset on value of type null', 'C:\\xampp\\htdocs\\proyectosistema\\app\\Controllers\\Cotizacion.php', 626)
 2 SYSTEMPATH\CodeIgniter.php(934): App\Controllers\Cotizacion->generarExcel('none', 'none', 'none', 'none', 'none', 'none', 'none', 'none', 'none', 'none')
 3 SYSTEMPATH\CodeIgniter.php(499): CodeIgniter\CodeIgniter->runController(Object(App\Controllers\Cotizacion))
 4 SYSTEMPATH\CodeIgniter.php(368): CodeIgniter\CodeIgniter->handleRequest(null, Object(Config\Cache), false)
 5 FCPATH\index.php(67): CodeIgniter\CodeIgniter->run()
CRITICAL - 2023-08-13 05:02:09 --> Trying to access array offset on value of type null
in APPPATH\Controllers\Cotizacion.php on line 626.
 1 APPPATH\Controllers\Cotizacion.php(626): CodeIgniter\Debug\Exceptions->errorHandler(2, 'Trying to access array offset on value of type null', 'C:\\xampp\\htdocs\\proyectosistema\\app\\Controllers\\Cotizacion.php', 626)
 2 SYSTEMPATH\CodeIgniter.php(934): App\Controllers\Cotizacion->generarExcel('none', 'none', 'none', 'none', 'none', 'none', 'none', 'none', 'none', 'none')
 3 SYSTEMPATH\CodeIgniter.php(499): CodeIgniter\CodeIgniter->runController(Object(App\Controllers\Cotizacion))
 4 SYSTEMPATH\CodeIgniter.php(368): CodeIgniter\CodeIgniter->handleRequest(null, Object(Config\Cache), false)
 5 FCPATH\index.php(67): CodeIgniter\CodeIgniter->run()
CRITICAL - 2023-08-13 05:02:31 --> Trying to access array offset on value of type null
in APPPATH\Controllers\Cotizacion.php on line 626.
 1 APPPATH\Controllers\Cotizacion.php(626): CodeIgniter\Debug\Exceptions->errorHandler(2, 'Trying to access array offset on value of type null', 'C:\\xampp\\htdocs\\proyectosistema\\app\\Controllers\\Cotizacion.php', 626)
 2 SYSTEMPATH\CodeIgniter.php(934): App\Controllers\Cotizacion->generarExcel('none', 'none', 'none', 'none', 'none', 'none', 'none', 'none', 'none', 'none')
 3 SYSTEMPATH\CodeIgniter.php(499): CodeIgniter\CodeIgniter->runController(Object(App\Controllers\Cotizacion))
 4 SYSTEMPATH\CodeIgniter.php(368): CodeIgniter\CodeIgniter->handleRequest(null, Object(Config\Cache), false)
 5 FCPATH\index.php(67): CodeIgniter\CodeIgniter->run()
CRITICAL - 2023-08-13 05:03:44 --> syntax error, unexpected token "}"
in APPPATH\Controllers\Cotizacion.php on line 590.
 1 SYSTEMPATH\Autoloader\Autoloader.php(289): CodeIgniter\Autoloader\Autoloader->includeFile('C:\\xampp\\htdocs\\proyectosistema\\app\\Controllers\\Cotizacion.php')
 2 SYSTEMPATH\Autoloader\Autoloader.php(267): CodeIgniter\Autoloader\Autoloader->loadInNamespace('App\\Controllers\\Cotizacion')
 3 [internal function]: CodeIgniter\Autoloader\Autoloader->loadClass('App\\Controllers\\Cotizacion')
 4 SYSTEMPATH\CodeIgniter.php(892): class_exists('\\App\\Controllers\\Cotizacion', true)
 5 SYSTEMPATH\CodeIgniter.php(486): CodeIgniter\CodeIgniter->startController()
 6 SYSTEMPATH\CodeIgniter.php(368): CodeIgniter\CodeIgniter->handleRequest(null, Object(Config\Cache), false)
 7 FCPATH\index.php(67): CodeIgniter\CodeIgniter->run()
CRITICAL - 2023-08-13 05:03:51 --> Trying to access array offset on value of type null
in APPPATH\Controllers\Cotizacion.php on line 627.
 1 APPPATH\Controllers\Cotizacion.php(627): CodeIgniter\Debug\Exceptions->errorHandler(2, 'Trying to access array offset on value of type null', 'C:\\xampp\\htdocs\\proyectosistema\\app\\Controllers\\Cotizacion.php', 627)
 2 SYSTEMPATH\CodeIgniter.php(934): App\Controllers\Cotizacion->generarExcel('none', 'none', 'none', 'none', 'none', 'none', 'none', 'none', 'none', 'none')
 3 SYSTEMPATH\CodeIgniter.php(499): CodeIgniter\CodeIgniter->runController(Object(App\Controllers\Cotizacion))
 4 SYSTEMPATH\CodeIgniter.php(368): CodeIgniter\CodeIgniter->handleRequest(null, Object(Config\Cache), false)
 5 FCPATH\index.php(67): CodeIgniter\CodeIgniter->run()
CRITICAL - 2023-08-13 05:03:55 --> Trying to access array offset on value of type null
in APPPATH\Controllers\Cotizacion.php on line 627.
 1 APPPATH\Controllers\Cotizacion.php(627): CodeIgniter\Debug\Exceptions->errorHandler(2, 'Trying to access array offset on value of type null', 'C:\\xampp\\htdocs\\proyectosistema\\app\\Controllers\\Cotizacion.php', 627)
 2 SYSTEMPATH\CodeIgniter.php(934): App\Controllers\Cotizacion->generarExcel('none', 'none', 'none', 'none', 'none', 'none', 'none', 'none', 'none', 'none')
 3 SYSTEMPATH\CodeIgniter.php(499): CodeIgniter\CodeIgniter->runController(Object(App\Controllers\Cotizacion))
 4 SYSTEMPATH\CodeIgniter.php(368): CodeIgniter\CodeIgniter->handleRequest(null, Object(Config\Cache), false)
 5 FCPATH\index.php(67): CodeIgniter\CodeIgniter->run()
CRITICAL - 2023-08-13 05:04:19 --> syntax error, unexpected variable "$row"
in APPPATH\Controllers\Cotizacion.php on line 629.
 1 SYSTEMPATH\Autoloader\Autoloader.php(289): CodeIgniter\Autoloader\Autoloader->includeFile('C:\\xampp\\htdocs\\proyectosistema\\app\\Controllers\\Cotizacion.php')
 2 SYSTEMPATH\Autoloader\Autoloader.php(267): CodeIgniter\Autoloader\Autoloader->loadInNamespace('App\\Controllers\\Cotizacion')
 3 [internal function]: CodeIgniter\Autoloader\Autoloader->loadClass('App\\Controllers\\Cotizacion')
 4 SYSTEMPATH\CodeIgniter.php(892): class_exists('\\App\\Controllers\\Cotizacion', true)
 5 SYSTEMPATH\CodeIgniter.php(486): CodeIgniter\CodeIgniter->startController()
 6 SYSTEMPATH\CodeIgniter.php(368): CodeIgniter\CodeIgniter->handleRequest(null, Object(Config\Cache), false)
 7 FCPATH\index.php(67): CodeIgniter\CodeIgniter->run()
CRITICAL - 2023-08-13 05:05:23 --> Trying to access array offset on value of type null
in APPPATH\Controllers\Cotizacion.php on line 627.
 1 APPPATH\Controllers\Cotizacion.php(627): CodeIgniter\Debug\Exceptions->errorHandler(2, 'Trying to access array offset on value of type null', 'C:\\xampp\\htdocs\\proyectosistema\\app\\Controllers\\Cotizacion.php', 627)
 2 SYSTEMPATH\CodeIgniter.php(934): App\Controllers\Cotizacion->generarExcel('none', 'none', 'none', 'none', 'none', 'none', 'none', 'none', 'none', 'none')
 3 SYSTEMPATH\CodeIgniter.php(499): CodeIgniter\CodeIgniter->runController(Object(App\Controllers\Cotizacion))
 4 SYSTEMPATH\CodeIgniter.php(368): CodeIgniter\CodeIgniter->handleRequest(null, Object(Config\Cache), false)
 5 FCPATH\index.php(67): CodeIgniter\CodeIgniter->run()
CRITICAL - 2023-08-13 05:05:45 --> Trying to access array offset on value of type null
in APPPATH\Controllers\Cotizacion.php on line 627.
 1 APPPATH\Controllers\Cotizacion.php(627): CodeIgniter\Debug\Exceptions->errorHandler(2, 'Trying to access array offset on value of type null', 'C:\\xampp\\htdocs\\proyectosistema\\app\\Controllers\\Cotizacion.php', 627)
 2 SYSTEMPATH\CodeIgniter.php(934): App\Controllers\Cotizacion->generarExcel('none', 'none', 'none', 'none', 'none', 'none', 'none', 'none', 'none', 'none')
 3 SYSTEMPATH\CodeIgniter.php(499): CodeIgniter\CodeIgniter->runController(Object(App\Controllers\Cotizacion))
 4 SYSTEMPATH\CodeIgniter.php(368): CodeIgniter\CodeIgniter->handleRequest(null, Object(Config\Cache), false)
 5 FCPATH\index.php(67): CodeIgniter\CodeIgniter->run()
CRITICAL - 2023-08-13 05:05:57 --> Trying to access array offset on value of type null
in APPPATH\Controllers\Cotizacion.php on line 627.
 1 APPPATH\Controllers\Cotizacion.php(627): CodeIgniter\Debug\Exceptions->errorHandler(2, 'Trying to access array offset on value of type null', 'C:\\xampp\\htdocs\\proyectosistema\\app\\Controllers\\Cotizacion.php', 627)
 2 SYSTEMPATH\CodeIgniter.php(934): App\Controllers\Cotizacion->generarExcel('none', 'none', 'none', 'none', 'none', 'none', 'none', 'none', 'none', 'none')
 3 SYSTEMPATH\CodeIgniter.php(499): CodeIgniter\CodeIgniter->runController(Object(App\Controllers\Cotizacion))
 4 SYSTEMPATH\CodeIgniter.php(368): CodeIgniter\CodeIgniter->handleRequest(null, Object(Config\Cache), false)
 5 FCPATH\index.php(67): CodeIgniter\CodeIgniter->run()
CRITICAL - 2023-08-13 05:06:15 --> Trying to access array offset on value of type null
in APPPATH\Controllers\Cotizacion.php on line 627.
 1 APPPATH\Controllers\Cotizacion.php(627): CodeIgniter\Debug\Exceptions->errorHandler(2, 'Trying to access array offset on value of type null', 'C:\\xampp\\htdocs\\proyectosistema\\app\\Controllers\\Cotizacion.php', 627)
 2 SYSTEMPATH\CodeIgniter.php(934): App\Controllers\Cotizacion->generarExcel('none', 'none', 'none', 'none', 'none', 'none', 'none', 'none', 'none', 'none')
 3 SYSTEMPATH\CodeIgniter.php(499): CodeIgniter\CodeIgniter->runController(Object(App\Controllers\Cotizacion))
 4 SYSTEMPATH\CodeIgniter.php(368): CodeIgniter\CodeIgniter->handleRequest(null, Object(Config\Cache), false)
 5 FCPATH\index.php(67): CodeIgniter\CodeIgniter->run()
CRITICAL - 2023-08-13 05:08:06 --> Trying to access array offset on value of type null
in APPPATH\Controllers\Cotizacion.php on line 627.
 1 APPPATH\Controllers\Cotizacion.php(627): CodeIgniter\Debug\Exceptions->errorHandler(2, 'Trying to access array offset on value of type null', 'C:\\xampp\\htdocs\\proyectosistema\\app\\Controllers\\Cotizacion.php', 627)
 2 SYSTEMPATH\CodeIgniter.php(934): App\Controllers\Cotizacion->generarExcel('none', 'none', 'none', 'none', 'none', 'none', 'none', 'none', 'none', 'none')
 3 SYSTEMPATH\CodeIgniter.php(499): CodeIgniter\CodeIgniter->runController(Object(App\Controllers\Cotizacion))
 4 SYSTEMPATH\CodeIgniter.php(368): CodeIgniter\CodeIgniter->handleRequest(null, Object(Config\Cache), false)
 5 FCPATH\index.php(67): CodeIgniter\CodeIgniter->run()
CRITICAL - 2023-08-13 05:08:57 --> Undefined array key "autorizacion_fact"
in APPPATH\Controllers\Cotizacion.php on line 631.
 1 APPPATH\Controllers\Cotizacion.php(631): CodeIgniter\Debug\Exceptions->errorHandler(2, 'Undefined array key "autorizacion_fact"', 'C:\\xampp\\htdocs\\proyectosistema\\app\\Controllers\\Cotizacion.php', 631)
 2 SYSTEMPATH\CodeIgniter.php(934): App\Controllers\Cotizacion->generarExcel('none', 'none', 'none', 'none', 'none', 'none', 'none', 'none', 'none', 'none')
 3 SYSTEMPATH\CodeIgniter.php(499): CodeIgniter\CodeIgniter->runController(Object(App\Controllers\Cotizacion))
 4 SYSTEMPATH\CodeIgniter.php(368): CodeIgniter\CodeIgniter->handleRequest(null, Object(Config\Cache), false)
 5 FCPATH\index.php(67): CodeIgniter\CodeIgniter->run()
CRITICAL - 2023-08-13 05:09:18 --> Undefined array key "cliente"
in APPPATH\Controllers\Cotizacion.php on line 631.
 1 APPPATH\Controllers\Cotizacion.php(631): CodeIgniter\Debug\Exceptions->errorHandler(2, 'Undefined array key "cliente"', 'C:\\xampp\\htdocs\\proyectosistema\\app\\Controllers\\Cotizacion.php', 631)
 2 SYSTEMPATH\CodeIgniter.php(934): App\Controllers\Cotizacion->generarExcel('none', 'none', 'none', 'none', 'none', 'none', 'none', 'none', 'none', 'none')
 3 SYSTEMPATH\CodeIgniter.php(499): CodeIgniter\CodeIgniter->runController(Object(App\Controllers\Cotizacion))
 4 SYSTEMPATH\CodeIgniter.php(368): CodeIgniter\CodeIgniter->handleRequest(null, Object(Config\Cache), false)
 5 FCPATH\index.php(67): CodeIgniter\CodeIgniter->run()
CRITICAL - 2023-08-13 05:09:35 --> Undefined array key "subtotal_compra"
in APPPATH\Controllers\Cotizacion.php on line 634.
 1 APPPATH\Controllers\Cotizacion.php(634): CodeIgniter\Debug\Exceptions->errorHandler(2, 'Undefined array key "subtotal_compra"', 'C:\\xampp\\htdocs\\proyectosistema\\app\\Controllers\\Cotizacion.php', 634)
 2 SYSTEMPATH\CodeIgniter.php(934): App\Controllers\Cotizacion->generarExcel('none', 'none', 'none', 'none', 'none', 'none', 'none', 'none', 'none', 'none')
 3 SYSTEMPATH\CodeIgniter.php(499): CodeIgniter\CodeIgniter->runController(Object(App\Controllers\Cotizacion))
 4 SYSTEMPATH\CodeIgniter.php(368): CodeIgniter\CodeIgniter->handleRequest(null, Object(Config\Cache), false)
 5 FCPATH\index.php(67): CodeIgniter\CodeIgniter->run()
CRITICAL - 2023-08-13 05:10:24 --> Undefined variable $compra
in APPPATH\Controllers\Cotizacion.php on line 641.
 1 APPPATH\Controllers\Cotizacion.php(641): CodeIgniter\Debug\Exceptions->errorHandler(2, 'Undefined variable $compra', 'C:\\xampp\\htdocs\\proyectosistema\\app\\Controllers\\Cotizacion.php', 641)
 2 SYSTEMPATH\CodeIgniter.php(934): App\Controllers\Cotizacion->generarExcel('none', 'none', 'none', 'none', 'none', 'none', 'none', 'none', 'none', 'none')
 3 SYSTEMPATH\CodeIgniter.php(499): CodeIgniter\CodeIgniter->runController(Object(App\Controllers\Cotizacion))
 4 SYSTEMPATH\CodeIgniter.php(368): CodeIgniter\CodeIgniter->handleRequest(null, Object(Config\Cache), false)
 5 FCPATH\index.php(67): CodeIgniter\CodeIgniter->run()
CRITICAL - 2023-08-13 16:28:01 --> Undefined array key "valor_compra"
in APPPATH\Controllers\Cobro.php on line 706.
 1 APPPATH\Controllers\Cobro.php(706): CodeIgniter\Debug\Exceptions->errorHandler(2, 'Undefined array key "valor_compra"', 'C:\\xampp\\htdocs\\proyectosistema\\app\\Controllers\\Cobro.php', 706)
 2 SYSTEMPATH\CodeIgniter.php(934): App\Controllers\Cobro->generarExcel('none', 'none', 'none', 'none', 'none', 'none', 'none', 'none')
 3 SYSTEMPATH\CodeIgniter.php(499): CodeIgniter\CodeIgniter->runController(Object(App\Controllers\Cobro))
 4 SYSTEMPATH\CodeIgniter.php(368): CodeIgniter\CodeIgniter->handleRequest(null, Object(Config\Cache), false)
 5 FCPATH\index.php(67): CodeIgniter\CodeIgniter->run()
CRITICAL - 2023-08-13 16:32:27 --> Undefined array key "valor_compra"
in APPPATH\Controllers\Cobro.php on line 707.
 1 APPPATH\Controllers\Cobro.php(707): CodeIgniter\Debug\Exceptions->errorHandler(2, 'Undefined array key "valor_compra"', 'C:\\xampp\\htdocs\\proyectosistema\\app\\Controllers\\Cobro.php', 707)
 2 SYSTEMPATH\CodeIgniter.php(934): App\Controllers\Cobro->generarExcel('none', 'none', 'none', 'none', 'none', 'none', 'none', 'none')
 3 SYSTEMPATH\CodeIgniter.php(499): CodeIgniter\CodeIgniter->runController(Object(App\Controllers\Cobro))
 4 SYSTEMPATH\CodeIgniter.php(368): CodeIgniter\CodeIgniter->handleRequest(null, Object(Config\Cache), false)
 5 FCPATH\index.php(67): CodeIgniter\CodeIgniter->run()
CRITICAL - 2023-08-13 16:33:03 --> Undefined array key "compra"
in APPPATH\Controllers\Cobro.php on line 706.
 1 APPPATH\Controllers\Cobro.php(706): CodeIgniter\Debug\Exceptions->errorHandler(2, 'Undefined array key "compra"', 'C:\\xampp\\htdocs\\proyectosistema\\app\\Controllers\\Cobro.php', 706)
 2 SYSTEMPATH\CodeIgniter.php(934): App\Controllers\Cobro->generarExcel('none', 'none', 'none', 'none', 'none', 'none', 'none', 'none')
 3 SYSTEMPATH\CodeIgniter.php(499): CodeIgniter\CodeIgniter->runController(Object(App\Controllers\Cobro))
 4 SYSTEMPATH\CodeIgniter.php(368): CodeIgniter\CodeIgniter->handleRequest(null, Object(Config\Cache), false)
 5 FCPATH\index.php(67): CodeIgniter\CodeIgniter->run()
CRITICAL - 2023-08-13 16:33:09 --> Undefined array key "cotizacions"
in APPPATH\Controllers\Cobro.php on line 706.
 1 APPPATH\Controllers\Cobro.php(706): CodeIgniter\Debug\Exceptions->errorHandler(2, 'Undefined array key "cotizacions"', 'C:\\xampp\\htdocs\\proyectosistema\\app\\Controllers\\Cobro.php', 706)
 2 SYSTEMPATH\CodeIgniter.php(934): App\Controllers\Cobro->generarExcel('none', 'none', 'none', 'none', 'none', 'none', 'none', 'none')
 3 SYSTEMPATH\CodeIgniter.php(499): CodeIgniter\CodeIgniter->runController(Object(App\Controllers\Cobro))
 4 SYSTEMPATH\CodeIgniter.php(368): CodeIgniter\CodeIgniter->handleRequest(null, Object(Config\Cache), false)
 5 FCPATH\index.php(67): CodeIgniter\CodeIgniter->run()
CRITICAL - 2023-08-13 16:33:12 --> Undefined array key "valor_compra"
in APPPATH\Controllers\Cobro.php on line 707.
 1 APPPATH\Controllers\Cobro.php(707): CodeIgniter\Debug\Exceptions->errorHandler(2, 'Undefined array key "valor_compra"', 'C:\\xampp\\htdocs\\proyectosistema\\app\\Controllers\\Cobro.php', 707)
 2 SYSTEMPATH\CodeIgniter.php(934): App\Controllers\Cobro->generarExcel('none', 'none', 'none', 'none', 'none', 'none', 'none', 'none')
 3 SYSTEMPATH\CodeIgniter.php(499): CodeIgniter\CodeIgniter->runController(Object(App\Controllers\Cobro))
 4 SYSTEMPATH\CodeIgniter.php(368): CodeIgniter\CodeIgniter->handleRequest(null, Object(Config\Cache), false)
 5 FCPATH\index.php(67): CodeIgniter\CodeIgniter->run()
