CRITICAL - 2023-07-23 02:01:51 --> Undefined variable $rol_usuario
in APPPATH\Config\Routes.php on line 104.
 1 APPPATH\Config\Routes.php(104): CodeIgniter\Debug\Exceptions->errorHandler(2, 'Undefined variable $rol_usuario', 'C:\\xampp\\htdocs\\proyectosistema\\app\\Config\\Routes.php', 104)
 2 SYSTEMPATH\Router\RouteCollection.php(267): require('C:\\xampp\\htdocs\\proyectosistema\\app\\Config\\Routes.php')
 3 SYSTEMPATH\CodeIgniter.php(802): CodeIgniter\Router\RouteCollection->loadRoutes()
 4 SYSTEMPATH\CodeIgniter.php(449): CodeIgniter\CodeIgniter->tryToRouteIt(null)
 5 SYSTEMPATH\CodeIgniter.php(368): CodeIgniter\CodeIgniter->handleRequest(null, Object(Config\Cache), false)
 6 FCPATH\index.php(67): CodeIgniter\CodeIgniter->run()
CRITICAL - 2023-07-23 02:01:58 --> Undefined variable $rol_usuario
in APPPATH\Config\Routes.php on line 104.
 1 APPPATH\Config\Routes.php(104): CodeIgniter\Debug\Exceptions->errorHandler(2, 'Undefined variable $rol_usuario', 'C:\\xampp\\htdocs\\proyectosistema\\app\\Config\\Routes.php', 104)
 2 SYSTEMPATH\Router\RouteCollection.php(267): require('C:\\xampp\\htdocs\\proyectosistema\\app\\Config\\Routes.php')
 3 SYSTEMPATH\CodeIgniter.php(802): CodeIgniter\Router\RouteCollection->loadRoutes()
 4 SYSTEMPATH\CodeIgniter.php(449): CodeIgniter\CodeIgniter->tryToRouteIt(null)
 5 SYSTEMPATH\CodeIgniter.php(368): CodeIgniter\CodeIgniter->handleRequest(null, Object(Config\Cache), false)
 6 FCPATH\index.php(67): CodeIgniter\CodeIgniter->run()
CRITICAL - 2023-07-23 02:02:10 --> Undefined variable $rol_usuario
in APPPATH\Config\Routes.php on line 104.
 1 APPPATH\Config\Routes.php(104): CodeIgniter\Debug\Exceptions->errorHandler(2, 'Undefined variable $rol_usuario', 'C:\\xampp\\htdocs\\proyectosistema\\app\\Config\\Routes.php', 104)
 2 SYSTEMPATH\Router\RouteCollection.php(267): require('C:\\xampp\\htdocs\\proyectosistema\\app\\Config\\Routes.php')
 3 SYSTEMPATH\CodeIgniter.php(802): CodeIgniter\Router\RouteCollection->loadRoutes()
 4 SYSTEMPATH\CodeIgniter.php(449): CodeIgniter\CodeIgniter->tryToRouteIt(null)
 5 SYSTEMPATH\CodeIgniter.php(368): CodeIgniter\CodeIgniter->handleRequest(null, Object(Config\Cache), false)
 6 FCPATH\index.php(67): CodeIgniter\CodeIgniter->run()
CRITICAL - 2023-07-23 02:02:14 --> Undefined variable $rol_usuario
in APPPATH\Config\Routes.php on line 104.
 1 APPPATH\Config\Routes.php(104): CodeIgniter\Debug\Exceptions->errorHandler(2, 'Undefined variable $rol_usuario', 'C:\\xampp\\htdocs\\proyectosistema\\app\\Config\\Routes.php', 104)
 2 SYSTEMPATH\Router\RouteCollection.php(267): require('C:\\xampp\\htdocs\\proyectosistema\\app\\Config\\Routes.php')
 3 SYSTEMPATH\CodeIgniter.php(802): CodeIgniter\Router\RouteCollection->loadRoutes()
 4 SYSTEMPATH\CodeIgniter.php(449): CodeIgniter\CodeIgniter->tryToRouteIt(null)
 5 SYSTEMPATH\CodeIgniter.php(368): CodeIgniter\CodeIgniter->handleRequest(null, Object(Config\Cache), false)
 6 FCPATH\index.php(67): CodeIgniter\CodeIgniter->run()
CRITICAL - 2023-07-23 02:34:50 --> Invalid file: "dashboard.index"
in SYSTEMPATH\Exceptions\FrameworkException.php on line 33.
 1 SYSTEMPATH\View\View.php(201): CodeIgniter\Exceptions\FrameworkException::forInvalidFile('dashboard.index')
 2 SYSTEMPATH\Common.php(1184): CodeIgniter\View\View->render('dashboard.index', [], true)
 3 APPPATH\Controllers\Dashboard.php(47): view('dashboard.index', [...])
 4 SYSTEMPATH\CodeIgniter.php(934): App\Controllers\Dashboard->index()
 5 SYSTEMPATH\CodeIgniter.php(499): CodeIgniter\CodeIgniter->runController(Object(App\Controllers\Dashboard))
 6 SYSTEMPATH\CodeIgniter.php(368): CodeIgniter\CodeIgniter->handleRequest(null, Object(Config\Cache), false)
 7 FCPATH\index.php(67): CodeIgniter\CodeIgniter->run()
CRITICAL - 2023-07-23 02:34:53 --> Invalid file: "dashboard.index"
in SYSTEMPATH\Exceptions\FrameworkException.php on line 33.
 1 SYSTEMPATH\View\View.php(201): CodeIgniter\Exceptions\FrameworkException::forInvalidFile('dashboard.index')
 2 SYSTEMPATH\Common.php(1184): CodeIgniter\View\View->render('dashboard.index', [], true)
 3 APPPATH\Controllers\Dashboard.php(47): view('dashboard.index', [...])
 4 SYSTEMPATH\CodeIgniter.php(934): App\Controllers\Dashboard->index()
 5 SYSTEMPATH\CodeIgniter.php(499): CodeIgniter\CodeIgniter->runController(Object(App\Controllers\Dashboard))
 6 SYSTEMPATH\CodeIgniter.php(368): CodeIgniter\CodeIgniter->handleRequest(null, Object(Config\Cache), false)
 7 FCPATH\index.php(67): CodeIgniter\CodeIgniter->run()
CRITICAL - 2023-07-23 02:42:09 --> Undefined variable $titulo
in APPPATH\Views\errors\html\error_404.php on line 2.
 1 APPPATH\Views\errors\html\error_404.php(2): CodeIgniter\Debug\Exceptions->errorHandler(2, 'Undefined variable $titulo', 'C:\\xampp\\htdocs\\proyectosistema\\app\\Views\\errors\\html\\error_404.php', 2)
 2 SYSTEMPATH\View\View.php(213): include('C:\\xampp\\htdocs\\proyectosistema\\app\\Views\\errors\\html\\error_404.php')
 3 SYSTEMPATH\View\View.php(216): CodeIgniter\View\View->CodeIgniter\View\{closure}()
 4 SYSTEMPATH\Common.php(1184): CodeIgniter\View\View->render('errors/html/error_404', [], true)
 5 APPPATH\Controllers\User.php(311): view('errors/html/error_404', [...])
 6 SYSTEMPATH\CodeIgniter.php(934): App\Controllers\User->resetear()
 7 SYSTEMPATH\CodeIgniter.php(499): CodeIgniter\CodeIgniter->runController(Object(App\Controllers\User))
 8 SYSTEMPATH\CodeIgniter.php(368): CodeIgniter\CodeIgniter->handleRequest(null, Object(Config\Cache), false)
 9 FCPATH\index.php(67): CodeIgniter\CodeIgniter->run()
CRITICAL - 2023-07-23 02:42:35 --> Undefined variable $titulo
in APPPATH\Views\errors\html\error_404.php on line 2.
 1 APPPATH\Views\errors\html\error_404.php(2): CodeIgniter\Debug\Exceptions->errorHandler(2, 'Undefined variable $titulo', 'C:\\xampp\\htdocs\\proyectosistema\\app\\Views\\errors\\html\\error_404.php', 2)
 2 SYSTEMPATH\View\View.php(213): include('C:\\xampp\\htdocs\\proyectosistema\\app\\Views\\errors\\html\\error_404.php')
 3 SYSTEMPATH\View\View.php(216): CodeIgniter\View\View->CodeIgniter\View\{closure}()
 4 SYSTEMPATH\Common.php(1184): CodeIgniter\View\View->render('errors/html/error_404', [], true)
 5 APPPATH\Controllers\User.php(311): view('errors/html/error_404', [...])
 6 SYSTEMPATH\CodeIgniter.php(934): App\Controllers\User->resetear()
 7 SYSTEMPATH\CodeIgniter.php(499): CodeIgniter\CodeIgniter->runController(Object(App\Controllers\User))
 8 SYSTEMPATH\CodeIgniter.php(368): CodeIgniter\CodeIgniter->handleRequest(null, Object(Config\Cache), false)
 9 FCPATH\index.php(67): CodeIgniter\CodeIgniter->run()
CRITICAL - 2023-07-23 02:43:05 --> Undefined variable $data
in APPPATH\Controllers\User.php on line 159.
 1 APPPATH\Controllers\User.php(159): CodeIgniter\Debug\Exceptions->errorHandler(2, 'Undefined variable $data', 'C:\\xampp\\htdocs\\proyectosistema\\app\\Controllers\\User.php', 159)
 2 SYSTEMPATH\CodeIgniter.php(934): App\Controllers\User->eliminar('56')
 3 SYSTEMPATH\CodeIgniter.php(499): CodeIgniter\CodeIgniter->runController(Object(App\Controllers\User))
 4 SYSTEMPATH\CodeIgniter.php(368): CodeIgniter\CodeIgniter->handleRequest(null, Object(Config\Cache), false)
 5 FCPATH\index.php(67): CodeIgniter\CodeIgniter->run()
