ERROR - 2023-05-27 14:58:06 --> Error connecting to the database: mysqli_sql_exception: Access denied for user 'dscriptn_root'@'localhost' (using password: YES) in C:\xampp\htdocs\proyectosistema\system\Database\MySQLi\Connection.php:174
Stack trace:
#0 C:\xampp\htdocs\proyectosistema\system\Database\MySQLi\Connection.php(174): mysqli->real_connect('localhost', 'dscriptn_root', 'AkJkSzpj123', 'dscriptn_db_sis...', 3306, '', 0)
#1 C:\xampp\htdocs\proyectosistema\system\Database\BaseConnection.php(391): CodeIgniter\Database\MySQLi\Connection->connect(false)
#2 C:\xampp\htdocs\proyectosistema\system\Database\BaseConnection.php(573): CodeIgniter\Database\BaseConnection->initialize()
#3 C:\xampp\htdocs\proyectosistema\system\Database\BaseBuilder.php(1616): CodeIgniter\Database\BaseConnection->query('SELECT *\nFROM `...', Array, false)
#4 C:\xampp\htdocs\proyectosistema\system\Model.php(840): CodeIgniter\Database\BaseBuilder->get()
#5 C:\xampp\htdocs\proyectosistema\app\Models\Users.php(21): CodeIgniter\Model->__call('get', Array)
#6 C:\xampp\htdocs\proyectosistema\app\Controllers\Login.php(24): App\Models\Users->obtenerUsuario('admin123')
#7 C:\xampp\htdocs\proyectosistema\system\CodeIgniter.php(934): App\Controllers\Login->acceder()
#8 C:\xampp\htdocs\proyectosistema\system\CodeIgniter.php(499): CodeIgniter\CodeIgniter->runController(Object(App\Controllers\Login))
#9 C:\xampp\htdocs\proyectosistema\system\CodeIgniter.php(368): CodeIgniter\CodeIgniter->handleRequest(NULL, Object(Config\Cache), false)
#10 C:\xampp\htdocs\proyectosistema\index.php(67): CodeIgniter\CodeIgniter->run()
#11 {main}

Next CodeIgniter\Database\Exceptions\DatabaseException: Access denied for user '****'@'localhost' (using password: YES) in C:\xampp\htdocs\proyectosistema\system\Database\MySQLi\Connection.php:218
Stack trace:
#0 C:\xampp\htdocs\proyectosistema\system\Database\BaseConnection.php(391): CodeIgniter\Database\MySQLi\Connection->connect(false)
#1 C:\xampp\htdocs\proyectosistema\system\Database\BaseConnection.php(573): CodeIgniter\Database\BaseConnection->initialize()
#2 C:\xampp\htdocs\proyectosistema\system\Database\BaseBuilder.php(1616): CodeIgniter\Database\BaseConnection->query('SELECT *\nFROM `...', Array, false)
#3 C:\xampp\htdocs\proyectosistema\system\Model.php(840): CodeIgniter\Database\BaseBuilder->get()
#4 C:\xampp\htdocs\proyectosistema\app\Models\Users.php(21): CodeIgniter\Model->__call('get', Array)
#5 C:\xampp\htdocs\proyectosistema\app\Controllers\Login.php(24): App\Models\Users->obtenerUsuario('admin123')
#6 C:\xampp\htdocs\proyectosistema\system\CodeIgniter.php(934): App\Controllers\Login->acceder()
#7 C:\xampp\htdocs\proyectosistema\system\CodeIgniter.php(499): CodeIgniter\CodeIgniter->runController(Object(App\Controllers\Login))
#8 C:\xampp\htdocs\proyectosistema\system\CodeIgniter.php(368): CodeIgniter\CodeIgniter->handleRequest(NULL, Object(Config\Cache), false)
#9 C:\xampp\htdocs\proyectosistema\index.php(67): CodeIgniter\CodeIgniter->run()
#10 {main}
CRITICAL - 2023-05-27 14:58:06 --> Unable to connect to the database.
Main connection [MySQLi]: Access denied for user '****'@'localhost' (using password: YES)
in SYSTEMPATH\Database\BaseConnection.php on line 427.
 1 SYSTEMPATH\Database\BaseConnection.php(573): CodeIgniter\Database\BaseConnection->initialize()
 2 SYSTEMPATH\Database\BaseBuilder.php(1616): CodeIgniter\Database\BaseConnection->query('SELECT *
FROM `usuarios`
WHERE `usuario` = :usuario:', [...], false)
 3 SYSTEMPATH\Model.php(840): CodeIgniter\Database\BaseBuilder->get()
 4 APPPATH\Models\Users.php(21): CodeIgniter\Model->__call('get', [])
 5 APPPATH\Controllers\Login.php(24): App\Models\Users->obtenerUsuario('admin123')
 6 SYSTEMPATH\CodeIgniter.php(934): App\Controllers\Login->acceder()
 7 SYSTEMPATH\CodeIgniter.php(499): CodeIgniter\CodeIgniter->runController(Object(App\Controllers\Login))
 8 SYSTEMPATH\CodeIgniter.php(368): CodeIgniter\CodeIgniter->handleRequest(null, Object(Config\Cache), false)
 9 FCPATH\index.php(67): CodeIgniter\CodeIgniter->run()
CRITICAL - 2023-05-27 15:46:33 --> Undefined variable $productos
in APPPATH\Views\compras\nuevo.php on line 72.
 1 APPPATH\Views\compras\nuevo.php(72): CodeIgniter\Debug\Exceptions->errorHandler(2, 'Undefined variable $productos', 'C:\\xampp\\htdocs\\proyectosistema\\app\\Views\\compras\\nuevo.php', 72)
 2 SYSTEMPATH\View\View.php(213): include('C:\\xampp\\htdocs\\proyectosistema\\app\\Views\\compras\\nuevo.php')
 3 SYSTEMPATH\View\View.php(216): CodeIgniter\View\View->CodeIgniter\View\{closure}()
 4 SYSTEMPATH\Common.php(1184): CodeIgniter\View\View->render('compras/nuevo', [], true)
 5 APPPATH\Controllers\Compra.php(35): view('compras/nuevo', [...])
 6 SYSTEMPATH\CodeIgniter.php(934): App\Controllers\Compra->nuevo()
 7 SYSTEMPATH\CodeIgniter.php(499): CodeIgniter\CodeIgniter->runController(Object(App\Controllers\Compra))
 8 SYSTEMPATH\CodeIgniter.php(368): CodeIgniter\CodeIgniter->handleRequest(null, Object(Config\Cache), false)
 9 FCPATH\index.php(67): CodeIgniter\CodeIgniter->run()
CRITICAL - 2023-05-27 22:13:04 --> Undefined variable $compras
in APPPATH\Controllers\Dashboard.php on line 22.
 1 APPPATH\Controllers\Dashboard.php(22): CodeIgniter\Debug\Exceptions->errorHandler(2, 'Undefined variable $compras', 'C:\\xampp\\htdocs\\proyectosistema\\app\\Controllers\\Dashboard.php', 22)
 2 SYSTEMPATH\CodeIgniter.php(934): App\Controllers\Dashboard->index()
 3 SYSTEMPATH\CodeIgniter.php(499): CodeIgniter\CodeIgniter->runController(Object(App\Controllers\Dashboard))
 4 SYSTEMPATH\CodeIgniter.php(368): CodeIgniter\CodeIgniter->handleRequest(null, Object(Config\Cache), false)
 5 FCPATH\index.php(67): CodeIgniter\CodeIgniter->run()
CRITICAL - 2023-05-27 22:16:48 --> Call to undefined method App\Models\Compras::sum
in SYSTEMPATH\Model.php on line 842.
 1 APPPATH\Controllers\Dashboard.php(26): CodeIgniter\Model->__call('sum', [...])
 2 SYSTEMPATH\CodeIgniter.php(934): App\Controllers\Dashboard->index()
 3 SYSTEMPATH\CodeIgniter.php(499): CodeIgniter\CodeIgniter->runController(Object(App\Controllers\Dashboard))
 4 SYSTEMPATH\CodeIgniter.php(368): CodeIgniter\CodeIgniter->handleRequest(null, Object(Config\Cache), false)
 5 FCPATH\index.php(67): CodeIgniter\CodeIgniter->run()
CRITICAL - 2023-05-27 22:17:28 --> Call to undefined method App\Models\Compras::selectRaw
in SYSTEMPATH\Model.php on line 842.
 1 APPPATH\Controllers\Dashboard.php(26): CodeIgniter\Model->__call('selectRaw', [...])
 2 SYSTEMPATH\CodeIgniter.php(934): App\Controllers\Dashboard->index()
 3 SYSTEMPATH\CodeIgniter.php(499): CodeIgniter\CodeIgniter->runController(Object(App\Controllers\Dashboard))
 4 SYSTEMPATH\CodeIgniter.php(368): CodeIgniter\CodeIgniter->handleRequest(null, Object(Config\Cache), false)
 5 FCPATH\index.php(67): CodeIgniter\CodeIgniter->run()
CRITICAL - 2023-05-27 22:19:12 --> Undefined variable $compraModel
in APPPATH\Controllers\Dashboard.php on line 26.
 1 APPPATH\Controllers\Dashboard.php(26): CodeIgniter\Debug\Exceptions->errorHandler(2, 'Undefined variable $compraModel', 'C:\\xampp\\htdocs\\proyectosistema\\app\\Controllers\\Dashboard.php', 26)
 2 SYSTEMPATH\CodeIgniter.php(934): App\Controllers\Dashboard->index()
 3 SYSTEMPATH\CodeIgniter.php(499): CodeIgniter\CodeIgniter->runController(Object(App\Controllers\Dashboard))
 4 SYSTEMPATH\CodeIgniter.php(368): CodeIgniter\CodeIgniter->handleRequest(null, Object(Config\Cache), false)
 5 FCPATH\index.php(67): CodeIgniter\CodeIgniter->run()
CRITICAL - 2023-05-27 22:19:20 --> Attempt to read property "totalSum" on array
in APPPATH\Controllers\Dashboard.php on line 29.
 1 APPPATH\Controllers\Dashboard.php(29): CodeIgniter\Debug\Exceptions->errorHandler(2, 'Attempt to read property "totalSum" on array', 'C:\\xampp\\htdocs\\proyectosistema\\app\\Controllers\\Dashboard.php', 29)
 2 SYSTEMPATH\CodeIgniter.php(934): App\Controllers\Dashboard->index()
 3 SYSTEMPATH\CodeIgniter.php(499): CodeIgniter\CodeIgniter->runController(Object(App\Controllers\Dashboard))
 4 SYSTEMPATH\CodeIgniter.php(368): CodeIgniter\CodeIgniter->handleRequest(null, Object(Config\Cache), false)
 5 FCPATH\index.php(67): CodeIgniter\CodeIgniter->run()
CRITICAL - 2023-05-27 22:20:06 --> Undefined variable $result
in APPPATH\Controllers\Dashboard.php on line 31.
 1 APPPATH\Controllers\Dashboard.php(31): CodeIgniter\Debug\Exceptions->errorHandler(2, 'Undefined variable $result', 'C:\\xampp\\htdocs\\proyectosistema\\app\\Controllers\\Dashboard.php', 31)
 2 SYSTEMPATH\CodeIgniter.php(934): App\Controllers\Dashboard->index()
 3 SYSTEMPATH\CodeIgniter.php(499): CodeIgniter\CodeIgniter->runController(Object(App\Controllers\Dashboard))
 4 SYSTEMPATH\CodeIgniter.php(368): CodeIgniter\CodeIgniter->handleRequest(null, Object(Config\Cache), false)
 5 FCPATH\index.php(67): CodeIgniter\CodeIgniter->run()
CRITICAL - 2023-05-27 22:21:01 --> Undefined variable $result
in APPPATH\Controllers\Dashboard.php on line 31.
 1 APPPATH\Controllers\Dashboard.php(31): CodeIgniter\Debug\Exceptions->errorHandler(2, 'Undefined variable $result', 'C:\\xampp\\htdocs\\proyectosistema\\app\\Controllers\\Dashboard.php', 31)
 2 SYSTEMPATH\CodeIgniter.php(934): App\Controllers\Dashboard->index()
 3 SYSTEMPATH\CodeIgniter.php(499): CodeIgniter\CodeIgniter->runController(Object(App\Controllers\Dashboard))
 4 SYSTEMPATH\CodeIgniter.php(368): CodeIgniter\CodeIgniter->handleRequest(null, Object(Config\Cache), false)
 5 FCPATH\index.php(67): CodeIgniter\CodeIgniter->run()
CRITICAL - 2023-05-27 22:23:36 --> Undefined variable $valorEgresoCompras
in APPPATH\Views\dashboard\index.php on line 116.
 1 APPPATH\Views\dashboard\index.php(116): CodeIgniter\Debug\Exceptions->errorHandler(2, 'Undefined variable $valorEgresoCompras', 'C:\\xampp\\htdocs\\proyectosistema\\app\\Views\\dashboard\\index.php', 116)
 2 SYSTEMPATH\View\View.php(213): include('C:\\xampp\\htdocs\\proyectosistema\\app\\Views\\dashboard\\index.php')
 3 SYSTEMPATH\View\View.php(216): CodeIgniter\View\View->CodeIgniter\View\{closure}()
 4 SYSTEMPATH\Common.php(1184): CodeIgniter\View\View->render('Dashboard/index', [], true)
 5 APPPATH\Controllers\Dashboard.php(35): view('Dashboard/index', [...])
 6 SYSTEMPATH\CodeIgniter.php(934): App\Controllers\Dashboard->index()
 7 SYSTEMPATH\CodeIgniter.php(499): CodeIgniter\CodeIgniter->runController(Object(App\Controllers\Dashboard))
 8 SYSTEMPATH\CodeIgniter.php(368): CodeIgniter\CodeIgniter->handleRequest(null, Object(Config\Cache), false)
 9 FCPATH\index.php(67): CodeIgniter\CodeIgniter->run()
CRITICAL - 2023-05-27 22:26:39 --> Undefined variable $compraModel
in APPPATH\Controllers\Dashboard.php on line 28.
 1 APPPATH\Controllers\Dashboard.php(28): CodeIgniter\Debug\Exceptions->errorHandler(2, 'Undefined variable $compraModel', 'C:\\xampp\\htdocs\\proyectosistema\\app\\Controllers\\Dashboard.php', 28)
 2 SYSTEMPATH\CodeIgniter.php(934): App\Controllers\Dashboard->index()
 3 SYSTEMPATH\CodeIgniter.php(499): CodeIgniter\CodeIgniter->runController(Object(App\Controllers\Dashboard))
 4 SYSTEMPATH\CodeIgniter.php(368): CodeIgniter\CodeIgniter->handleRequest(null, Object(Config\Cache), false)
 5 FCPATH\index.php(67): CodeIgniter\CodeIgniter->run()
CRITICAL - 2023-05-27 22:55:47 --> Call to undefined method CodeIgniter\Autoloader\Autoloader::extend()
in APPPATH\Controllers\Compra.php on line 1.
 1 SYSTEMPATH\Autoloader\Autoloader.php(312): include_once()
 2 SYSTEMPATH\Autoloader\Autoloader.php(289): CodeIgniter\Autoloader\Autoloader->includeFile('C:\\xampp\\htdocs\\proyectosistema\\app\\Controllers\\Compra.php')
 3 SYSTEMPATH\Autoloader\Autoloader.php(267): CodeIgniter\Autoloader\Autoloader->loadInNamespace('App\\Controllers\\Compra')
 4 [internal function]: CodeIgniter\Autoloader\Autoloader->loadClass('App\\Controllers\\Compra')
 5 SYSTEMPATH\CodeIgniter.php(892): class_exists('\\App\\Controllers\\Compra', true)
 6 SYSTEMPATH\CodeIgniter.php(486): CodeIgniter\CodeIgniter->startController()
 7 SYSTEMPATH\CodeIgniter.php(368): CodeIgniter\CodeIgniter->handleRequest(null, Object(Config\Cache), false)
 8 FCPATH\index.php(67): CodeIgniter\CodeIgniter->run()
CRITICAL - 2023-05-27 22:55:53 --> Call to undefined method CodeIgniter\Autoloader\Autoloader::extend()
in APPPATH\Controllers\Compra.php on line 1.
 1 SYSTEMPATH\Autoloader\Autoloader.php(312): include_once()
 2 SYSTEMPATH\Autoloader\Autoloader.php(289): CodeIgniter\Autoloader\Autoloader->includeFile('C:\\xampp\\htdocs\\proyectosistema\\app\\Controllers\\Compra.php')
 3 SYSTEMPATH\Autoloader\Autoloader.php(267): CodeIgniter\Autoloader\Autoloader->loadInNamespace('App\\Controllers\\Compra')
 4 [internal function]: CodeIgniter\Autoloader\Autoloader->loadClass('App\\Controllers\\Compra')
 5 SYSTEMPATH\CodeIgniter.php(892): class_exists('\\App\\Controllers\\Compra', true)
 6 SYSTEMPATH\CodeIgniter.php(486): CodeIgniter\CodeIgniter->startController()
 7 SYSTEMPATH\CodeIgniter.php(368): CodeIgniter\CodeIgniter->handleRequest(null, Object(Config\Cache), false)
 8 FCPATH\index.php(67): CodeIgniter\CodeIgniter->run()
CRITICAL - 2023-05-27 22:55:56 --> Call to undefined method CodeIgniter\Autoloader\Autoloader::extend()
in APPPATH\Controllers\Compra.php on line 1.
 1 SYSTEMPATH\Autoloader\Autoloader.php(312): include_once()
 2 SYSTEMPATH\Autoloader\Autoloader.php(289): CodeIgniter\Autoloader\Autoloader->includeFile('C:\\xampp\\htdocs\\proyectosistema\\app\\Controllers\\Compra.php')
 3 SYSTEMPATH\Autoloader\Autoloader.php(267): CodeIgniter\Autoloader\Autoloader->loadInNamespace('App\\Controllers\\Compra')
 4 [internal function]: CodeIgniter\Autoloader\Autoloader->loadClass('App\\Controllers\\Compra')
 5 SYSTEMPATH\CodeIgniter.php(892): class_exists('\\App\\Controllers\\Compra', true)
 6 SYSTEMPATH\CodeIgniter.php(486): CodeIgniter\CodeIgniter->startController()
 7 SYSTEMPATH\CodeIgniter.php(368): CodeIgniter\CodeIgniter->handleRequest(null, Object(Config\Cache), false)
 8 FCPATH\index.php(67): CodeIgniter\CodeIgniter->run()
CRITICAL - 2023-05-27 22:56:05 --> Call to undefined method CodeIgniter\Autoloader\Autoloader::extend()
in APPPATH\Controllers\Compra.php on line 1.
 1 SYSTEMPATH\Autoloader\Autoloader.php(312): include_once()
 2 SYSTEMPATH\Autoloader\Autoloader.php(289): CodeIgniter\Autoloader\Autoloader->includeFile('C:\\xampp\\htdocs\\proyectosistema\\app\\Controllers\\Compra.php')
 3 SYSTEMPATH\Autoloader\Autoloader.php(267): CodeIgniter\Autoloader\Autoloader->loadInNamespace('App\\Controllers\\Compra')
 4 [internal function]: CodeIgniter\Autoloader\Autoloader->loadClass('App\\Controllers\\Compra')
 5 SYSTEMPATH\CodeIgniter.php(892): class_exists('\\App\\Controllers\\Compra', true)
 6 SYSTEMPATH\CodeIgniter.php(486): CodeIgniter\CodeIgniter->startController()
 7 SYSTEMPATH\CodeIgniter.php(368): CodeIgniter\CodeIgniter->handleRequest(null, Object(Config\Cache), false)
 8 FCPATH\index.php(67): CodeIgniter\CodeIgniter->run()
CRITICAL - 2023-05-27 22:56:06 --> Call to undefined method CodeIgniter\Autoloader\Autoloader::extend()
in APPPATH\Controllers\Compra.php on line 1.
 1 SYSTEMPATH\Autoloader\Autoloader.php(312): include_once()
 2 SYSTEMPATH\Autoloader\Autoloader.php(289): CodeIgniter\Autoloader\Autoloader->includeFile('C:\\xampp\\htdocs\\proyectosistema\\app\\Controllers\\Compra.php')
 3 SYSTEMPATH\Autoloader\Autoloader.php(267): CodeIgniter\Autoloader\Autoloader->loadInNamespace('App\\Controllers\\Compra')
 4 [internal function]: CodeIgniter\Autoloader\Autoloader->loadClass('App\\Controllers\\Compra')
 5 SYSTEMPATH\CodeIgniter.php(892): class_exists('\\App\\Controllers\\Compra', true)
 6 SYSTEMPATH\CodeIgniter.php(486): CodeIgniter\CodeIgniter->startController()
 7 SYSTEMPATH\CodeIgniter.php(368): CodeIgniter\CodeIgniter->handleRequest(null, Object(Config\Cache), false)
 8 FCPATH\index.php(67): CodeIgniter\CodeIgniter->run()
CRITICAL - 2023-05-27 22:56:12 --> Call to undefined method CodeIgniter\Autoloader\Autoloader::extend()
in APPPATH\Controllers\Compra.php on line 1.
 1 SYSTEMPATH\Autoloader\Autoloader.php(312): include_once()
 2 SYSTEMPATH\Autoloader\Autoloader.php(289): CodeIgniter\Autoloader\Autoloader->includeFile('C:\\xampp\\htdocs\\proyectosistema\\app\\Controllers\\Compra.php')
 3 SYSTEMPATH\Autoloader\Autoloader.php(267): CodeIgniter\Autoloader\Autoloader->loadInNamespace('App\\Controllers\\Compra')
 4 [internal function]: CodeIgniter\Autoloader\Autoloader->loadClass('App\\Controllers\\Compra')
 5 SYSTEMPATH\CodeIgniter.php(892): class_exists('\\App\\Controllers\\Compra', true)
 6 SYSTEMPATH\CodeIgniter.php(486): CodeIgniter\CodeIgniter->startController()
 7 SYSTEMPATH\CodeIgniter.php(368): CodeIgniter\CodeIgniter->handleRequest(null, Object(Config\Cache), false)
 8 FCPATH\index.php(67): CodeIgniter\CodeIgniter->run()
CRITICAL - 2023-05-27 22:58:39 --> Call to undefined method CodeIgniter\Autoloader\Autoloader::extend()
in APPPATH\Controllers\Compra.php on line 1.
 1 SYSTEMPATH\Autoloader\Autoloader.php(312): include_once()
 2 SYSTEMPATH\Autoloader\Autoloader.php(289): CodeIgniter\Autoloader\Autoloader->includeFile('C:\\xampp\\htdocs\\proyectosistema\\app\\Controllers\\Compra.php')
 3 SYSTEMPATH\Autoloader\Autoloader.php(267): CodeIgniter\Autoloader\Autoloader->loadInNamespace('App\\Controllers\\Compra')
 4 [internal function]: CodeIgniter\Autoloader\Autoloader->loadClass('App\\Controllers\\Compra')
 5 SYSTEMPATH\CodeIgniter.php(892): class_exists('\\App\\Controllers\\Compra', true)
 6 SYSTEMPATH\CodeIgniter.php(486): CodeIgniter\CodeIgniter->startController()
 7 SYSTEMPATH\CodeIgniter.php(368): CodeIgniter\CodeIgniter->handleRequest(null, Object(Config\Cache), false)
 8 FCPATH\index.php(67): CodeIgniter\CodeIgniter->run()
CRITICAL - 2023-05-27 22:58:47 --> Call to undefined method CodeIgniter\Autoloader\Autoloader::extend()
in APPPATH\Controllers\Compra.php on line 1.
 1 SYSTEMPATH\Autoloader\Autoloader.php(312): include_once()
 2 SYSTEMPATH\Autoloader\Autoloader.php(289): CodeIgniter\Autoloader\Autoloader->includeFile('C:\\xampp\\htdocs\\proyectosistema\\app\\Controllers\\Compra.php')
 3 SYSTEMPATH\Autoloader\Autoloader.php(267): CodeIgniter\Autoloader\Autoloader->loadInNamespace('App\\Controllers\\Compra')
 4 [internal function]: CodeIgniter\Autoloader\Autoloader->loadClass('App\\Controllers\\Compra')
 5 SYSTEMPATH\CodeIgniter.php(892): class_exists('\\App\\Controllers\\Compra', true)
 6 SYSTEMPATH\CodeIgniter.php(486): CodeIgniter\CodeIgniter->startController()
 7 SYSTEMPATH\CodeIgniter.php(368): CodeIgniter\CodeIgniter->handleRequest(null, Object(Config\Cache), false)
 8 FCPATH\index.php(67): CodeIgniter\CodeIgniter->run()
CRITICAL - 2023-05-27 22:58:54 --> Call to undefined method CodeIgniter\Autoloader\Autoloader::extend()
in APPPATH\Controllers\Compra.php on line 1.
 1 SYSTEMPATH\Autoloader\Autoloader.php(312): include_once()
 2 SYSTEMPATH\Autoloader\Autoloader.php(289): CodeIgniter\Autoloader\Autoloader->includeFile('C:\\xampp\\htdocs\\proyectosistema\\app\\Controllers\\Compra.php')
 3 SYSTEMPATH\Autoloader\Autoloader.php(267): CodeIgniter\Autoloader\Autoloader->loadInNamespace('App\\Controllers\\Compra')
 4 [internal function]: CodeIgniter\Autoloader\Autoloader->loadClass('App\\Controllers\\Compra')
 5 SYSTEMPATH\CodeIgniter.php(892): class_exists('\\App\\Controllers\\Compra', true)
 6 SYSTEMPATH\CodeIgniter.php(486): CodeIgniter\CodeIgniter->startController()
 7 SYSTEMPATH\CodeIgniter.php(368): CodeIgniter\CodeIgniter->handleRequest(null, Object(Config\Cache), false)
 8 FCPATH\index.php(67): CodeIgniter\CodeIgniter->run()
CRITICAL - 2023-05-27 22:59:29 --> Call to undefined method CodeIgniter\Autoloader\Autoloader::extend()
in APPPATH\Controllers\Compra.php on line 1.
 1 SYSTEMPATH\Autoloader\Autoloader.php(312): include_once()
 2 SYSTEMPATH\Autoloader\Autoloader.php(289): CodeIgniter\Autoloader\Autoloader->includeFile('C:\\xampp\\htdocs\\proyectosistema\\app\\Controllers\\Compra.php')
 3 SYSTEMPATH\Autoloader\Autoloader.php(267): CodeIgniter\Autoloader\Autoloader->loadInNamespace('App\\Controllers\\Compra')
 4 [internal function]: CodeIgniter\Autoloader\Autoloader->loadClass('App\\Controllers\\Compra')
 5 SYSTEMPATH\CodeIgniter.php(892): class_exists('\\App\\Controllers\\Compra', true)
 6 SYSTEMPATH\CodeIgniter.php(486): CodeIgniter\CodeIgniter->startController()
 7 SYSTEMPATH\CodeIgniter.php(368): CodeIgniter\CodeIgniter->handleRequest(null, Object(Config\Cache), false)
 8 FCPATH\index.php(67): CodeIgniter\CodeIgniter->run()
CRITICAL - 2023-05-27 22:59:38 --> Call to undefined method CodeIgniter\Autoloader\Autoloader::extend()
in APPPATH\Controllers\Compra.php on line 1.
 1 SYSTEMPATH\Autoloader\Autoloader.php(312): include_once()
 2 SYSTEMPATH\Autoloader\Autoloader.php(289): CodeIgniter\Autoloader\Autoloader->includeFile('C:\\xampp\\htdocs\\proyectosistema\\app\\Controllers\\Compra.php')
 3 SYSTEMPATH\Autoloader\Autoloader.php(267): CodeIgniter\Autoloader\Autoloader->loadInNamespace('App\\Controllers\\Compra')
 4 [internal function]: CodeIgniter\Autoloader\Autoloader->loadClass('App\\Controllers\\Compra')
 5 SYSTEMPATH\CodeIgniter.php(892): class_exists('\\App\\Controllers\\Compra', true)
 6 SYSTEMPATH\CodeIgniter.php(486): CodeIgniter\CodeIgniter->startController()
 7 SYSTEMPATH\CodeIgniter.php(368): CodeIgniter\CodeIgniter->handleRequest(null, Object(Config\Cache), false)
 8 FCPATH\index.php(67): CodeIgniter\CodeIgniter->run()
CRITICAL - 2023-05-27 22:59:42 --> Call to undefined method CodeIgniter\Autoloader\Autoloader::extend()
in APPPATH\Controllers\Compra.php on line 1.
 1 SYSTEMPATH\Autoloader\Autoloader.php(312): include_once()
 2 SYSTEMPATH\Autoloader\Autoloader.php(289): CodeIgniter\Autoloader\Autoloader->includeFile('C:\\xampp\\htdocs\\proyectosistema\\app\\Controllers\\Compra.php')
 3 SYSTEMPATH\Autoloader\Autoloader.php(267): CodeIgniter\Autoloader\Autoloader->loadInNamespace('App\\Controllers\\Compra')
 4 [internal function]: CodeIgniter\Autoloader\Autoloader->loadClass('App\\Controllers\\Compra')
 5 SYSTEMPATH\CodeIgniter.php(892): class_exists('\\App\\Controllers\\Compra', true)
 6 SYSTEMPATH\CodeIgniter.php(486): CodeIgniter\CodeIgniter->startController()
 7 SYSTEMPATH\CodeIgniter.php(368): CodeIgniter\CodeIgniter->handleRequest(null, Object(Config\Cache), false)
 8 FCPATH\index.php(67): CodeIgniter\CodeIgniter->run()
CRITICAL - 2023-05-27 22:59:42 --> Call to undefined method CodeIgniter\Autoloader\Autoloader::extend()
in APPPATH\Controllers\Compra.php on line 1.
 1 SYSTEMPATH\Autoloader\Autoloader.php(312): include_once()
 2 SYSTEMPATH\Autoloader\Autoloader.php(289): CodeIgniter\Autoloader\Autoloader->includeFile('C:\\xampp\\htdocs\\proyectosistema\\app\\Controllers\\Compra.php')
 3 SYSTEMPATH\Autoloader\Autoloader.php(267): CodeIgniter\Autoloader\Autoloader->loadInNamespace('App\\Controllers\\Compra')
 4 [internal function]: CodeIgniter\Autoloader\Autoloader->loadClass('App\\Controllers\\Compra')
 5 SYSTEMPATH\CodeIgniter.php(892): class_exists('\\App\\Controllers\\Compra', true)
 6 SYSTEMPATH\CodeIgniter.php(486): CodeIgniter\CodeIgniter->startController()
 7 SYSTEMPATH\CodeIgniter.php(368): CodeIgniter\CodeIgniter->handleRequest(null, Object(Config\Cache), false)
 8 FCPATH\index.php(67): CodeIgniter\CodeIgniter->run()
CRITICAL - 2023-05-27 22:59:48 --> Call to undefined method CodeIgniter\Autoloader\Autoloader::extend()
in APPPATH\Controllers\Compra.php on line 1.
 1 SYSTEMPATH\Autoloader\Autoloader.php(312): include_once()
 2 SYSTEMPATH\Autoloader\Autoloader.php(289): CodeIgniter\Autoloader\Autoloader->includeFile('C:\\xampp\\htdocs\\proyectosistema\\app\\Controllers\\Compra.php')
 3 SYSTEMPATH\Autoloader\Autoloader.php(267): CodeIgniter\Autoloader\Autoloader->loadInNamespace('App\\Controllers\\Compra')
 4 [internal function]: CodeIgniter\Autoloader\Autoloader->loadClass('App\\Controllers\\Compra')
 5 SYSTEMPATH\CodeIgniter.php(892): class_exists('\\App\\Controllers\\Compra', true)
 6 SYSTEMPATH\CodeIgniter.php(486): CodeIgniter\CodeIgniter->startController()
 7 SYSTEMPATH\CodeIgniter.php(368): CodeIgniter\CodeIgniter->handleRequest(null, Object(Config\Cache), false)
 8 FCPATH\index.php(67): CodeIgniter\CodeIgniter->run()
CRITICAL - 2023-05-27 23:00:08 --> Call to undefined method CodeIgniter\Router\AutoRouter::extend()
in APPPATH\Controllers\Compra.php on line 1.
 1 SYSTEMPATH\Router\AutoRouter.php(147): include_once()
 2 SYSTEMPATH\Router\Router.php(507): CodeIgniter\Router\AutoRouter->getRoute('compra')
 3 SYSTEMPATH\Router\Router.php(206): CodeIgniter\Router\Router->autoRoute('compra')
 4 SYSTEMPATH\CodeIgniter.php(815): CodeIgniter\Router\Router->handle('compra')
 5 SYSTEMPATH\CodeIgniter.php(449): CodeIgniter\CodeIgniter->tryToRouteIt(Object(CodeIgniter\Router\RouteCollection))
 6 SYSTEMPATH\CodeIgniter.php(368): CodeIgniter\CodeIgniter->handleRequest(null, Object(Config\Cache), false)
 7 FCPATH\index.php(67): CodeIgniter\CodeIgniter->run()
CRITICAL - 2023-05-27 23:01:34 --> Call to undefined method CodeIgniter\Autoloader\Autoloader::extend()
in APPPATH\Controllers\Compra.php on line 1.
 1 SYSTEMPATH\Autoloader\Autoloader.php(312): include_once()
 2 SYSTEMPATH\Autoloader\Autoloader.php(289): CodeIgniter\Autoloader\Autoloader->includeFile('C:\\xampp\\htdocs\\proyectosistema\\app\\Controllers\\Compra.php')
 3 SYSTEMPATH\Autoloader\Autoloader.php(267): CodeIgniter\Autoloader\Autoloader->loadInNamespace('App\\Controllers\\Compra')
 4 [internal function]: CodeIgniter\Autoloader\Autoloader->loadClass('App\\Controllers\\Compra')
 5 SYSTEMPATH\CodeIgniter.php(892): class_exists('\\App\\Controllers\\Compra', true)
 6 SYSTEMPATH\CodeIgniter.php(486): CodeIgniter\CodeIgniter->startController()
 7 SYSTEMPATH\CodeIgniter.php(368): CodeIgniter\CodeIgniter->handleRequest(null, Object(Config\Cache), false)
 8 FCPATH\index.php(67): CodeIgniter\CodeIgniter->run()
CRITICAL - 2023-05-27 23:01:38 --> Call to undefined method CodeIgniter\Autoloader\Autoloader::extend()
in APPPATH\Controllers\Compra.php on line 1.
 1 SYSTEMPATH\Autoloader\Autoloader.php(312): include_once()
 2 SYSTEMPATH\Autoloader\Autoloader.php(289): CodeIgniter\Autoloader\Autoloader->includeFile('C:\\xampp\\htdocs\\proyectosistema\\app\\Controllers\\Compra.php')
 3 SYSTEMPATH\Autoloader\Autoloader.php(267): CodeIgniter\Autoloader\Autoloader->loadInNamespace('App\\Controllers\\Compra')
 4 [internal function]: CodeIgniter\Autoloader\Autoloader->loadClass('App\\Controllers\\Compra')
 5 SYSTEMPATH\CodeIgniter.php(892): class_exists('\\App\\Controllers\\Compra', true)
 6 SYSTEMPATH\CodeIgniter.php(486): CodeIgniter\CodeIgniter->startController()
 7 SYSTEMPATH\CodeIgniter.php(368): CodeIgniter\CodeIgniter->handleRequest(null, Object(Config\Cache), false)
 8 FCPATH\index.php(67): CodeIgniter\CodeIgniter->run()
CRITICAL - 2023-05-27 23:01:39 --> Call to undefined method CodeIgniter\Autoloader\Autoloader::extend()
in APPPATH\Controllers\Compra.php on line 1.
 1 SYSTEMPATH\Autoloader\Autoloader.php(312): include_once()
 2 SYSTEMPATH\Autoloader\Autoloader.php(289): CodeIgniter\Autoloader\Autoloader->includeFile('C:\\xampp\\htdocs\\proyectosistema\\app\\Controllers\\Compra.php')
 3 SYSTEMPATH\Autoloader\Autoloader.php(267): CodeIgniter\Autoloader\Autoloader->loadInNamespace('App\\Controllers\\Compra')
 4 [internal function]: CodeIgniter\Autoloader\Autoloader->loadClass('App\\Controllers\\Compra')
 5 SYSTEMPATH\CodeIgniter.php(892): class_exists('\\App\\Controllers\\Compra', true)
 6 SYSTEMPATH\CodeIgniter.php(486): CodeIgniter\CodeIgniter->startController()
 7 SYSTEMPATH\CodeIgniter.php(368): CodeIgniter\CodeIgniter->handleRequest(null, Object(Config\Cache), false)
 8 FCPATH\index.php(67): CodeIgniter\CodeIgniter->run()
CRITICAL - 2023-05-27 23:02:38 --> Call to undefined method CodeIgniter\Autoloader\Autoloader::extend()
in APPPATH\Controllers\Compra.php on line 1.
 1 SYSTEMPATH\Autoloader\Autoloader.php(312): include_once()
 2 SYSTEMPATH\Autoloader\Autoloader.php(289): CodeIgniter\Autoloader\Autoloader->includeFile('C:\\xampp\\htdocs\\proyectosistema\\app\\Controllers\\Compra.php')
 3 SYSTEMPATH\Autoloader\Autoloader.php(267): CodeIgniter\Autoloader\Autoloader->loadInNamespace('App\\Controllers\\Compra')
 4 [internal function]: CodeIgniter\Autoloader\Autoloader->loadClass('App\\Controllers\\Compra')
 5 SYSTEMPATH\CodeIgniter.php(892): class_exists('\\App\\Controllers\\Compra', true)
 6 SYSTEMPATH\CodeIgniter.php(486): CodeIgniter\CodeIgniter->startController()
 7 SYSTEMPATH\CodeIgniter.php(368): CodeIgniter\CodeIgniter->handleRequest(null, Object(Config\Cache), false)
 8 FCPATH\index.php(67): CodeIgniter\CodeIgniter->run()
CRITICAL - 2023-05-27 23:03:23 --> Call to undefined method CodeIgniter\Autoloader\Autoloader::extend()
in APPPATH\Controllers\Compra.php on line 1.
 1 SYSTEMPATH\Autoloader\Autoloader.php(312): include_once()
 2 SYSTEMPATH\Autoloader\Autoloader.php(289): CodeIgniter\Autoloader\Autoloader->includeFile('C:\\xampp\\htdocs\\proyectosistema\\app\\Controllers\\Compra.php')
 3 SYSTEMPATH\Autoloader\Autoloader.php(267): CodeIgniter\Autoloader\Autoloader->loadInNamespace('App\\Controllers\\Compra')
 4 [internal function]: CodeIgniter\Autoloader\Autoloader->loadClass('App\\Controllers\\Compra')
 5 SYSTEMPATH\CodeIgniter.php(892): class_exists('\\App\\Controllers\\Compra', true)
 6 SYSTEMPATH\CodeIgniter.php(486): CodeIgniter\CodeIgniter->startController()
 7 SYSTEMPATH\CodeIgniter.php(368): CodeIgniter\CodeIgniter->handleRequest(null, Object(Config\Cache), false)
 8 FCPATH\index.php(67): CodeIgniter\CodeIgniter->run()
CRITICAL - 2023-05-27 23:04:11 --> Call to undefined method CodeIgniter\Autoloader\Autoloader::extend()
in APPPATH\Controllers\Compra.php on line 1.
 1 SYSTEMPATH\Autoloader\Autoloader.php(312): include_once()
 2 SYSTEMPATH\Autoloader\Autoloader.php(289): CodeIgniter\Autoloader\Autoloader->includeFile('C:\\xampp\\htdocs\\proyectosistema\\app\\Controllers\\Compra.php')
 3 SYSTEMPATH\Autoloader\Autoloader.php(267): CodeIgniter\Autoloader\Autoloader->loadInNamespace('App\\Controllers\\Compra')
 4 [internal function]: CodeIgniter\Autoloader\Autoloader->loadClass('App\\Controllers\\Compra')
 5 SYSTEMPATH\CodeIgniter.php(892): class_exists('\\App\\Controllers\\Compra', true)
 6 SYSTEMPATH\CodeIgniter.php(486): CodeIgniter\CodeIgniter->startController()
 7 SYSTEMPATH\CodeIgniter.php(368): CodeIgniter\CodeIgniter->handleRequest(null, Object(Config\Cache), false)
 8 FCPATH\index.php(67): CodeIgniter\CodeIgniter->run()
CRITICAL - 2023-05-27 23:04:15 --> Call to undefined method CodeIgniter\Autoloader\Autoloader::extend()
in APPPATH\Controllers\Compra.php on line 1.
 1 SYSTEMPATH\Autoloader\Autoloader.php(312): include_once()
 2 SYSTEMPATH\Autoloader\Autoloader.php(289): CodeIgniter\Autoloader\Autoloader->includeFile('C:\\xampp\\htdocs\\proyectosistema\\app\\Controllers\\Compra.php')
 3 SYSTEMPATH\Autoloader\Autoloader.php(267): CodeIgniter\Autoloader\Autoloader->loadInNamespace('App\\Controllers\\Compra')
 4 [internal function]: CodeIgniter\Autoloader\Autoloader->loadClass('App\\Controllers\\Compra')
 5 SYSTEMPATH\CodeIgniter.php(892): class_exists('\\App\\Controllers\\Compra', true)
 6 SYSTEMPATH\CodeIgniter.php(486): CodeIgniter\CodeIgniter->startController()
 7 SYSTEMPATH\CodeIgniter.php(368): CodeIgniter\CodeIgniter->handleRequest(null, Object(Config\Cache), false)
 8 FCPATH\index.php(67): CodeIgniter\CodeIgniter->run()
CRITICAL - 2023-05-27 23:04:15 --> Call to undefined method CodeIgniter\Autoloader\Autoloader::extend()
in APPPATH\Controllers\Compra.php on line 1.
 1 SYSTEMPATH\Autoloader\Autoloader.php(312): include_once()
 2 SYSTEMPATH\Autoloader\Autoloader.php(289): CodeIgniter\Autoloader\Autoloader->includeFile('C:\\xampp\\htdocs\\proyectosistema\\app\\Controllers\\Compra.php')
 3 SYSTEMPATH\Autoloader\Autoloader.php(267): CodeIgniter\Autoloader\Autoloader->loadInNamespace('App\\Controllers\\Compra')
 4 [internal function]: CodeIgniter\Autoloader\Autoloader->loadClass('App\\Controllers\\Compra')
 5 SYSTEMPATH\CodeIgniter.php(892): class_exists('\\App\\Controllers\\Compra', true)
 6 SYSTEMPATH\CodeIgniter.php(486): CodeIgniter\CodeIgniter->startController()
 7 SYSTEMPATH\CodeIgniter.php(368): CodeIgniter\CodeIgniter->handleRequest(null, Object(Config\Cache), false)
 8 FCPATH\index.php(67): CodeIgniter\CodeIgniter->run()
CRITICAL - 2023-05-27 23:04:49 --> Call to undefined method CodeIgniter\Autoloader\Autoloader::extend()
in APPPATH\Controllers\Compra.php on line 1.
 1 SYSTEMPATH\Autoloader\Autoloader.php(312): include_once()
 2 SYSTEMPATH\Autoloader\Autoloader.php(289): CodeIgniter\Autoloader\Autoloader->includeFile('C:\\xampp\\htdocs\\proyectosistema\\app\\Controllers\\Compra.php')
 3 SYSTEMPATH\Autoloader\Autoloader.php(267): CodeIgniter\Autoloader\Autoloader->loadInNamespace('App\\Controllers\\Compra')
 4 [internal function]: CodeIgniter\Autoloader\Autoloader->loadClass('App\\Controllers\\Compra')
 5 SYSTEMPATH\CodeIgniter.php(892): class_exists('\\App\\Controllers\\Compra', true)
 6 SYSTEMPATH\CodeIgniter.php(486): CodeIgniter\CodeIgniter->startController()
 7 SYSTEMPATH\CodeIgniter.php(368): CodeIgniter\CodeIgniter->handleRequest(null, Object(Config\Cache), false)
 8 FCPATH\index.php(67): CodeIgniter\CodeIgniter->run()
CRITICAL - 2023-05-27 23:04:49 --> Call to undefined method CodeIgniter\Autoloader\Autoloader::extend()
in APPPATH\Controllers\Compra.php on line 1.
 1 SYSTEMPATH\Autoloader\Autoloader.php(312): include_once()
 2 SYSTEMPATH\Autoloader\Autoloader.php(289): CodeIgniter\Autoloader\Autoloader->includeFile('C:\\xampp\\htdocs\\proyectosistema\\app\\Controllers\\Compra.php')
 3 SYSTEMPATH\Autoloader\Autoloader.php(267): CodeIgniter\Autoloader\Autoloader->loadInNamespace('App\\Controllers\\Compra')
 4 [internal function]: CodeIgniter\Autoloader\Autoloader->loadClass('App\\Controllers\\Compra')
 5 SYSTEMPATH\CodeIgniter.php(892): class_exists('\\App\\Controllers\\Compra', true)
 6 SYSTEMPATH\CodeIgniter.php(486): CodeIgniter\CodeIgniter->startController()
 7 SYSTEMPATH\CodeIgniter.php(368): CodeIgniter\CodeIgniter->handleRequest(null, Object(Config\Cache), false)
 8 FCPATH\index.php(67): CodeIgniter\CodeIgniter->run()
CRITICAL - 2023-05-27 23:04:54 --> Call to undefined method CodeIgniter\Autoloader\Autoloader::extend()
in APPPATH\Controllers\Compra.php on line 1.
 1 SYSTEMPATH\Autoloader\Autoloader.php(312): include_once()
 2 SYSTEMPATH\Autoloader\Autoloader.php(289): CodeIgniter\Autoloader\Autoloader->includeFile('C:\\xampp\\htdocs\\proyectosistema\\app\\Controllers\\Compra.php')
 3 SYSTEMPATH\Autoloader\Autoloader.php(267): CodeIgniter\Autoloader\Autoloader->loadInNamespace('App\\Controllers\\Compra')
 4 [internal function]: CodeIgniter\Autoloader\Autoloader->loadClass('App\\Controllers\\Compra')
 5 SYSTEMPATH\CodeIgniter.php(892): class_exists('\\App\\Controllers\\Compra', true)
 6 SYSTEMPATH\CodeIgniter.php(486): CodeIgniter\CodeIgniter->startController()
 7 SYSTEMPATH\CodeIgniter.php(368): CodeIgniter\CodeIgniter->handleRequest(null, Object(Config\Cache), false)
 8 FCPATH\index.php(67): CodeIgniter\CodeIgniter->run()
