CRITICAL - 2023-05-31 00:58:30 --> Undefined array key "secuencia"
in APPPATH\Views\compras\index.php on line 79.
 1 APPPATH\Views\compras\index.php(79): CodeIgniter\Debug\Exceptions->errorHandler(2, 'Undefined array key "secuencia"', 'C:\\xampp\\htdocs\\proyectosistema\\app\\Views\\compras\\index.php', 79)
 2 SYSTEMPATH\View\View.php(213): include('C:\\xampp\\htdocs\\proyectosistema\\app\\Views\\compras\\index.php')
 3 SYSTEMPATH\View\View.php(216): CodeIgniter\View\View->CodeIgniter\View\{closure}()
 4 SYSTEMPATH\Common.php(1184): CodeIgniter\View\View->render('compras/index', [], true)
 5 APPPATH\Controllers\Compra.php(23): view('compras/index', [...])
 6 SYSTEMPATH\CodeIgniter.php(934): App\Controllers\Compra->index()
 7 SYSTEMPATH\CodeIgniter.php(499): CodeIgniter\CodeIgniter->runController(Object(App\Controllers\Compra))
 8 SYSTEMPATH\CodeIgniter.php(368): CodeIgniter\CodeIgniter->handleRequest(null, Object(Config\Cache), false)
 9 FCPATH\index.php(67): CodeIgniter\CodeIgniter->run()
CRITICAL - 2023-05-31 04:15:00 --> count(): Argument #1 ($value) must be of type Countable|array, null given
in APPPATH\Controllers\Compra.php on line 126.
 1 APPPATH\Controllers\Compra.php(126): count(null)
 2 APPPATH\Controllers\Compra.php(118): App\Controllers\Compra->guardarDetalle(28)
 3 SYSTEMPATH\CodeIgniter.php(934): App\Controllers\Compra->guardar()
 4 SYSTEMPATH\CodeIgniter.php(499): CodeIgniter\CodeIgniter->runController(Object(App\Controllers\Compra))
 5 SYSTEMPATH\CodeIgniter.php(368): CodeIgniter\CodeIgniter->handleRequest(null, Object(Config\Cache), false)
 6 FCPATH\index.php(67): CodeIgniter\CodeIgniter->run()
CRITICAL - 2023-05-31 04:37:20 --> Call to undefined method App\Models\Compras::whereYear
in SYSTEMPATH\Model.php on line 842.
 1 APPPATH\Controllers\Compra.php(81): CodeIgniter\Model->__call('whereYear', [...])
 2 SYSTEMPATH\CodeIgniter.php(934): App\Controllers\Compra->guardar()
 3 SYSTEMPATH\CodeIgniter.php(499): CodeIgniter\CodeIgniter->runController(Object(App\Controllers\Compra))
 4 SYSTEMPATH\CodeIgniter.php(368): CodeIgniter\CodeIgniter->handleRequest(null, Object(Config\Cache), false)
 5 FCPATH\index.php(67): CodeIgniter\CodeIgniter->run()
CRITICAL - 2023-05-31 04:38:21 --> Call to undefined method App\Models\Compras::whereRaw
in SYSTEMPATH\Model.php on line 842.
 1 APPPATH\Controllers\Compra.php(81): CodeIgniter\Model->__call('whereRaw', [...])
 2 SYSTEMPATH\CodeIgniter.php(934): App\Controllers\Compra->guardar()
 3 SYSTEMPATH\CodeIgniter.php(499): CodeIgniter\CodeIgniter->runController(Object(App\Controllers\Compra))
 4 SYSTEMPATH\CodeIgniter.php(368): CodeIgniter\CodeIgniter->handleRequest(null, Object(Config\Cache), false)
 5 FCPATH\index.php(67): CodeIgniter\CodeIgniter->run()
ERROR - 2023-05-31 04:38:59 --> mysqli_sql_exception: You have an error in your SQL syntax; check the manual that corresponds to your MariaDB server version for the right syntax to use near '? ('2023')
 LIMIT 1' at line 5 in C:\xampp\htdocs\proyectosistema\system\Database\MySQLi\Connection.php:295
Stack trace:
#0 C:\xampp\htdocs\proyectosistema\system\Database\MySQLi\Connection.php(295): mysqli->query('SELECT *\nFROM `...', 0)
#1 C:\xampp\htdocs\proyectosistema\system\Database\BaseConnection.php(691): CodeIgniter\Database\MySQLi\Connection->execute('SELECT *\nFROM `...')
#2 C:\xampp\htdocs\proyectosistema\system\Database\BaseConnection.php(605): CodeIgniter\Database\BaseConnection->simpleQuery('SELECT *\nFROM `...')
#3 C:\xampp\htdocs\proyectosistema\system\Database\BaseBuilder.php(1616): CodeIgniter\Database\BaseConnection->query('SELECT *\nFROM `...', Array, false)
#4 C:\xampp\htdocs\proyectosistema\system\Model.php(268): CodeIgniter\Database\BaseBuilder->get()
#5 C:\xampp\htdocs\proyectosistema\system\BaseModel.php(656): CodeIgniter\Model->doFirst()
#6 C:\xampp\htdocs\proyectosistema\app\Controllers\Compra.php(82): CodeIgniter\BaseModel->first()
#7 C:\xampp\htdocs\proyectosistema\system\CodeIgniter.php(934): App\Controllers\Compra->guardar()
#8 C:\xampp\htdocs\proyectosistema\system\CodeIgniter.php(499): CodeIgniter\CodeIgniter->runController(Object(App\Controllers\Compra))
#9 C:\xampp\htdocs\proyectosistema\system\CodeIgniter.php(368): CodeIgniter\CodeIgniter->handleRequest(NULL, Object(Config\Cache), false)
#10 C:\xampp\htdocs\proyectosistema\index.php(67): CodeIgniter\CodeIgniter->run()
#11 {main}
CRITICAL - 2023-05-31 04:38:59 --> You have an error in your SQL syntax; check the manual that corresponds to your MariaDB server version for the right syntax to use near '? ('2023')
 LIMIT 1' at line 5
in SYSTEMPATH\Database\MySQLi\Connection.php on line 295.
 1 SYSTEMPATH\Database\MySQLi\Connection.php(295): mysqli->query('SELECT *
FROM `compras`
WHERE `num_fact` = \'001-001-000000001\'
AND `id_per_prov` = \'1\'
AND YEAR(fecha_doc) = ? (\'2023\')
 LIMIT 1', 0)
 2 SYSTEMPATH\Database\BaseConnection.php(691): CodeIgniter\Database\MySQLi\Connection->execute('SELECT *
FROM `compras`
WHERE `num_fact` = \'001-001-000000001\'
AND `id_per_prov` = \'1\'
AND YEAR(fecha_doc) = ? (\'2023\')
 LIMIT 1')
 3 SYSTEMPATH\Database\BaseConnection.php(605): CodeIgniter\Database\BaseConnection->simpleQuery('SELECT *
FROM `compras`
WHERE `num_fact` = \'001-001-000000001\'
AND `id_per_prov` = \'1\'
AND YEAR(fecha_doc) = ? (\'2023\')
 LIMIT 1')
 4 SYSTEMPATH\Database\BaseBuilder.php(1616): CodeIgniter\Database\BaseConnection->query('SELECT *
FROM `compras`
WHERE `num_fact` = :num_fact:
AND `id_per_prov` = :id_per_prov:
AND YEAR(fecha_doc) = ? :YEAR(fecha_doc) = ?:
 LIMIT 1', [...], false)
 5 SYSTEMPATH\Model.php(268): CodeIgniter\Database\BaseBuilder->get()
 6 SYSTEMPATH\BaseModel.php(656): CodeIgniter\Model->doFirst()
 7 APPPATH\Controllers\Compra.php(82): CodeIgniter\BaseModel->first()
 8 SYSTEMPATH\CodeIgniter.php(934): App\Controllers\Compra->guardar()
 9 SYSTEMPATH\CodeIgniter.php(499): CodeIgniter\CodeIgniter->runController(Object(App\Controllers\Compra))
10 SYSTEMPATH\CodeIgniter.php(368): CodeIgniter\CodeIgniter->handleRequest(null, Object(Config\Cache), false)
11 FCPATH\index.php(67): CodeIgniter\CodeIgniter->run()
ERROR - 2023-05-31 04:39:35 --> mysqli_sql_exception: You have an error in your SQL syntax; check the manual that corresponds to your MariaDB server version for the right syntax to use near '? ('2023')
 LIMIT 1' at line 5 in C:\xampp\htdocs\proyectosistema\system\Database\MySQLi\Connection.php:295
Stack trace:
#0 C:\xampp\htdocs\proyectosistema\system\Database\MySQLi\Connection.php(295): mysqli->query('SELECT *\nFROM `...', 0)
#1 C:\xampp\htdocs\proyectosistema\system\Database\BaseConnection.php(691): CodeIgniter\Database\MySQLi\Connection->execute('SELECT *\nFROM `...')
#2 C:\xampp\htdocs\proyectosistema\system\Database\BaseConnection.php(605): CodeIgniter\Database\BaseConnection->simpleQuery('SELECT *\nFROM `...')
#3 C:\xampp\htdocs\proyectosistema\system\Database\BaseBuilder.php(1616): CodeIgniter\Database\BaseConnection->query('SELECT *\nFROM `...', Array, false)
#4 C:\xampp\htdocs\proyectosistema\system\Model.php(268): CodeIgniter\Database\BaseBuilder->get()
#5 C:\xampp\htdocs\proyectosistema\system\BaseModel.php(656): CodeIgniter\Model->doFirst()
#6 C:\xampp\htdocs\proyectosistema\app\Controllers\Compra.php(82): CodeIgniter\BaseModel->first()
#7 C:\xampp\htdocs\proyectosistema\system\CodeIgniter.php(934): App\Controllers\Compra->guardar()
#8 C:\xampp\htdocs\proyectosistema\system\CodeIgniter.php(499): CodeIgniter\CodeIgniter->runController(Object(App\Controllers\Compra))
#9 C:\xampp\htdocs\proyectosistema\system\CodeIgniter.php(368): CodeIgniter\CodeIgniter->handleRequest(NULL, Object(Config\Cache), false)
#10 C:\xampp\htdocs\proyectosistema\index.php(67): CodeIgniter\CodeIgniter->run()
#11 {main}
CRITICAL - 2023-05-31 04:39:35 --> You have an error in your SQL syntax; check the manual that corresponds to your MariaDB server version for the right syntax to use near '? ('2023')
 LIMIT 1' at line 5
in SYSTEMPATH\Database\MySQLi\Connection.php on line 295.
 1 SYSTEMPATH\Database\MySQLi\Connection.php(295): mysqli->query('SELECT *
FROM `compras`
WHERE `num_fact` = \'001-001-000000001\'
AND `id_per_prov` = \'1\'
AND YEAR(fecha_doc) = ? (\'2023\')
 LIMIT 1', 0)
 2 SYSTEMPATH\Database\BaseConnection.php(691): CodeIgniter\Database\MySQLi\Connection->execute('SELECT *
FROM `compras`
WHERE `num_fact` = \'001-001-000000001\'
AND `id_per_prov` = \'1\'
AND YEAR(fecha_doc) = ? (\'2023\')
 LIMIT 1')
 3 SYSTEMPATH\Database\BaseConnection.php(605): CodeIgniter\Database\BaseConnection->simpleQuery('SELECT *
FROM `compras`
WHERE `num_fact` = \'001-001-000000001\'
AND `id_per_prov` = \'1\'
AND YEAR(fecha_doc) = ? (\'2023\')
 LIMIT 1')
 4 SYSTEMPATH\Database\BaseBuilder.php(1616): CodeIgniter\Database\BaseConnection->query('SELECT *
FROM `compras`
WHERE `num_fact` = :num_fact:
AND `id_per_prov` = :id_per_prov:
AND YEAR(fecha_doc) = ? :YEAR(fecha_doc) = ?:
 LIMIT 1', [...], false)
 5 SYSTEMPATH\Model.php(268): CodeIgniter\Database\BaseBuilder->get()
 6 SYSTEMPATH\BaseModel.php(656): CodeIgniter\Model->doFirst()
 7 APPPATH\Controllers\Compra.php(82): CodeIgniter\BaseModel->first()
 8 SYSTEMPATH\CodeIgniter.php(934): App\Controllers\Compra->guardar()
 9 SYSTEMPATH\CodeIgniter.php(499): CodeIgniter\CodeIgniter->runController(Object(App\Controllers\Compra))
10 SYSTEMPATH\CodeIgniter.php(368): CodeIgniter\CodeIgniter->handleRequest(null, Object(Config\Cache), false)
11 FCPATH\index.php(67): CodeIgniter\CodeIgniter->run()
CRITICAL - 2023-05-31 04:39:54 --> Call to undefined method App\Models\Compras::whereRaw
in SYSTEMPATH\Model.php on line 842.
 1 APPPATH\Controllers\Compra.php(81): CodeIgniter\Model->__call('whereRaw', [...])
 2 SYSTEMPATH\CodeIgniter.php(934): App\Controllers\Compra->guardar()
 3 SYSTEMPATH\CodeIgniter.php(499): CodeIgniter\CodeIgniter->runController(Object(App\Controllers\Compra))
 4 SYSTEMPATH\CodeIgniter.php(368): CodeIgniter\CodeIgniter->handleRequest(null, Object(Config\Cache), false)
 5 FCPATH\index.php(67): CodeIgniter\CodeIgniter->run()
ERROR - 2023-05-31 04:55:45 --> mysqli_sql_exception: Unknown column 'subtotal_compra' in 'field list' in C:\xampp\htdocs\proyectosistema\system\Database\MySQLi\Connection.php:295
Stack trace:
#0 C:\xampp\htdocs\proyectosistema\system\Database\MySQLi\Connection.php(295): mysqli->query('INSERT INTO `co...', 0)
#1 C:\xampp\htdocs\proyectosistema\system\Database\BaseConnection.php(691): CodeIgniter\Database\MySQLi\Connection->execute('INSERT INTO `co...')
#2 C:\xampp\htdocs\proyectosistema\system\Database\BaseConnection.php(605): CodeIgniter\Database\BaseConnection->simpleQuery('INSERT INTO `co...')
#3 C:\xampp\htdocs\proyectosistema\system\Database\BaseBuilder.php(2309): CodeIgniter\Database\BaseConnection->query('INSERT INTO `co...', Array, false)
#4 C:\xampp\htdocs\proyectosistema\system\Model.php(330): CodeIgniter\Database\BaseBuilder->insert()
#5 C:\xampp\htdocs\proyectosistema\system\BaseModel.php(782): CodeIgniter\Model->doInsert(Array)
#6 C:\xampp\htdocs\proyectosistema\system\Model.php(730): CodeIgniter\BaseModel->insert(Array, true)
#7 C:\xampp\htdocs\proyectosistema\app\Controllers\Compra.php(114): CodeIgniter\Model->insert(Array)
#8 C:\xampp\htdocs\proyectosistema\system\CodeIgniter.php(934): App\Controllers\Compra->guardar()
#9 C:\xampp\htdocs\proyectosistema\system\CodeIgniter.php(499): CodeIgniter\CodeIgniter->runController(Object(App\Controllers\Compra))
#10 C:\xampp\htdocs\proyectosistema\system\CodeIgniter.php(368): CodeIgniter\CodeIgniter->handleRequest(NULL, Object(Config\Cache), false)
#11 C:\xampp\htdocs\proyectosistema\index.php(67): CodeIgniter\CodeIgniter->run()
#12 {main}
CRITICAL - 2023-05-31 04:55:45 --> Unknown column 'subtotal_compra' in 'field list'
in SYSTEMPATH\Database\MySQLi\Connection.php on line 295.
 1 SYSTEMPATH\Database\MySQLi\Connection.php(295): mysqli->query('INSERT INTO `compras` (`num_fact`, `autorizacion_fact`, `id_per_prov`, `fecha_doc`, `doc_adjunto`, `subtotal_compra`, `val_descuento`, `val_iva`, `descripcion`, `total`, `pagado`, `estado`) VALUES (\'111-111-111111111\', \'22222222222222222222222222222222222222222222222222\', \'1\', \'2023-05-26\', \'\', \'0\', \'0\', \'0\', \' 11221\', \'0\', 0, 1)', 0)
 2 SYSTEMPATH\Database\BaseConnection.php(691): CodeIgniter\Database\MySQLi\Connection->execute('INSERT INTO `compras` (`num_fact`, `autorizacion_fact`, `id_per_prov`, `fecha_doc`, `doc_adjunto`, `subtotal_compra`, `val_descuento`, `val_iva`, `descripcion`, `total`, `pagado`, `estado`) VALUES (\'111-111-111111111\', \'22222222222222222222222222222222222222222222222222\', \'1\', \'2023-05-26\', \'\', \'0\', \'0\', \'0\', \' 11221\', \'0\', 0, 1)')
 3 SYSTEMPATH\Database\BaseConnection.php(605): CodeIgniter\Database\BaseConnection->simpleQuery('INSERT INTO `compras` (`num_fact`, `autorizacion_fact`, `id_per_prov`, `fecha_doc`, `doc_adjunto`, `subtotal_compra`, `val_descuento`, `val_iva`, `descripcion`, `total`, `pagado`, `estado`) VALUES (\'111-111-111111111\', \'22222222222222222222222222222222222222222222222222\', \'1\', \'2023-05-26\', \'\', \'0\', \'0\', \'0\', \' 11221\', \'0\', 0, 1)')
 4 SYSTEMPATH\Database\BaseBuilder.php(2309): CodeIgniter\Database\BaseConnection->query('INSERT INTO `compras` (`num_fact`, `autorizacion_fact`, `id_per_prov`, `fecha_doc`, `doc_adjunto`, `subtotal_compra`, `val_descuento`, `val_iva`, `descripcion`, `total`, `pagado`, `estado`) VALUES (:num_fact:, :autorizacion_fact:, :id_per_prov:, :fecha_doc:, :doc_adjunto:, :subtotal_compra:, :val_descuento:, :val_iva:, :descripcion:, :total:, :pagado:, :estado:)', [...], false)
 5 SYSTEMPATH\Model.php(330): CodeIgniter\Database\BaseBuilder->insert()
 6 SYSTEMPATH\BaseModel.php(782): CodeIgniter\Model->doInsert([...])
 7 SYSTEMPATH\Model.php(730): CodeIgniter\BaseModel->insert([...], true)
 8 APPPATH\Controllers\Compra.php(114): CodeIgniter\Model->insert([...])
 9 SYSTEMPATH\CodeIgniter.php(934): App\Controllers\Compra->guardar()
10 SYSTEMPATH\CodeIgniter.php(499): CodeIgniter\CodeIgniter->runController(Object(App\Controllers\Compra))
11 SYSTEMPATH\CodeIgniter.php(368): CodeIgniter\CodeIgniter->handleRequest(null, Object(Config\Cache), false)
12 FCPATH\index.php(67): CodeIgniter\CodeIgniter->run()
ERROR - 2023-05-31 04:56:16 --> mysqli_sql_exception: Unknown column 'subtotal_compra' in 'field list' in C:\xampp\htdocs\proyectosistema\system\Database\MySQLi\Connection.php:295
Stack trace:
#0 C:\xampp\htdocs\proyectosistema\system\Database\MySQLi\Connection.php(295): mysqli->query('INSERT INTO `co...', 0)
#1 C:\xampp\htdocs\proyectosistema\system\Database\BaseConnection.php(691): CodeIgniter\Database\MySQLi\Connection->execute('INSERT INTO `co...')
#2 C:\xampp\htdocs\proyectosistema\system\Database\BaseConnection.php(605): CodeIgniter\Database\BaseConnection->simpleQuery('INSERT INTO `co...')
#3 C:\xampp\htdocs\proyectosistema\system\Database\BaseBuilder.php(2309): CodeIgniter\Database\BaseConnection->query('INSERT INTO `co...', Array, false)
#4 C:\xampp\htdocs\proyectosistema\system\Model.php(330): CodeIgniter\Database\BaseBuilder->insert()
#5 C:\xampp\htdocs\proyectosistema\system\BaseModel.php(782): CodeIgniter\Model->doInsert(Array)
#6 C:\xampp\htdocs\proyectosistema\system\Model.php(730): CodeIgniter\BaseModel->insert(Array, true)
#7 C:\xampp\htdocs\proyectosistema\app\Controllers\Compra.php(114): CodeIgniter\Model->insert(Array)
#8 C:\xampp\htdocs\proyectosistema\system\CodeIgniter.php(934): App\Controllers\Compra->guardar()
#9 C:\xampp\htdocs\proyectosistema\system\CodeIgniter.php(499): CodeIgniter\CodeIgniter->runController(Object(App\Controllers\Compra))
#10 C:\xampp\htdocs\proyectosistema\system\CodeIgniter.php(368): CodeIgniter\CodeIgniter->handleRequest(NULL, Object(Config\Cache), false)
#11 C:\xampp\htdocs\proyectosistema\index.php(67): CodeIgniter\CodeIgniter->run()
#12 {main}
CRITICAL - 2023-05-31 04:56:16 --> Unknown column 'subtotal_compra' in 'field list'
in SYSTEMPATH\Database\MySQLi\Connection.php on line 295.
 1 SYSTEMPATH\Database\MySQLi\Connection.php(295): mysqli->query('INSERT INTO `compras` (`num_fact`, `autorizacion_fact`, `id_per_prov`, `fecha_doc`, `doc_adjunto`, `subtotal_compra`, `val_descuento`, `val_iva`, `descripcion`, `total`, `pagado`, `estado`) VALUES (\'111-111-111111111\', \'22222222222222222222222222222222222222222222222222\', \'1\', \'2023-05-26\', \'\', \'0\', \'0\', \'0\', \' 11221\', \'0\', 0, 1)', 0)
 2 SYSTEMPATH\Database\BaseConnection.php(691): CodeIgniter\Database\MySQLi\Connection->execute('INSERT INTO `compras` (`num_fact`, `autorizacion_fact`, `id_per_prov`, `fecha_doc`, `doc_adjunto`, `subtotal_compra`, `val_descuento`, `val_iva`, `descripcion`, `total`, `pagado`, `estado`) VALUES (\'111-111-111111111\', \'22222222222222222222222222222222222222222222222222\', \'1\', \'2023-05-26\', \'\', \'0\', \'0\', \'0\', \' 11221\', \'0\', 0, 1)')
 3 SYSTEMPATH\Database\BaseConnection.php(605): CodeIgniter\Database\BaseConnection->simpleQuery('INSERT INTO `compras` (`num_fact`, `autorizacion_fact`, `id_per_prov`, `fecha_doc`, `doc_adjunto`, `subtotal_compra`, `val_descuento`, `val_iva`, `descripcion`, `total`, `pagado`, `estado`) VALUES (\'111-111-111111111\', \'22222222222222222222222222222222222222222222222222\', \'1\', \'2023-05-26\', \'\', \'0\', \'0\', \'0\', \' 11221\', \'0\', 0, 1)')
 4 SYSTEMPATH\Database\BaseBuilder.php(2309): CodeIgniter\Database\BaseConnection->query('INSERT INTO `compras` (`num_fact`, `autorizacion_fact`, `id_per_prov`, `fecha_doc`, `doc_adjunto`, `subtotal_compra`, `val_descuento`, `val_iva`, `descripcion`, `total`, `pagado`, `estado`) VALUES (:num_fact:, :autorizacion_fact:, :id_per_prov:, :fecha_doc:, :doc_adjunto:, :subtotal_compra:, :val_descuento:, :val_iva:, :descripcion:, :total:, :pagado:, :estado:)', [...], false)
 5 SYSTEMPATH\Model.php(330): CodeIgniter\Database\BaseBuilder->insert()
 6 SYSTEMPATH\BaseModel.php(782): CodeIgniter\Model->doInsert([...])
 7 SYSTEMPATH\Model.php(730): CodeIgniter\BaseModel->insert([...], true)
 8 APPPATH\Controllers\Compra.php(114): CodeIgniter\Model->insert([...])
 9 SYSTEMPATH\CodeIgniter.php(934): App\Controllers\Compra->guardar()
10 SYSTEMPATH\CodeIgniter.php(499): CodeIgniter\CodeIgniter->runController(Object(App\Controllers\Compra))
11 SYSTEMPATH\CodeIgniter.php(368): CodeIgniter\CodeIgniter->handleRequest(null, Object(Config\Cache), false)
12 FCPATH\index.php(67): CodeIgniter\CodeIgniter->run()
