CRITICAL - 2023-06-29 03:29:42 --> Undefined variable $usuarios
in APPPATH\Views\facturacion\index.php on line 59.
 1 APPPATH\Views\facturacion\index.php(59): CodeIgniter\Debug\Exceptions->errorHandler(2, 'Undefined variable $usuarios', 'C:\\xampp\\htdocs\\proyectosistema\\app\\Views\\facturacion\\index.php', 59)
 2 SYSTEMPATH\View\View.php(213): include('C:\\xampp\\htdocs\\proyectosistema\\app\\Views\\facturacion\\index.php')
 3 SYSTEMPATH\View\View.php(216): CodeIgniter\View\View->CodeIgniter\View\{closure}()
 4 SYSTEMPATH\Common.php(1184): CodeIgniter\View\View->render('facturacion/index', [], true)
 5 APPPATH\Controllers\Facturacion.php(16): view('facturacion/index', [...])
 6 SYSTEMPATH\CodeIgniter.php(934): App\Controllers\Facturacion->index()
 7 SYSTEMPATH\CodeIgniter.php(499): CodeIgniter\CodeIgniter->runController(Object(App\Controllers\Facturacion))
 8 SYSTEMPATH\CodeIgniter.php(368): CodeIgniter\CodeIgniter->handleRequest(null, Object(Config\Cache), false)
 9 FCPATH\index.php(67): CodeIgniter\CodeIgniter->run()
CRITICAL - 2023-06-29 03:30:45 --> Call to a member function links() on null
in APPPATH\Views\facturacion\index.php on line 62.
 1 SYSTEMPATH\View\View.php(213): include()
 2 SYSTEMPATH\View\View.php(216): CodeIgniter\View\View->CodeIgniter\View\{closure}()
 3 SYSTEMPATH\Common.php(1184): CodeIgniter\View\View->render('facturacion/index', [], true)
 4 APPPATH\Controllers\Facturacion.php(16): view('facturacion/index', [...])
 5 SYSTEMPATH\CodeIgniter.php(934): App\Controllers\Facturacion->index()
 6 SYSTEMPATH\CodeIgniter.php(499): CodeIgniter\CodeIgniter->runController(Object(App\Controllers\Facturacion))
 7 SYSTEMPATH\CodeIgniter.php(368): CodeIgniter\CodeIgniter->handleRequest(null, Object(Config\Cache), false)
 8 FCPATH\index.php(67): CodeIgniter\CodeIgniter->run()
CRITICAL - 2023-06-29 20:47:02 --> Attempt to read property "insert_id" on bool
in SYSTEMPATH\Database\MySQLi\Connection.php on line 577.
 1 SYSTEMPATH\Database\MySQLi\Connection.php(577): CodeIgniter\Debug\Exceptions->errorHandler(2, 'Attempt to read property "insert_id" on bool', 'C:\\xampp\\htdocs\\proyectosistema\\system\\Database\\MySQLi\\Connection.php', 577)
 2 SYSTEMPATH\Model.php(836): CodeIgniter\Database\MySQLi\Connection->insertID()
 3 APPPATH\Controllers\Cotizacion.php(26): CodeIgniter\Model->__call('insertID', [])
 4 SYSTEMPATH\CodeIgniter.php(934): App\Controllers\Cotizacion->crear()
 5 SYSTEMPATH\CodeIgniter.php(499): CodeIgniter\CodeIgniter->runController(Object(App\Controllers\Cotizacion))
 6 SYSTEMPATH\CodeIgniter.php(368): CodeIgniter\CodeIgniter->handleRequest(null, Object(Config\Cache), false)
 7 FCPATH\index.php(67): CodeIgniter\CodeIgniter->run()
CRITICAL - 2023-06-29 20:54:10 --> Attempt to read property "insert_id" on bool
in SYSTEMPATH\Database\MySQLi\Connection.php on line 577.
 1 SYSTEMPATH\Database\MySQLi\Connection.php(577): CodeIgniter\Debug\Exceptions->errorHandler(2, 'Attempt to read property "insert_id" on bool', 'C:\\xampp\\htdocs\\proyectosistema\\system\\Database\\MySQLi\\Connection.php', 577)
 2 SYSTEMPATH\Model.php(836): CodeIgniter\Database\MySQLi\Connection->insertID()
 3 APPPATH\Controllers\Cotizacion.php(26): CodeIgniter\Model->__call('insertID', [])
 4 SYSTEMPATH\CodeIgniter.php(934): App\Controllers\Cotizacion->crear()
 5 SYSTEMPATH\CodeIgniter.php(499): CodeIgniter\CodeIgniter->runController(Object(App\Controllers\Cotizacion))
 6 SYSTEMPATH\CodeIgniter.php(368): CodeIgniter\CodeIgniter->handleRequest(null, Object(Config\Cache), false)
 7 FCPATH\index.php(67): CodeIgniter\CodeIgniter->run()
CRITICAL - 2023-06-29 21:01:29 --> Undefined property: stdClass::$id
in APPPATH\Models\Cotizaciones.php on line 18.
 1 APPPATH\Models\Cotizaciones.php(18): CodeIgniter\Debug\Exceptions->errorHandler(2, 'Undefined property: stdClass::$id', 'C:\\xampp\\htdocs\\proyectosistema\\app\\Models\\Cotizaciones.php', 18)
 2 APPPATH\Controllers\Cotizacion.php(26): App\Models\Cotizaciones->obtenerUltimaSecuencia()
 3 SYSTEMPATH\CodeIgniter.php(934): App\Controllers\Cotizacion->crear()
 4 SYSTEMPATH\CodeIgniter.php(499): CodeIgniter\CodeIgniter->runController(Object(App\Controllers\Cotizacion))
 5 SYSTEMPATH\CodeIgniter.php(368): CodeIgniter\CodeIgniter->handleRequest(null, Object(Config\Cache), false)
 6 FCPATH\index.php(67): CodeIgniter\CodeIgniter->run()
