CRITICAL - 2023-06-15 03:10:28 --> Trying to access array offset on value of type null
in APPPATH\Controllers\Pago.php on line 277.
 1 APPPATH\Controllers\Pago.php(277): CodeIgniter\Debug\Exceptions->errorHandler(2, 'Trying to access array offset on value of type null', 'C:\\xampp\\htdocs\\proyectosistema\\app\\Controllers\\Pago.php', 277)
 2 SYSTEMPATH\CodeIgniter.php(934): App\Controllers\Pago->actualizar()
 3 SYSTEMPATH\CodeIgniter.php(499): CodeIgniter\CodeIgniter->runController(Object(App\Controllers\Pago))
 4 SYSTEMPATH\CodeIgniter.php(368): CodeIgniter\CodeIgniter->handleRequest(null, Object(Config\Cache), false)
 5 FCPATH\index.php(67): CodeIgniter\CodeIgniter->run()
CRITICAL - 2023-06-15 03:10:43 --> Trying to access array offset on value of type null
in APPPATH\Controllers\Pago.php on line 277.
 1 APPPATH\Controllers\Pago.php(277): CodeIgniter\Debug\Exceptions->errorHandler(2, 'Trying to access array offset on value of type null', 'C:\\xampp\\htdocs\\proyectosistema\\app\\Controllers\\Pago.php', 277)
 2 SYSTEMPATH\CodeIgniter.php(934): App\Controllers\Pago->actualizar()
 3 SYSTEMPATH\CodeIgniter.php(499): CodeIgniter\CodeIgniter->runController(Object(App\Controllers\Pago))
 4 SYSTEMPATH\CodeIgniter.php(368): CodeIgniter\CodeIgniter->handleRequest(null, Object(Config\Cache), false)
 5 FCPATH\index.php(67): CodeIgniter\CodeIgniter->run()
CRITICAL - 2023-06-15 03:11:06 --> Trying to access array offset on value of type null
in APPPATH\Controllers\Pago.php on line 277.
 1 APPPATH\Controllers\Pago.php(277): CodeIgniter\Debug\Exceptions->errorHandler(2, 'Trying to access array offset on value of type null', 'C:\\xampp\\htdocs\\proyectosistema\\app\\Controllers\\Pago.php', 277)
 2 SYSTEMPATH\CodeIgniter.php(934): App\Controllers\Pago->actualizar()
 3 SYSTEMPATH\CodeIgniter.php(499): CodeIgniter\CodeIgniter->runController(Object(App\Controllers\Pago))
 4 SYSTEMPATH\CodeIgniter.php(368): CodeIgniter\CodeIgniter->handleRequest(null, Object(Config\Cache), false)
 5 FCPATH\index.php(67): CodeIgniter\CodeIgniter->run()
CRITICAL - 2023-06-15 03:11:08 --> Trying to access array offset on value of type null
in APPPATH\Controllers\Pago.php on line 277.
 1 APPPATH\Controllers\Pago.php(277): CodeIgniter\Debug\Exceptions->errorHandler(2, 'Trying to access array offset on value of type null', 'C:\\xampp\\htdocs\\proyectosistema\\app\\Controllers\\Pago.php', 277)
 2 SYSTEMPATH\CodeIgniter.php(934): App\Controllers\Pago->actualizar()
 3 SYSTEMPATH\CodeIgniter.php(499): CodeIgniter\CodeIgniter->runController(Object(App\Controllers\Pago))
 4 SYSTEMPATH\CodeIgniter.php(368): CodeIgniter\CodeIgniter->handleRequest(null, Object(Config\Cache), false)
 5 FCPATH\index.php(67): CodeIgniter\CodeIgniter->run()
CRITICAL - 2023-06-15 03:12:36 --> Trying to access array offset on value of type null
in APPPATH\Controllers\Pago.php on line 278.
 1 APPPATH\Controllers\Pago.php(278): CodeIgniter\Debug\Exceptions->errorHandler(2, 'Trying to access array offset on value of type null', 'C:\\xampp\\htdocs\\proyectosistema\\app\\Controllers\\Pago.php', 278)
 2 SYSTEMPATH\CodeIgniter.php(934): App\Controllers\Pago->actualizar()
 3 SYSTEMPATH\CodeIgniter.php(499): CodeIgniter\CodeIgniter->runController(Object(App\Controllers\Pago))
 4 SYSTEMPATH\CodeIgniter.php(368): CodeIgniter\CodeIgniter->handleRequest(null, Object(Config\Cache), false)
 5 FCPATH\index.php(67): CodeIgniter\CodeIgniter->run()
CRITICAL - 2023-06-15 03:17:05 --> Trying to access array offset on value of type null
in APPPATH\Controllers\Pago.php on line 278.
 1 APPPATH\Controllers\Pago.php(278): CodeIgniter\Debug\Exceptions->errorHandler(2, 'Trying to access array offset on value of type null', 'C:\\xampp\\htdocs\\proyectosistema\\app\\Controllers\\Pago.php', 278)
 2 SYSTEMPATH\CodeIgniter.php(934): App\Controllers\Pago->actualizar()
 3 SYSTEMPATH\CodeIgniter.php(499): CodeIgniter\CodeIgniter->runController(Object(App\Controllers\Pago))
 4 SYSTEMPATH\CodeIgniter.php(368): CodeIgniter\CodeIgniter->handleRequest(null, Object(Config\Cache), false)
 5 FCPATH\index.php(67): CodeIgniter\CodeIgniter->run()
CRITICAL - 2023-06-15 03:22:21 --> Array to string conversion
in APPPATH\Controllers\Pago.php on line 269.
 1 APPPATH\Controllers\Pago.php(269): CodeIgniter\Debug\Exceptions->errorHandler(2, 'Array to string conversion', 'C:\\xampp\\htdocs\\proyectosistema\\app\\Controllers\\Pago.php', 269)
 2 SYSTEMPATH\CodeIgniter.php(934): App\Controllers\Pago->actualizar()
 3 SYSTEMPATH\CodeIgniter.php(499): CodeIgniter\CodeIgniter->runController(Object(App\Controllers\Pago))
 4 SYSTEMPATH\CodeIgniter.php(368): CodeIgniter\CodeIgniter->handleRequest(null, Object(Config\Cache), false)
 5 FCPATH\index.php(67): CodeIgniter\CodeIgniter->run()
CRITICAL - 2023-06-15 03:22:43 --> Array to string conversion
in APPPATH\Controllers\Pago.php on line 269.
 1 APPPATH\Controllers\Pago.php(269): CodeIgniter\Debug\Exceptions->errorHandler(2, 'Array to string conversion', 'C:\\xampp\\htdocs\\proyectosistema\\app\\Controllers\\Pago.php', 269)
 2 SYSTEMPATH\CodeIgniter.php(934): App\Controllers\Pago->actualizar()
 3 SYSTEMPATH\CodeIgniter.php(499): CodeIgniter\CodeIgniter->runController(Object(App\Controllers\Pago))
 4 SYSTEMPATH\CodeIgniter.php(368): CodeIgniter\CodeIgniter->handleRequest(null, Object(Config\Cache), false)
 5 FCPATH\index.php(67): CodeIgniter\CodeIgniter->run()
CRITICAL - 2023-06-15 03:22:59 --> Array to string conversion
in APPPATH\Controllers\Pago.php on line 269.
 1 APPPATH\Controllers\Pago.php(269): CodeIgniter\Debug\Exceptions->errorHandler(2, 'Array to string conversion', 'C:\\xampp\\htdocs\\proyectosistema\\app\\Controllers\\Pago.php', 269)
 2 SYSTEMPATH\CodeIgniter.php(934): App\Controllers\Pago->actualizar()
 3 SYSTEMPATH\CodeIgniter.php(499): CodeIgniter\CodeIgniter->runController(Object(App\Controllers\Pago))
 4 SYSTEMPATH\CodeIgniter.php(368): CodeIgniter\CodeIgniter->handleRequest(null, Object(Config\Cache), false)
 5 FCPATH\index.php(67): CodeIgniter\CodeIgniter->run()
