CRITICAL - 2023-05-21 01:07:36 --> The framework needs the following extension(s) installed and loaded: intl.
in SYSTEMPATH\CodeIgniter.php on line 226.
 1 SYSTEMPATH\CodeIgniter.php(226): CodeIgniter\Exceptions\FrameworkException::forMissingExtension('intl')
 2 SYSTEMPATH\CodeIgniter.php(190): CodeIgniter\CodeIgniter->resolvePlatformExtensions()
 3 FCPATH\index.php(55): CodeIgniter\CodeIgniter->initialize()
CRITICAL - 2023-05-21 00:03:27 --> Undefined array key "nombres"
in APPPATH\Views\productos\index.php on line 54.
 1 APPPATH\Views\productos\index.php(54): CodeIgniter\Debug\Exceptions->errorHandler(2, 'Undefined array key "nombres"', 'C:\\xampp\\htdocs\\proyectosistema\\app\\Views\\productos\\index.php', 54)
 2 SYSTEMPATH\View\View.php(213): include('C:\\xampp\\htdocs\\proyectosistema\\app\\Views\\productos\\index.php')
 3 SYSTEMPATH\View\View.php(216): CodeIgniter\View\View->CodeIgniter\View\{closure}()
 4 SYSTEMPATH\Common.php(1184): CodeIgniter\View\View->render('productos/index', [], true)
 5 APPPATH\Controllers\Producto.php(13): view('productos/index', [...])
 6 SYSTEMPATH\CodeIgniter.php(934): App\Controllers\Producto->index()
 7 SYSTEMPATH\CodeIgniter.php(499): CodeIgniter\CodeIgniter->runController(Object(App\Controllers\Producto))
 8 SYSTEMPATH\CodeIgniter.php(368): CodeIgniter\CodeIgniter->handleRequest(null, Object(Config\Cache), false)
 9 FCPATH\index.php(67): CodeIgniter\CodeIgniter->run()
CRITICAL - 2023-05-21 00:06:38 --> Array to string conversion
in APPPATH\Views\productos\index.php on line 54.
 1 APPPATH\Views\productos\index.php(54): CodeIgniter\Debug\Exceptions->errorHandler(2, 'Array to string conversion', 'C:\\xampp\\htdocs\\proyectosistema\\app\\Views\\productos\\index.php', 54)
 2 SYSTEMPATH\View\View.php(213): include('C:\\xampp\\htdocs\\proyectosistema\\app\\Views\\productos\\index.php')
 3 SYSTEMPATH\View\View.php(216): CodeIgniter\View\View->CodeIgniter\View\{closure}()
 4 SYSTEMPATH\Common.php(1184): CodeIgniter\View\View->render('productos/index', [], true)
 5 APPPATH\Controllers\Producto.php(13): view('productos/index', [...])
 6 SYSTEMPATH\CodeIgniter.php(934): App\Controllers\Producto->index()
 7 SYSTEMPATH\CodeIgniter.php(499): CodeIgniter\CodeIgniter->runController(Object(App\Controllers\Producto))
 8 SYSTEMPATH\CodeIgniter.php(368): CodeIgniter\CodeIgniter->handleRequest(null, Object(Config\Cache), false)
 9 FCPATH\index.php(67): CodeIgniter\CodeIgniter->run()
CRITICAL - 2023-05-21 00:06:59 --> Unsupported operand types: string - string
in APPPATH\Views\productos\index.php on line 54.
 1 SYSTEMPATH\View\View.php(213): include()
 2 SYSTEMPATH\View\View.php(216): CodeIgniter\View\View->CodeIgniter\View\{closure}()
 3 SYSTEMPATH\Common.php(1184): CodeIgniter\View\View->render('productos/index', [], true)
 4 APPPATH\Controllers\Producto.php(13): view('productos/index', [...])
 5 SYSTEMPATH\CodeIgniter.php(934): App\Controllers\Producto->index()
 6 SYSTEMPATH\CodeIgniter.php(499): CodeIgniter\CodeIgniter->runController(Object(App\Controllers\Producto))
 7 SYSTEMPATH\CodeIgniter.php(368): CodeIgniter\CodeIgniter->handleRequest(null, Object(Config\Cache), false)
 8 FCPATH\index.php(67): CodeIgniter\CodeIgniter->run()
CRITICAL - 2023-05-21 00:17:08 --> Undefined array key "categoria"
in APPPATH\Views\productos\index.php on line 56.
 1 APPPATH\Views\productos\index.php(56): CodeIgniter\Debug\Exceptions->errorHandler(2, 'Undefined array key "categoria"', 'C:\\xampp\\htdocs\\proyectosistema\\app\\Views\\productos\\index.php', 56)
 2 SYSTEMPATH\View\View.php(213): include('C:\\xampp\\htdocs\\proyectosistema\\app\\Views\\productos\\index.php')
 3 SYSTEMPATH\View\View.php(216): CodeIgniter\View\View->CodeIgniter\View\{closure}()
 4 SYSTEMPATH\Common.php(1184): CodeIgniter\View\View->render('productos/index', [], true)
 5 APPPATH\Controllers\Producto.php(13): view('productos/index', [...])
 6 SYSTEMPATH\CodeIgniter.php(934): App\Controllers\Producto->index()
 7 SYSTEMPATH\CodeIgniter.php(499): CodeIgniter\CodeIgniter->runController(Object(App\Controllers\Producto))
 8 SYSTEMPATH\CodeIgniter.php(368): CodeIgniter\CodeIgniter->handleRequest(null, Object(Config\Cache), false)
 9 FCPATH\index.php(67): CodeIgniter\CodeIgniter->run()
CRITICAL - 2023-05-21 02:29:17 --> Undefined array key "iva"
in APPPATH\Views\productos\index.php on line 70.
 1 APPPATH\Views\productos\index.php(70): CodeIgniter\Debug\Exceptions->errorHandler(2, 'Undefined array key "iva"', 'C:\\xampp\\htdocs\\proyectosistema\\app\\Views\\productos\\index.php', 70)
 2 SYSTEMPATH\View\View.php(213): include('C:\\xampp\\htdocs\\proyectosistema\\app\\Views\\productos\\index.php')
 3 SYSTEMPATH\View\View.php(216): CodeIgniter\View\View->CodeIgniter\View\{closure}()
 4 SYSTEMPATH\Common.php(1184): CodeIgniter\View\View->render('productos/index', [], true)
 5 APPPATH\Controllers\Producto.php(18): view('productos/index', [...])
 6 SYSTEMPATH\CodeIgniter.php(934): App\Controllers\Producto->index()
 7 SYSTEMPATH\CodeIgniter.php(499): CodeIgniter\CodeIgniter->runController(Object(App\Controllers\Producto))
 8 SYSTEMPATH\CodeIgniter.php(368): CodeIgniter\CodeIgniter->handleRequest(null, Object(Config\Cache), false)
 9 FCPATH\index.php(67): CodeIgniter\CodeIgniter->run()
CRITICAL - 2023-05-21 05:09:27 --> Undefined variable $categoria
in APPPATH\Views\productos\index.php on line 95.
 1 APPPATH\Views\productos\index.php(95): CodeIgniter\Debug\Exceptions->errorHandler(2, 'Undefined variable $categoria', 'C:\\xampp\\htdocs\\proyectosistema\\app\\Views\\productos\\index.php', 95)
 2 SYSTEMPATH\View\View.php(213): include('C:\\xampp\\htdocs\\proyectosistema\\app\\Views\\productos\\index.php')
 3 SYSTEMPATH\View\View.php(216): CodeIgniter\View\View->CodeIgniter\View\{closure}()
 4 SYSTEMPATH\Common.php(1184): CodeIgniter\View\View->render('productos/index', [], true)
 5 APPPATH\Controllers\Producto.php(18): view('productos/index', [...])
 6 SYSTEMPATH\CodeIgniter.php(934): App\Controllers\Producto->index()
 7 SYSTEMPATH\CodeIgniter.php(499): CodeIgniter\CodeIgniter->runController(Object(App\Controllers\Producto))
 8 SYSTEMPATH\CodeIgniter.php(368): CodeIgniter\CodeIgniter->handleRequest(null, Object(Config\Cache), false)
 9 FCPATH\index.php(67): CodeIgniter\CodeIgniter->run()
CRITICAL - 2023-05-21 16:08:43 --> Invalid file: "producto/editar.php"
in SYSTEMPATH\Exceptions\FrameworkException.php on line 33.
 1 SYSTEMPATH\View\View.php(201): CodeIgniter\Exceptions\FrameworkException::forInvalidFile('producto/editar.php')
 2 SYSTEMPATH\Common.php(1184): CodeIgniter\View\View->render('producto/editar', [], true)
 3 APPPATH\Controllers\Producto.php(99): view('producto/editar', [...])
 4 SYSTEMPATH\CodeIgniter.php(934): App\Controllers\Producto->editar('1')
 5 SYSTEMPATH\CodeIgniter.php(499): CodeIgniter\CodeIgniter->runController(Object(App\Controllers\Producto))
 6 SYSTEMPATH\CodeIgniter.php(368): CodeIgniter\CodeIgniter->handleRequest(null, Object(Config\Cache), false)
 7 FCPATH\index.php(67): CodeIgniter\CodeIgniter->run()
CRITICAL - 2023-05-21 16:09:25 --> Invalid file: "producto/editar.php"
in SYSTEMPATH\Exceptions\FrameworkException.php on line 33.
 1 SYSTEMPATH\View\View.php(201): CodeIgniter\Exceptions\FrameworkException::forInvalidFile('producto/editar.php')
 2 SYSTEMPATH\Common.php(1184): CodeIgniter\View\View->render('producto/editar', [], true)
 3 APPPATH\Controllers\Producto.php(99): view('producto/editar', [...])
 4 SYSTEMPATH\CodeIgniter.php(934): App\Controllers\Producto->editar('1')
 5 SYSTEMPATH\CodeIgniter.php(499): CodeIgniter\CodeIgniter->runController(Object(App\Controllers\Producto))
 6 SYSTEMPATH\CodeIgniter.php(368): CodeIgniter\CodeIgniter->handleRequest(null, Object(Config\Cache), false)
 7 FCPATH\index.php(67): CodeIgniter\CodeIgniter->run()
CRITICAL - 2023-05-21 16:09:46 --> Invalid file: "producto/editarProducto.php"
in SYSTEMPATH\Exceptions\FrameworkException.php on line 33.
 1 SYSTEMPATH\View\View.php(201): CodeIgniter\Exceptions\FrameworkException::forInvalidFile('producto/editarProducto.php')
 2 SYSTEMPATH\Common.php(1184): CodeIgniter\View\View->render('producto/editarProducto', [], true)
 3 APPPATH\Controllers\Producto.php(99): view('producto/editarProducto', [...])
 4 SYSTEMPATH\CodeIgniter.php(934): App\Controllers\Producto->editar('1')
 5 SYSTEMPATH\CodeIgniter.php(499): CodeIgniter\CodeIgniter->runController(Object(App\Controllers\Producto))
 6 SYSTEMPATH\CodeIgniter.php(368): CodeIgniter\CodeIgniter->handleRequest(null, Object(Config\Cache), false)
 7 FCPATH\index.php(67): CodeIgniter\CodeIgniter->run()
CRITICAL - 2023-05-21 16:10:02 --> Invalid file: "producto/editarProducto.php"
in SYSTEMPATH\Exceptions\FrameworkException.php on line 33.
 1 SYSTEMPATH\View\View.php(201): CodeIgniter\Exceptions\FrameworkException::forInvalidFile('producto/editarProducto.php')
 2 SYSTEMPATH\Common.php(1184): CodeIgniter\View\View->render('producto/editarProducto', [], true)
 3 APPPATH\Controllers\Producto.php(99): view('producto/editarProducto', [...])
 4 SYSTEMPATH\CodeIgniter.php(934): App\Controllers\Producto->editar('1')
 5 SYSTEMPATH\CodeIgniter.php(499): CodeIgniter\CodeIgniter->runController(Object(App\Controllers\Producto))
 6 SYSTEMPATH\CodeIgniter.php(368): CodeIgniter\CodeIgniter->handleRequest(null, Object(Config\Cache), false)
 7 FCPATH\index.php(67): CodeIgniter\CodeIgniter->run()
CRITICAL - 2023-05-21 16:37:22 --> Undefined variable $categoria
in APPPATH\Views\productos\editarProducto.php on line 64.
 1 APPPATH\Views\productos\editarProducto.php(64): CodeIgniter\Debug\Exceptions->errorHandler(2, 'Undefined variable $categoria', 'C:\\xampp\\htdocs\\proyectosistema\\app\\Views\\productos\\editarProducto.php', 64)
 2 SYSTEMPATH\View\View.php(213): include('C:\\xampp\\htdocs\\proyectosistema\\app\\Views\\productos\\editarProducto.php')
 3 SYSTEMPATH\View\View.php(216): CodeIgniter\View\View->CodeIgniter\View\{closure}()
 4 SYSTEMPATH\Common.php(1184): CodeIgniter\View\View->render('productos/editarProducto', [], true)
 5 APPPATH\Controllers\Producto.php(99): view('productos/editarProducto', [...])
 6 SYSTEMPATH\CodeIgniter.php(934): App\Controllers\Producto->editar('1')
 7 SYSTEMPATH\CodeIgniter.php(499): CodeIgniter\CodeIgniter->runController(Object(App\Controllers\Producto))
 8 SYSTEMPATH\CodeIgniter.php(368): CodeIgniter\CodeIgniter->handleRequest(null, Object(Config\Cache), false)
 9 FCPATH\index.php(67): CodeIgniter\CodeIgniter->run()
CRITICAL - 2023-05-21 16:43:25 --> Updates are not allowed unless they contain a "where" or "like" clause.
in SYSTEMPATH\Model.php on line 391.
 1 SYSTEMPATH\BaseModel.php(943): CodeIgniter\Model->doUpdate(null, [...])
 2 SYSTEMPATH\Model.php(756): CodeIgniter\BaseModel->update(null, [...])
 3 APPPATH\Controllers\Producto.php(124): CodeIgniter\Model->update(null, [...])
 4 SYSTEMPATH\CodeIgniter.php(934): App\Controllers\Producto->actualizarProducto()
 5 SYSTEMPATH\CodeIgniter.php(499): CodeIgniter\CodeIgniter->runController(Object(App\Controllers\Producto))
 6 SYSTEMPATH\CodeIgniter.php(368): CodeIgniter\CodeIgniter->handleRequest(null, Object(Config\Cache), false)
 7 FCPATH\index.php(67): CodeIgniter\CodeIgniter->run()
CRITICAL - 2023-05-21 19:59:50 --> Undefined variable $categorias
in APPPATH\Views\usuarios\crear.php on line 40.
 1 APPPATH\Views\usuarios\crear.php(40): CodeIgniter\Debug\Exceptions->errorHandler(2, 'Undefined variable $categorias', 'C:\\xampp\\htdocs\\proyectosistema\\app\\Views\\usuarios\\crear.php', 40)
 2 SYSTEMPATH\View\View.php(213): include('C:\\xampp\\htdocs\\proyectosistema\\app\\Views\\usuarios\\crear.php')
 3 SYSTEMPATH\View\View.php(216): CodeIgniter\View\View->CodeIgniter\View\{closure}()
 4 SYSTEMPATH\Common.php(1184): CodeIgniter\View\View->render('usuarios/crear', [], true)
 5 APPPATH\Controllers\User.php(30): view('usuarios/crear', [...])
 6 SYSTEMPATH\CodeIgniter.php(934): App\Controllers\User->crear()
 7 SYSTEMPATH\CodeIgniter.php(499): CodeIgniter\CodeIgniter->runController(Object(App\Controllers\User))
 8 SYSTEMPATH\CodeIgniter.php(368): CodeIgniter\CodeIgniter->handleRequest(null, Object(Config\Cache), false)
 9 FCPATH\index.php(67): CodeIgniter\CodeIgniter->run()
ERROR - 2023-05-21 20:01:34 --> mysqli_sql_exception: Unknown column 'usuarios.id' in 'order clause' in C:\xampp\htdocs\proyectosistema\system\Database\MySQLi\Connection.php:295
Stack trace:
#0 C:\xampp\htdocs\proyectosistema\system\Database\MySQLi\Connection.php(295): mysqli->query('SELECT *\nFROM `...', 0)
#1 C:\xampp\htdocs\proyectosistema\system\Database\BaseConnection.php(691): CodeIgniter\Database\MySQLi\Connection->execute('SELECT *\nFROM `...')
#2 C:\xampp\htdocs\proyectosistema\system\Database\BaseConnection.php(605): CodeIgniter\Database\BaseConnection->simpleQuery('SELECT *\nFROM `...')
#3 C:\xampp\htdocs\proyectosistema\system\Database\BaseBuilder.php(1616): CodeIgniter\Database\BaseConnection->query('SELECT *\nFROM `...', Array, false)
#4 C:\xampp\htdocs\proyectosistema\system\Model.php(241): CodeIgniter\Database\BaseBuilder->get()
#5 C:\xampp\htdocs\proyectosistema\system\BaseModel.php(618): CodeIgniter\Model->doFindAll(0, 0)
#6 C:\xampp\htdocs\proyectosistema\app\Controllers\User.php(29): CodeIgniter\BaseModel->findAll()
#7 C:\xampp\htdocs\proyectosistema\system\CodeIgniter.php(934): App\Controllers\User->crear()
#8 C:\xampp\htdocs\proyectosistema\system\CodeIgniter.php(499): CodeIgniter\CodeIgniter->runController(Object(App\Controllers\User))
#9 C:\xampp\htdocs\proyectosistema\system\CodeIgniter.php(368): CodeIgniter\CodeIgniter->handleRequest(NULL, Object(Config\Cache), false)
#10 C:\xampp\htdocs\proyectosistema\public\index.php(67): CodeIgniter\CodeIgniter->run()
#11 {main}
CRITICAL - 2023-05-21 20:01:34 --> Unknown column 'usuarios.id' in 'order clause'
in SYSTEMPATH\Database\MySQLi\Connection.php on line 295.
 1 SYSTEMPATH\Database\MySQLi\Connection.php(295): mysqli->query('SELECT *
FROM `personas`
ORDER BY `usuarios`.`id` ASC', 0)
 2 SYSTEMPATH\Database\BaseConnection.php(691): CodeIgniter\Database\MySQLi\Connection->execute('SELECT *
FROM `personas`
ORDER BY `usuarios`.`id` ASC')
 3 SYSTEMPATH\Database\BaseConnection.php(605): CodeIgniter\Database\BaseConnection->simpleQuery('SELECT *
FROM `personas`
ORDER BY `usuarios`.`id` ASC')
 4 SYSTEMPATH\Database\BaseBuilder.php(1616): CodeIgniter\Database\BaseConnection->query('SELECT *
FROM `personas`
ORDER BY `usuarios`.`id` ASC', [], false)
 5 SYSTEMPATH\Model.php(241): CodeIgniter\Database\BaseBuilder->get()
 6 SYSTEMPATH\BaseModel.php(618): CodeIgniter\Model->doFindAll(0, 0)
 7 APPPATH\Controllers\User.php(29): CodeIgniter\BaseModel->findAll()
 8 SYSTEMPATH\CodeIgniter.php(934): App\Controllers\User->crear()
 9 SYSTEMPATH\CodeIgniter.php(499): CodeIgniter\CodeIgniter->runController(Object(App\Controllers\User))
10 SYSTEMPATH\CodeIgniter.php(368): CodeIgniter\CodeIgniter->handleRequest(null, Object(Config\Cache), false)
11 FCPATH\index.php(67): CodeIgniter\CodeIgniter->run()
CRITICAL - 2023-05-21 20:20:30 --> "uploaded_file" is not a valid rule.
in SYSTEMPATH\Validation\Validation.php on line 320.
 1 SYSTEMPATH\Validation\Validation.php(320): CodeIgniter\Validation\Exceptions\ValidationException::forRuleNotFound('uploaded_file')
 2 SYSTEMPATH\Validation\Validation.php(170): CodeIgniter\Validation\Validation->processRules('imagen', 'imagen', null, [...], [...])
 3 SYSTEMPATH\Controller.php(140): CodeIgniter\Validation\Validation->run()
 4 APPPATH\Controllers\User.php(78): CodeIgniter\Controller->validate([...])
 5 SYSTEMPATH\CodeIgniter.php(934): App\Controllers\User->guardar()
 6 SYSTEMPATH\CodeIgniter.php(499): CodeIgniter\CodeIgniter->runController(Object(App\Controllers\User))
 7 SYSTEMPATH\CodeIgniter.php(368): CodeIgniter\CodeIgniter->handleRequest(null, Object(Config\Cache), false)
 8 FCPATH\index.php(67): CodeIgniter\CodeIgniter->run()
ERROR - 2023-05-21 20:26:17 --> mysqli_sql_exception: Column 'imagen' cannot be null in C:\xampp\htdocs\proyectosistema\system\Database\MySQLi\Connection.php:295
Stack trace:
#0 C:\xampp\htdocs\proyectosistema\system\Database\MySQLi\Connection.php(295): mysqli->query('INSERT INTO `us...', 0)
#1 C:\xampp\htdocs\proyectosistema\system\Database\BaseConnection.php(691): CodeIgniter\Database\MySQLi\Connection->execute('INSERT INTO `us...')
#2 C:\xampp\htdocs\proyectosistema\system\Database\BaseConnection.php(605): CodeIgniter\Database\BaseConnection->simpleQuery('INSERT INTO `us...')
#3 C:\xampp\htdocs\proyectosistema\system\Database\BaseBuilder.php(2309): CodeIgniter\Database\BaseConnection->query('INSERT INTO `us...', Array, false)
#4 C:\xampp\htdocs\proyectosistema\app\Models\Users.php(33): CodeIgniter\Database\BaseBuilder->insert(Array)
#5 C:\xampp\htdocs\proyectosistema\app\Controllers\User.php(101): App\Models\Users->guardar(Array)
#6 C:\xampp\htdocs\proyectosistema\system\CodeIgniter.php(934): App\Controllers\User->guardar()
#7 C:\xampp\htdocs\proyectosistema\system\CodeIgniter.php(499): CodeIgniter\CodeIgniter->runController(Object(App\Controllers\User))
#8 C:\xampp\htdocs\proyectosistema\system\CodeIgniter.php(368): CodeIgniter\CodeIgniter->handleRequest(NULL, Object(Config\Cache), false)
#9 C:\xampp\htdocs\proyectosistema\public\index.php(67): CodeIgniter\CodeIgniter->run()
#10 {main}
CRITICAL - 2023-05-21 20:26:17 --> Column 'imagen' cannot be null
in SYSTEMPATH\Database\MySQLi\Connection.php on line 295.
 1 SYSTEMPATH\Database\MySQLi\Connection.php(295): mysqli->query('INSERT INTO `usuarios` (`usuario`, `password`, `id_persona`, `id_rol`, `estado`, `imagen`) VALUES (\'abad1234	\', \'$2y$10$xNcJUQ8nvq9D1eX.Fr20juRsmhPYxzThxHiZN2es1koMvdc/EiFZa\', \'32\', \'2\', 1, NULL)', 0)
 2 SYSTEMPATH\Database\BaseConnection.php(691): CodeIgniter\Database\MySQLi\Connection->execute('INSERT INTO `usuarios` (`usuario`, `password`, `id_persona`, `id_rol`, `estado`, `imagen`) VALUES (\'abad1234	\', \'$2y$10$xNcJUQ8nvq9D1eX.Fr20juRsmhPYxzThxHiZN2es1koMvdc/EiFZa\', \'32\', \'2\', 1, NULL)')
 3 SYSTEMPATH\Database\BaseConnection.php(605): CodeIgniter\Database\BaseConnection->simpleQuery('INSERT INTO `usuarios` (`usuario`, `password`, `id_persona`, `id_rol`, `estado`, `imagen`) VALUES (\'abad1234	\', \'$2y$10$xNcJUQ8nvq9D1eX.Fr20juRsmhPYxzThxHiZN2es1koMvdc/EiFZa\', \'32\', \'2\', 1, NULL)')
 4 SYSTEMPATH\Database\BaseBuilder.php(2309): CodeIgniter\Database\BaseConnection->query('INSERT INTO `usuarios` (`usuario`, `password`, `id_persona`, `id_rol`, `estado`, `imagen`) VALUES (:usuario:, :password:, :id_persona:, :id_rol:, :estado:, :imagen:)', [...], false)
 5 APPPATH\Models\Users.php(33): CodeIgniter\Database\BaseBuilder->insert([...])
 6 APPPATH\Controllers\User.php(101): App\Models\Users->guardar([...])
 7 SYSTEMPATH\CodeIgniter.php(934): App\Controllers\User->guardar()
 8 SYSTEMPATH\CodeIgniter.php(499): CodeIgniter\CodeIgniter->runController(Object(App\Controllers\User))
 9 SYSTEMPATH\CodeIgniter.php(368): CodeIgniter\CodeIgniter->handleRequest(null, Object(Config\Cache), false)
10 FCPATH\index.php(67): CodeIgniter\CodeIgniter->run()
ERROR - 2023-05-21 20:26:35 --> mysqli_sql_exception: Column 'imagen' cannot be null in C:\xampp\htdocs\proyectosistema\system\Database\MySQLi\Connection.php:295
Stack trace:
#0 C:\xampp\htdocs\proyectosistema\system\Database\MySQLi\Connection.php(295): mysqli->query('INSERT INTO `us...', 0)
#1 C:\xampp\htdocs\proyectosistema\system\Database\BaseConnection.php(691): CodeIgniter\Database\MySQLi\Connection->execute('INSERT INTO `us...')
#2 C:\xampp\htdocs\proyectosistema\system\Database\BaseConnection.php(605): CodeIgniter\Database\BaseConnection->simpleQuery('INSERT INTO `us...')
#3 C:\xampp\htdocs\proyectosistema\system\Database\BaseBuilder.php(2309): CodeIgniter\Database\BaseConnection->query('INSERT INTO `us...', Array, false)
#4 C:\xampp\htdocs\proyectosistema\app\Models\Users.php(33): CodeIgniter\Database\BaseBuilder->insert(Array)
#5 C:\xampp\htdocs\proyectosistema\app\Controllers\User.php(101): App\Models\Users->guardar(Array)
#6 C:\xampp\htdocs\proyectosistema\system\CodeIgniter.php(934): App\Controllers\User->guardar()
#7 C:\xampp\htdocs\proyectosistema\system\CodeIgniter.php(499): CodeIgniter\CodeIgniter->runController(Object(App\Controllers\User))
#8 C:\xampp\htdocs\proyectosistema\system\CodeIgniter.php(368): CodeIgniter\CodeIgniter->handleRequest(NULL, Object(Config\Cache), false)
#9 C:\xampp\htdocs\proyectosistema\public\index.php(67): CodeIgniter\CodeIgniter->run()
#10 {main}
CRITICAL - 2023-05-21 20:26:35 --> Column 'imagen' cannot be null
in SYSTEMPATH\Database\MySQLi\Connection.php on line 295.
 1 SYSTEMPATH\Database\MySQLi\Connection.php(295): mysqli->query('INSERT INTO `usuarios` (`usuario`, `password`, `id_persona`, `id_rol`, `estado`, `imagen`) VALUES (\'abad1234	\', \'$2y$10$LN97jh7noXZ7hE66erY0x.5HJeWOMsjaj6q3oUxph1IK7Qsbn3NiK\', \'32\', \'2\', 1, NULL)', 0)
 2 SYSTEMPATH\Database\BaseConnection.php(691): CodeIgniter\Database\MySQLi\Connection->execute('INSERT INTO `usuarios` (`usuario`, `password`, `id_persona`, `id_rol`, `estado`, `imagen`) VALUES (\'abad1234	\', \'$2y$10$LN97jh7noXZ7hE66erY0x.5HJeWOMsjaj6q3oUxph1IK7Qsbn3NiK\', \'32\', \'2\', 1, NULL)')
 3 SYSTEMPATH\Database\BaseConnection.php(605): CodeIgniter\Database\BaseConnection->simpleQuery('INSERT INTO `usuarios` (`usuario`, `password`, `id_persona`, `id_rol`, `estado`, `imagen`) VALUES (\'abad1234	\', \'$2y$10$LN97jh7noXZ7hE66erY0x.5HJeWOMsjaj6q3oUxph1IK7Qsbn3NiK\', \'32\', \'2\', 1, NULL)')
 4 SYSTEMPATH\Database\BaseBuilder.php(2309): CodeIgniter\Database\BaseConnection->query('INSERT INTO `usuarios` (`usuario`, `password`, `id_persona`, `id_rol`, `estado`, `imagen`) VALUES (:usuario:, :password:, :id_persona:, :id_rol:, :estado:, :imagen:)', [...], false)
 5 APPPATH\Models\Users.php(33): CodeIgniter\Database\BaseBuilder->insert([...])
 6 APPPATH\Controllers\User.php(101): App\Models\Users->guardar([...])
 7 SYSTEMPATH\CodeIgniter.php(934): App\Controllers\User->guardar()
 8 SYSTEMPATH\CodeIgniter.php(499): CodeIgniter\CodeIgniter->runController(Object(App\Controllers\User))
 9 SYSTEMPATH\CodeIgniter.php(368): CodeIgniter\CodeIgniter->handleRequest(null, Object(Config\Cache), false)
10 FCPATH\index.php(67): CodeIgniter\CodeIgniter->run()
CRITICAL - 2023-05-21 20:30:30 --> The original file is not a valid file.
in SYSTEMPATH\HTTP\Files\UploadedFile.php on line 137.
 1 SYSTEMPATH\HTTP\Files\UploadedFile.php(137): CodeIgniter\HTTP\Exceptions\HTTPException::forInvalidFile()
 2 APPPATH\Controllers\User.php(91): CodeIgniter\HTTP\Files\UploadedFile->move('../public/users/img/', '1684701030_4ab9c609054e55c880ec')
 3 SYSTEMPATH\CodeIgniter.php(934): App\Controllers\User->guardar()
 4 SYSTEMPATH\CodeIgniter.php(499): CodeIgniter\CodeIgniter->runController(Object(App\Controllers\User))
 5 SYSTEMPATH\CodeIgniter.php(368): CodeIgniter\CodeIgniter->handleRequest(null, Object(Config\Cache), false)
 6 FCPATH\index.php(67): CodeIgniter\CodeIgniter->run()
CRITICAL - 2023-05-21 21:13:03 --> syntax error, unexpected variable "$user", expecting "("
in APPPATH\Views\usuarios\index.php on line 63.
 1 SYSTEMPATH\View\View.php(216): CodeIgniter\View\View->CodeIgniter\View\{closure}()
 2 SYSTEMPATH\Common.php(1184): CodeIgniter\View\View->render('usuarios/index', [], true)
 3 APPPATH\Controllers\User.php(22): view('usuarios/index', [...])
 4 SYSTEMPATH\CodeIgniter.php(934): App\Controllers\User->index()
 5 SYSTEMPATH\CodeIgniter.php(499): CodeIgniter\CodeIgniter->runController(Object(App\Controllers\User))
 6 SYSTEMPATH\CodeIgniter.php(368): CodeIgniter\CodeIgniter->handleRequest(null, Object(Config\Cache), false)
 7 FCPATH\index.php(67): CodeIgniter\CodeIgniter->run()
CRITICAL - 2023-05-21 21:15:19 --> syntax error, unexpected variable "$user", expecting "("
in APPPATH\Views\usuarios\index.php on line 63.
 1 SYSTEMPATH\View\View.php(216): CodeIgniter\View\View->CodeIgniter\View\{closure}()
 2 SYSTEMPATH\Common.php(1184): CodeIgniter\View\View->render('usuarios/index', [], true)
 3 APPPATH\Controllers\User.php(22): view('usuarios/index', [...])
 4 SYSTEMPATH\CodeIgniter.php(934): App\Controllers\User->index()
 5 SYSTEMPATH\CodeIgniter.php(499): CodeIgniter\CodeIgniter->runController(Object(App\Controllers\User))
 6 SYSTEMPATH\CodeIgniter.php(368): CodeIgniter\CodeIgniter->handleRequest(null, Object(Config\Cache), false)
 7 FCPATH\index.php(67): CodeIgniter\CodeIgniter->run()
CRITICAL - 2023-05-21 21:23:29 --> syntax error, unexpected token "<"
in APPPATH\Views\usuarios\index.php on line 72.
 1 SYSTEMPATH\View\View.php(216): CodeIgniter\View\View->CodeIgniter\View\{closure}()
 2 SYSTEMPATH\Common.php(1184): CodeIgniter\View\View->render('usuarios/index', [], true)
 3 APPPATH\Controllers\User.php(22): view('usuarios/index', [...])
 4 SYSTEMPATH\CodeIgniter.php(934): App\Controllers\User->index()
 5 SYSTEMPATH\CodeIgniter.php(499): CodeIgniter\CodeIgniter->runController(Object(App\Controllers\User))
 6 SYSTEMPATH\CodeIgniter.php(368): CodeIgniter\CodeIgniter->handleRequest(null, Object(Config\Cache), false)
 7 FCPATH\index.php(67): CodeIgniter\CodeIgniter->run()
CRITICAL - 2023-05-21 21:38:32 --> Undefined variable $user
in APPPATH\Views\usuarios\editar.php on line 71.
 1 APPPATH\Views\usuarios\editar.php(71): CodeIgniter\Debug\Exceptions->errorHandler(2, 'Undefined variable $user', 'C:\\xampp\\htdocs\\proyectosistema\\app\\Views\\usuarios\\editar.php', 71)
 2 SYSTEMPATH\View\View.php(213): include('C:\\xampp\\htdocs\\proyectosistema\\app\\Views\\usuarios\\editar.php')
 3 SYSTEMPATH\View\View.php(216): CodeIgniter\View\View->CodeIgniter\View\{closure}()
 4 SYSTEMPATH\Common.php(1184): CodeIgniter\View\View->render('usuarios/editar', [], true)
 5 APPPATH\Controllers\User.php(130): view('usuarios/editar', [...])
 6 SYSTEMPATH\CodeIgniter.php(934): App\Controllers\User->editar('34')
 7 SYSTEMPATH\CodeIgniter.php(499): CodeIgniter\CodeIgniter->runController(Object(App\Controllers\User))
 8 SYSTEMPATH\CodeIgniter.php(368): CodeIgniter\CodeIgniter->handleRequest(null, Object(Config\Cache), false)
 9 FCPATH\index.php(67): CodeIgniter\CodeIgniter->run()
CRITICAL - 2023-05-21 21:50:35 --> Call to undefined method App\Models\Users::ID
in SYSTEMPATH\Model.php on line 842.
 1 APPPATH\Controllers\User.php(144): CodeIgniter\Model->__call('ID', [...])
 2 SYSTEMPATH\CodeIgniter.php(934): App\Controllers\User->actualizar()
 3 SYSTEMPATH\CodeIgniter.php(499): CodeIgniter\CodeIgniter->runController(Object(App\Controllers\User))
 4 SYSTEMPATH\CodeIgniter.php(368): CodeIgniter\CodeIgniter->handleRequest(null, Object(Config\Cache), false)
 5 FCPATH\index.php(67): CodeIgniter\CodeIgniter->run()
CRITICAL - 2023-05-21 21:56:55 --> The original file is not a valid file.
in SYSTEMPATH\HTTP\Files\UploadedFile.php on line 137.
 1 SYSTEMPATH\HTTP\Files\UploadedFile.php(137): CodeIgniter\HTTP\Exceptions\HTTPException::forInvalidFile()
 2 APPPATH\Controllers\User.php(199): CodeIgniter\HTTP\Files\UploadedFile->move('../public/users/img/', '1684706215_5313ad2be0ff1613fec2')
 3 SYSTEMPATH\CodeIgniter.php(934): App\Controllers\User->actualizar()
 4 SYSTEMPATH\CodeIgniter.php(499): CodeIgniter\CodeIgniter->runController(Object(App\Controllers\User))
 5 SYSTEMPATH\CodeIgniter.php(368): CodeIgniter\CodeIgniter->handleRequest(null, Object(Config\Cache), false)
 6 FCPATH\index.php(67): CodeIgniter\CodeIgniter->run()
CRITICAL - 2023-05-21 21:57:00 --> The original file is not a valid file.
in SYSTEMPATH\HTTP\Files\UploadedFile.php on line 137.
 1 SYSTEMPATH\HTTP\Files\UploadedFile.php(137): CodeIgniter\HTTP\Exceptions\HTTPException::forInvalidFile()
 2 APPPATH\Controllers\User.php(199): CodeIgniter\HTTP\Files\UploadedFile->move('../public/users/img/', '1684706220_f4ab4e5302139450df70')
 3 SYSTEMPATH\CodeIgniter.php(934): App\Controllers\User->actualizar()
 4 SYSTEMPATH\CodeIgniter.php(499): CodeIgniter\CodeIgniter->runController(Object(App\Controllers\User))
 5 SYSTEMPATH\CodeIgniter.php(368): CodeIgniter\CodeIgniter->handleRequest(null, Object(Config\Cache), false)
 6 FCPATH\index.php(67): CodeIgniter\CodeIgniter->run()
CRITICAL - 2023-05-21 21:57:15 --> The original file is not a valid file.
in SYSTEMPATH\HTTP\Files\UploadedFile.php on line 137.
 1 SYSTEMPATH\HTTP\Files\UploadedFile.php(137): CodeIgniter\HTTP\Exceptions\HTTPException::forInvalidFile()
 2 APPPATH\Controllers\User.php(199): CodeIgniter\HTTP\Files\UploadedFile->move('../public/users/img/', '1684706235_d6c0928c7f65bc71b083')
 3 SYSTEMPATH\CodeIgniter.php(934): App\Controllers\User->actualizar()
 4 SYSTEMPATH\CodeIgniter.php(499): CodeIgniter\CodeIgniter->runController(Object(App\Controllers\User))
 5 SYSTEMPATH\CodeIgniter.php(368): CodeIgniter\CodeIgniter->handleRequest(null, Object(Config\Cache), false)
 6 FCPATH\index.php(67): CodeIgniter\CodeIgniter->run()
CRITICAL - 2023-05-21 21:57:44 --> The original file is not a valid file.
in SYSTEMPATH\HTTP\Files\UploadedFile.php on line 137.
 1 SYSTEMPATH\HTTP\Files\UploadedFile.php(137): CodeIgniter\HTTP\Exceptions\HTTPException::forInvalidFile()
 2 APPPATH\Controllers\User.php(199): CodeIgniter\HTTP\Files\UploadedFile->move('../public/users/img/', '1684706264_a8b87f1f3bdf09b4284d')
 3 SYSTEMPATH\CodeIgniter.php(934): App\Controllers\User->actualizar()
 4 SYSTEMPATH\CodeIgniter.php(499): CodeIgniter\CodeIgniter->runController(Object(App\Controllers\User))
 5 SYSTEMPATH\CodeIgniter.php(368): CodeIgniter\CodeIgniter->handleRequest(null, Object(Config\Cache), false)
 6 FCPATH\index.php(67): CodeIgniter\CodeIgniter->run()
CRITICAL - 2023-05-21 21:57:49 --> The original file is not a valid file.
in SYSTEMPATH\HTTP\Files\UploadedFile.php on line 137.
 1 SYSTEMPATH\HTTP\Files\UploadedFile.php(137): CodeIgniter\HTTP\Exceptions\HTTPException::forInvalidFile()
 2 APPPATH\Controllers\User.php(199): CodeIgniter\HTTP\Files\UploadedFile->move('../public/users/img/', '1684706269_d0383a0cee9babb258e7')
 3 SYSTEMPATH\CodeIgniter.php(934): App\Controllers\User->actualizar()
 4 SYSTEMPATH\CodeIgniter.php(499): CodeIgniter\CodeIgniter->runController(Object(App\Controllers\User))
 5 SYSTEMPATH\CodeIgniter.php(368): CodeIgniter\CodeIgniter->handleRequest(null, Object(Config\Cache), false)
 6 FCPATH\index.php(67): CodeIgniter\CodeIgniter->run()
CRITICAL - 2023-05-21 22:00:25 --> Undefined variable $imagenNombre
in APPPATH\Controllers\User.php on line 205.
 1 APPPATH\Controllers\User.php(205): CodeIgniter\Debug\Exceptions->errorHandler(2, 'Undefined variable $imagenNombre', 'C:\\xampp\\htdocs\\proyectosistema\\app\\Controllers\\User.php', 205)
 2 SYSTEMPATH\CodeIgniter.php(934): App\Controllers\User->actualizar()
 3 SYSTEMPATH\CodeIgniter.php(499): CodeIgniter\CodeIgniter->runController(Object(App\Controllers\User))
 4 SYSTEMPATH\CodeIgniter.php(368): CodeIgniter\CodeIgniter->handleRequest(null, Object(Config\Cache), false)
 5 FCPATH\index.php(67): CodeIgniter\CodeIgniter->run()
CRITICAL - 2023-05-21 22:00:32 --> Undefined variable $imagenNombre
in APPPATH\Controllers\User.php on line 205.
 1 APPPATH\Controllers\User.php(205): CodeIgniter\Debug\Exceptions->errorHandler(2, 'Undefined variable $imagenNombre', 'C:\\xampp\\htdocs\\proyectosistema\\app\\Controllers\\User.php', 205)
 2 SYSTEMPATH\CodeIgniter.php(934): App\Controllers\User->actualizar()
 3 SYSTEMPATH\CodeIgniter.php(499): CodeIgniter\CodeIgniter->runController(Object(App\Controllers\User))
 4 SYSTEMPATH\CodeIgniter.php(368): CodeIgniter\CodeIgniter->handleRequest(null, Object(Config\Cache), false)
 5 FCPATH\index.php(67): CodeIgniter\CodeIgniter->run()
CRITICAL - 2023-05-21 22:04:53 --> Cannot access offset of type string on string
in APPPATH\Controllers\User.php on line 196.
 1 SYSTEMPATH\CodeIgniter.php(934): App\Controllers\User->actualizar()
 2 SYSTEMPATH\CodeIgniter.php(499): CodeIgniter\CodeIgniter->runController(Object(App\Controllers\User))
 3 SYSTEMPATH\CodeIgniter.php(368): CodeIgniter\CodeIgniter->handleRequest(null, Object(Config\Cache), false)
 4 FCPATH\index.php(67): CodeIgniter\CodeIgniter->run()
CRITICAL - 2023-05-21 22:16:07 --> fopen(http://localhost/proyectosistema/public/users/img/index.html): Failed to open stream: HTTP wrapper does not support writeable connections
in SYSTEMPATH\HTTP\Files\UploadedFile.php on line 179.
 1 [internal function]: CodeIgniter\Debug\Exceptions->errorHandler(2, 'fopen(http://localhost/proyectosistema/public/users/img/index.html): Failed to open stream: HTTP wrapper does not support writeable connections', 'C:\\xampp\\htdocs\\proyectosistema\\system\\HTTP\\Files\\UploadedFile.php', 179)
 2 SYSTEMPATH\HTTP\Files\UploadedFile.php(179): fopen('http://localhost/proyectosistema/public/users/img/index.html', 'x+b')
 3 SYSTEMPATH\HTTP\Files\UploadedFile.php(130): CodeIgniter\HTTP\Files\UploadedFile->setPath('http://localhost/proyectosistema/public/users/img/')
 4 APPPATH\Controllers\User.php(96): CodeIgniter\HTTP\Files\UploadedFile->move('http://localhost/proyectosistema/public/users/img/', '1684707367_3912c75de6342df90b72.png')
 5 SYSTEMPATH\CodeIgniter.php(934): App\Controllers\User->guardar()
 6 SYSTEMPATH\CodeIgniter.php(499): CodeIgniter\CodeIgniter->runController(Object(App\Controllers\User))
 7 SYSTEMPATH\CodeIgniter.php(368): CodeIgniter\CodeIgniter->handleRequest(null, Object(Config\Cache), false)
 8 FCPATH\index.php(67): CodeIgniter\CodeIgniter->run()
CRITICAL - 2023-05-21 22:19:38 --> Undefined variable $nuevoNombre
in APPPATH\Controllers\User.php on line 101.
 1 APPPATH\Controllers\User.php(101): CodeIgniter\Debug\Exceptions->errorHandler(2, 'Undefined variable $nuevoNombre', 'C:\\xampp\\htdocs\\proyectosistema\\app\\Controllers\\User.php', 101)
 2 SYSTEMPATH\CodeIgniter.php(934): App\Controllers\User->guardar()
 3 SYSTEMPATH\CodeIgniter.php(499): CodeIgniter\CodeIgniter->runController(Object(App\Controllers\User))
 4 SYSTEMPATH\CodeIgniter.php(368): CodeIgniter\CodeIgniter->handleRequest(null, Object(Config\Cache), false)
 5 FCPATH\index.php(67): CodeIgniter\CodeIgniter->run()
CRITICAL - 2023-05-21 22:34:41 --> Undefined variable $nuevoNombre
in APPPATH\Controllers\User.php on line 103.
 1 APPPATH\Controllers\User.php(103): CodeIgniter\Debug\Exceptions->errorHandler(2, 'Undefined variable $nuevoNombre', 'C:\\xampp\\htdocs\\proyectosistema\\app\\Controllers\\User.php', 103)
 2 SYSTEMPATH\CodeIgniter.php(934): App\Controllers\User->guardar()
 3 SYSTEMPATH\CodeIgniter.php(499): CodeIgniter\CodeIgniter->runController(Object(App\Controllers\User))
 4 SYSTEMPATH\CodeIgniter.php(368): CodeIgniter\CodeIgniter->handleRequest(null, Object(Config\Cache), false)
 5 FCPATH\index.php(67): CodeIgniter\CodeIgniter->run()
CRITICAL - 2023-05-21 22:44:22 --> unlink(users/img/): Is a directory
in APPPATH\Controllers\User.php on line 205.
 1 [internal function]: CodeIgniter\Debug\Exceptions->errorHandler(2, 'unlink(users/img/): Is a directory', 'C:\\xampp\\htdocs\\proyectosistema\\app\\Controllers\\User.php', 205)
 2 APPPATH\Controllers\User.php(205): unlink('users/img/')
 3 SYSTEMPATH\CodeIgniter.php(934): App\Controllers\User->actualizar()
 4 SYSTEMPATH\CodeIgniter.php(499): CodeIgniter\CodeIgniter->runController(Object(App\Controllers\User))
 5 SYSTEMPATH\CodeIgniter.php(368): CodeIgniter\CodeIgniter->handleRequest(null, Object(Config\Cache), false)
 6 FCPATH\index.php(67): CodeIgniter\CodeIgniter->run()
CRITICAL - 2023-05-21 23:09:33 --> Undefined variable $categoria
in APPPATH\Views\usuarios\index.php on line 92.
 1 APPPATH\Views\usuarios\index.php(92): CodeIgniter\Debug\Exceptions->errorHandler(2, 'Undefined variable $categoria', 'C:\\xampp\\htdocs\\proyectosistema\\app\\Views\\usuarios\\index.php', 92)
 2 SYSTEMPATH\View\View.php(213): include('C:\\xampp\\htdocs\\proyectosistema\\app\\Views\\usuarios\\index.php')
 3 SYSTEMPATH\View\View.php(216): CodeIgniter\View\View->CodeIgniter\View\{closure}()
 4 SYSTEMPATH\Common.php(1184): CodeIgniter\View\View->render('usuarios/index', [], true)
 5 APPPATH\Controllers\User.php(22): view('usuarios/index', [...])
 6 SYSTEMPATH\CodeIgniter.php(934): App\Controllers\User->index()
 7 SYSTEMPATH\CodeIgniter.php(499): CodeIgniter\CodeIgniter->runController(Object(App\Controllers\User))
 8 SYSTEMPATH\CodeIgniter.php(368): CodeIgniter\CodeIgniter->handleRequest(null, Object(Config\Cache), false)
 9 FCPATH\index.php(67): CodeIgniter\CodeIgniter->run()
CRITICAL - 2023-05-21 23:09:49 --> Undefined array key "descripcion"
in APPPATH\Views\usuarios\index.php on line 102.
 1 APPPATH\Views\usuarios\index.php(102): CodeIgniter\Debug\Exceptions->errorHandler(2, 'Undefined array key "descripcion"', 'C:\\xampp\\htdocs\\proyectosistema\\app\\Views\\usuarios\\index.php', 102)
 2 SYSTEMPATH\View\View.php(213): include('C:\\xampp\\htdocs\\proyectosistema\\app\\Views\\usuarios\\index.php')
 3 SYSTEMPATH\View\View.php(216): CodeIgniter\View\View->CodeIgniter\View\{closure}()
 4 SYSTEMPATH\Common.php(1184): CodeIgniter\View\View->render('usuarios/index', [], true)
 5 APPPATH\Controllers\User.php(22): view('usuarios/index', [...])
 6 SYSTEMPATH\CodeIgniter.php(934): App\Controllers\User->index()
 7 SYSTEMPATH\CodeIgniter.php(499): CodeIgniter\CodeIgniter->runController(Object(App\Controllers\User))
 8 SYSTEMPATH\CodeIgniter.php(368): CodeIgniter\CodeIgniter->handleRequest(null, Object(Config\Cache), false)
 9 FCPATH\index.php(67): CodeIgniter\CodeIgniter->run()
ERROR - 2023-05-21 23:36:10 --> mysqli_sql_exception: Lock wait timeout exceeded; try restarting transaction in C:\xampp\htdocs\proyectosistema\system\Database\MySQLi\Connection.php:295
Stack trace:
#0 C:\xampp\htdocs\proyectosistema\system\Database\MySQLi\Connection.php(295): mysqli->query('UPDATE `categor...', 0)
#1 C:\xampp\htdocs\proyectosistema\system\Database\BaseConnection.php(691): CodeIgniter\Database\MySQLi\Connection->execute('UPDATE `categor...')
#2 C:\xampp\htdocs\proyectosistema\system\Database\BaseConnection.php(605): CodeIgniter\Database\BaseConnection->simpleQuery('UPDATE `categor...')
#3 C:\xampp\htdocs\proyectosistema\system\Database\BaseBuilder.php(2476): CodeIgniter\Database\BaseConnection->query('UPDATE `categor...', Array, false)
#4 C:\xampp\htdocs\proyectosistema\system\Model.php(396): CodeIgniter\Database\BaseBuilder->update()
#5 C:\xampp\htdocs\proyectosistema\system\BaseModel.php(943): CodeIgniter\Model->doUpdate(Array, Array)
#6 C:\xampp\htdocs\proyectosistema\system\Model.php(756): CodeIgniter\BaseModel->update(Array, Array)
#7 C:\xampp\htdocs\proyectosistema\app\Controllers\Categoria.php(61): CodeIgniter\Model->update('2', Array)
#8 C:\xampp\htdocs\proyectosistema\system\CodeIgniter.php(934): App\Controllers\Categoria->actualizar()
#9 C:\xampp\htdocs\proyectosistema\system\CodeIgniter.php(499): CodeIgniter\CodeIgniter->runController(Object(App\Controllers\Categoria))
#10 C:\xampp\htdocs\proyectosistema\system\CodeIgniter.php(368): CodeIgniter\CodeIgniter->handleRequest(NULL, Object(Config\Cache), false)
#11 C:\xampp\htdocs\proyectosistema\public\index.php(67): CodeIgniter\CodeIgniter->run()
#12 {main}
CRITICAL - 2023-05-21 23:36:10 --> Lock wait timeout exceeded; try restarting transaction
in SYSTEMPATH\Database\MySQLi\Connection.php on line 295.
 1 SYSTEMPATH\Database\MySQLi\Connection.php(295): mysqli->query('UPDATE `categoria_producto` SET `descripcion` = \'test delete1\', `estado` = \'1\'
WHERE `categoria_producto`.`id` IN (\'2\')', 0)
 2 SYSTEMPATH\Database\BaseConnection.php(691): CodeIgniter\Database\MySQLi\Connection->execute('UPDATE `categoria_producto` SET `descripcion` = \'test delete1\', `estado` = \'1\'
WHERE `categoria_producto`.`id` IN (\'2\')')
 3 SYSTEMPATH\Database\BaseConnection.php(605): CodeIgniter\Database\BaseConnection->simpleQuery('UPDATE `categoria_producto` SET `descripcion` = \'test delete1\', `estado` = \'1\'
WHERE `categoria_producto`.`id` IN (\'2\')')
 4 SYSTEMPATH\Database\BaseBuilder.php(2476): CodeIgniter\Database\BaseConnection->query('UPDATE `categoria_producto` SET `descripcion` = :descripcion:, `estado` = :estado:
WHERE `categoria_producto`.`id` IN :categoria_producto.id:', [...], false)
 5 SYSTEMPATH\Model.php(396): CodeIgniter\Database\BaseBuilder->update()
 6 SYSTEMPATH\BaseModel.php(943): CodeIgniter\Model->doUpdate([...], [...])
 7 SYSTEMPATH\Model.php(756): CodeIgniter\BaseModel->update([...], [...])
 8 APPPATH\Controllers\Categoria.php(61): CodeIgniter\Model->update('2', [...])
 9 SYSTEMPATH\CodeIgniter.php(934): App\Controllers\Categoria->actualizar()
10 SYSTEMPATH\CodeIgniter.php(499): CodeIgniter\CodeIgniter->runController(Object(App\Controllers\Categoria))
11 SYSTEMPATH\CodeIgniter.php(368): CodeIgniter\CodeIgniter->handleRequest(null, Object(Config\Cache), false)
12 FCPATH\index.php(67): CodeIgniter\CodeIgniter->run()
ERROR - 2023-05-21 23:36:59 --> mysqli_sql_exception: MySQL server has gone away in C:\xampp\htdocs\proyectosistema\system\Database\MySQLi\Connection.php:295
Stack trace:
#0 C:\xampp\htdocs\proyectosistema\system\Database\MySQLi\Connection.php(295): mysqli->query('UPDATE `categor...', 0)
#1 C:\xampp\htdocs\proyectosistema\system\Database\BaseConnection.php(691): CodeIgniter\Database\MySQLi\Connection->execute('UPDATE `categor...')
#2 C:\xampp\htdocs\proyectosistema\system\Database\BaseConnection.php(605): CodeIgniter\Database\BaseConnection->simpleQuery('UPDATE `categor...')
#3 C:\xampp\htdocs\proyectosistema\system\Database\BaseBuilder.php(2476): CodeIgniter\Database\BaseConnection->query('UPDATE `categor...', Array, false)
#4 C:\xampp\htdocs\proyectosistema\system\Model.php(396): CodeIgniter\Database\BaseBuilder->update()
#5 C:\xampp\htdocs\proyectosistema\system\BaseModel.php(943): CodeIgniter\Model->doUpdate(Array, Array)
#6 C:\xampp\htdocs\proyectosistema\system\Model.php(756): CodeIgniter\BaseModel->update(Array, Array)
#7 C:\xampp\htdocs\proyectosistema\app\Controllers\Categoria.php(61): CodeIgniter\Model->update('2', Array)
#8 C:\xampp\htdocs\proyectosistema\system\CodeIgniter.php(934): App\Controllers\Categoria->actualizar()
#9 C:\xampp\htdocs\proyectosistema\system\CodeIgniter.php(499): CodeIgniter\CodeIgniter->runController(Object(App\Controllers\Categoria))
#10 C:\xampp\htdocs\proyectosistema\system\CodeIgniter.php(368): CodeIgniter\CodeIgniter->handleRequest(NULL, Object(Config\Cache), false)
#11 C:\xampp\htdocs\proyectosistema\public\index.php(67): CodeIgniter\CodeIgniter->run()
#12 {main}
CRITICAL - 2023-05-21 23:36:59 --> MySQL server has gone away
in SYSTEMPATH\Database\MySQLi\Connection.php on line 295.
 1 SYSTEMPATH\Database\MySQLi\Connection.php(295): mysqli->query('UPDATE `categoria_producto` SET `descripcion` = \'test delete1\', `estado` = \'1\'
WHERE `categoria_producto`.`id` IN (\'2\')', 0)
 2 SYSTEMPATH\Database\BaseConnection.php(691): CodeIgniter\Database\MySQLi\Connection->execute('UPDATE `categoria_producto` SET `descripcion` = \'test delete1\', `estado` = \'1\'
WHERE `categoria_producto`.`id` IN (\'2\')')
 3 SYSTEMPATH\Database\BaseConnection.php(605): CodeIgniter\Database\BaseConnection->simpleQuery('UPDATE `categoria_producto` SET `descripcion` = \'test delete1\', `estado` = \'1\'
WHERE `categoria_producto`.`id` IN (\'2\')')
 4 SYSTEMPATH\Database\BaseBuilder.php(2476): CodeIgniter\Database\BaseConnection->query('UPDATE `categoria_producto` SET `descripcion` = :descripcion:, `estado` = :estado:
WHERE `categoria_producto`.`id` IN :categoria_producto.id:', [...], false)
 5 SYSTEMPATH\Model.php(396): CodeIgniter\Database\BaseBuilder->update()
 6 SYSTEMPATH\BaseModel.php(943): CodeIgniter\Model->doUpdate([...], [...])
 7 SYSTEMPATH\Model.php(756): CodeIgniter\BaseModel->update([...], [...])
 8 APPPATH\Controllers\Categoria.php(61): CodeIgniter\Model->update('2', [...])
 9 SYSTEMPATH\CodeIgniter.php(934): App\Controllers\Categoria->actualizar()
10 SYSTEMPATH\CodeIgniter.php(499): CodeIgniter\CodeIgniter->runController(Object(App\Controllers\Categoria))
11 SYSTEMPATH\CodeIgniter.php(368): CodeIgniter\CodeIgniter->handleRequest(null, Object(Config\Cache), false)
12 FCPATH\index.php(67): CodeIgniter\CodeIgniter->run()
CRITICAL - 2023-05-21 23:36:59 --> Maximum execution time of 120 seconds exceeded
in SYSTEMPATH\Database\MySQLi\Connection.php on line 296.
 1 [internal function]: CodeIgniter\Debug\Exceptions->shutdownHandler()
CRITICAL - 2023-05-21 23:36:59 --> Maximum execution time of 120 seconds exceeded
in SYSTEMPATH\Session\Handlers\FileHandler.php on line 134.
 1 [internal function]: CodeIgniter\Debug\Exceptions->shutdownHandler()
CRITICAL - 2023-05-21 23:36:59 --> Maximum execution time of 120 seconds exceeded
in SYSTEMPATH\Session\Handlers\FileHandler.php on line 134.
 1 [internal function]: CodeIgniter\Debug\Exceptions->shutdownHandler()
CRITICAL - 2023-05-21 23:36:59 --> Maximum execution time of 120 seconds exceeded
in SYSTEMPATH\Session\Handlers\FileHandler.php on line 134.
 1 [internal function]: CodeIgniter\Debug\Exceptions->shutdownHandler()
CRITICAL - 2023-05-21 23:36:59 --> Maximum execution time of 120 seconds exceeded
in SYSTEMPATH\Session\Handlers\FileHandler.php on line 134.
 1 [internal function]: CodeIgniter\Debug\Exceptions->shutdownHandler()
CRITICAL - 2023-05-21 23:36:59 --> Maximum execution time of 120 seconds exceeded
in SYSTEMPATH\Session\Handlers\FileHandler.php on line 134.
 1 [internal function]: CodeIgniter\Debug\Exceptions->shutdownHandler()
CRITICAL - 2023-05-21 23:36:59 --> Maximum execution time of 120 seconds exceeded
in SYSTEMPATH\Session\Handlers\FileHandler.php on line 134.
 1 [internal function]: CodeIgniter\Debug\Exceptions->shutdownHandler()
CRITICAL - 2023-05-21 23:36:59 --> Maximum execution time of 120 seconds exceeded
in SYSTEMPATH\Session\Handlers\FileHandler.php on line 134.
 1 [internal function]: CodeIgniter\Debug\Exceptions->shutdownHandler()
CRITICAL - 2023-05-21 23:36:59 --> Maximum execution time of 120 seconds exceeded
in SYSTEMPATH\Session\Handlers\FileHandler.php on line 134.
 1 [internal function]: CodeIgniter\Debug\Exceptions->shutdownHandler()
CRITICAL - 2023-05-21 23:36:59 --> Maximum execution time of 120 seconds exceeded
in SYSTEMPATH\Session\Handlers\FileHandler.php on line 134.
 1 [internal function]: CodeIgniter\Debug\Exceptions->shutdownHandler()
CRITICAL - 2023-05-21 23:36:59 --> Maximum execution time of 120 seconds exceeded
in SYSTEMPATH\Session\Handlers\FileHandler.php on line 134.
 1 [internal function]: CodeIgniter\Debug\Exceptions->shutdownHandler()
CRITICAL - 2023-05-21 23:36:59 --> Maximum execution time of 120 seconds exceeded
in SYSTEMPATH\Session\Handlers\FileHandler.php on line 134.
 1 [internal function]: CodeIgniter\Debug\Exceptions->shutdownHandler()
CRITICAL - 2023-05-21 23:36:59 --> Maximum execution time of 120 seconds exceeded
in SYSTEMPATH\Session\Handlers\FileHandler.php on line 134.
 1 [internal function]: CodeIgniter\Debug\Exceptions->shutdownHandler()
CRITICAL - 2023-05-21 23:36:59 --> Maximum execution time of 120 seconds exceeded
in SYSTEMPATH\Session\Handlers\FileHandler.php on line 134.
 1 [internal function]: CodeIgniter\Debug\Exceptions->shutdownHandler()
CRITICAL - 2023-05-21 23:36:59 --> Maximum execution time of 120 seconds exceeded
in SYSTEMPATH\Session\Handlers\FileHandler.php on line 134.
 1 [internal function]: CodeIgniter\Debug\Exceptions->shutdownHandler()
CRITICAL - 2023-05-21 23:36:59 --> Maximum execution time of 120 seconds exceeded
in SYSTEMPATH\Session\Handlers\FileHandler.php on line 134.
 1 [internal function]: CodeIgniter\Debug\Exceptions->shutdownHandler()
CRITICAL - 2023-05-21 23:36:59 --> Maximum execution time of 120 seconds exceeded
in SYSTEMPATH\Session\Handlers\FileHandler.php on line 134.
 1 [internal function]: CodeIgniter\Debug\Exceptions->shutdownHandler()
CRITICAL - 2023-05-21 23:36:59 --> Maximum execution time of 120 seconds exceeded
in SYSTEMPATH\Session\Handlers\FileHandler.php on line 134.
 1 [internal function]: CodeIgniter\Debug\Exceptions->shutdownHandler()
