CRITICAL - 2023-07-30 04:22:43 --> Undefined variable $rol_usuario
in APPPATH\Controllers\Dashboard.php on line 46.
 1 APPPATH\Controllers\Dashboard.php(46): CodeIgniter\Debug\Exceptions->errorHandler(2, 'Undefined variable $rol_usuario', 'C:\\xampp\\htdocs\\proyectosistema\\app\\Controllers\\Dashboard.php', 46)
 2 SYSTEMPATH\CodeIgniter.php(934): App\Controllers\Dashboard->index()
 3 SYSTEMPATH\CodeIgniter.php(499): CodeIgniter\CodeIgniter->runController(Object(App\Controllers\Dashboard))
 4 SYSTEMPATH\CodeIgniter.php(368): CodeIgniter\CodeIgniter->handleRequest(null, Object(Config\Cache), false)
 5 FCPATH\index.php(67): CodeIgniter\CodeIgniter->run()
CRITICAL - 2023-07-30 04:22:43 --> Undefined variable $rol_usuario
in APPPATH\Controllers\Dashboard.php on line 46.
 1 APPPATH\Controllers\Dashboard.php(46): CodeIgniter\Debug\Exceptions->errorHandler(2, 'Undefined variable $rol_usuario', 'C:\\xampp\\htdocs\\proyectosistema\\app\\Controllers\\Dashboard.php', 46)
 2 SYSTEMPATH\CodeIgniter.php(934): App\Controllers\Dashboard->index()
 3 SYSTEMPATH\CodeIgniter.php(499): CodeIgniter\CodeIgniter->runController(Object(App\Controllers\Dashboard))
 4 SYSTEMPATH\CodeIgniter.php(368): CodeIgniter\CodeIgniter->handleRequest(null, Object(Config\Cache), false)
 5 FCPATH\index.php(67): CodeIgniter\CodeIgniter->run()
CRITICAL - 2023-07-30 04:23:07 --> Undefined variable $rol_usuario
in APPPATH\Controllers\Dashboard.php on line 46.
 1 APPPATH\Controllers\Dashboard.php(46): CodeIgniter\Debug\Exceptions->errorHandler(2, 'Undefined variable $rol_usuario', 'C:\\xampp\\htdocs\\proyectosistema\\app\\Controllers\\Dashboard.php', 46)
 2 SYSTEMPATH\CodeIgniter.php(934): App\Controllers\Dashboard->index()
 3 SYSTEMPATH\CodeIgniter.php(499): CodeIgniter\CodeIgniter->runController(Object(App\Controllers\Dashboard))
 4 SYSTEMPATH\CodeIgniter.php(368): CodeIgniter\CodeIgniter->handleRequest(null, Object(Config\Cache), false)
 5 FCPATH\index.php(67): CodeIgniter\CodeIgniter->run()
CRITICAL - 2023-07-30 04:23:08 --> Undefined variable $rol_usuario
in APPPATH\Controllers\Dashboard.php on line 46.
 1 APPPATH\Controllers\Dashboard.php(46): CodeIgniter\Debug\Exceptions->errorHandler(2, 'Undefined variable $rol_usuario', 'C:\\xampp\\htdocs\\proyectosistema\\app\\Controllers\\Dashboard.php', 46)
 2 SYSTEMPATH\CodeIgniter.php(934): App\Controllers\Dashboard->index()
 3 SYSTEMPATH\CodeIgniter.php(499): CodeIgniter\CodeIgniter->runController(Object(App\Controllers\Dashboard))
 4 SYSTEMPATH\CodeIgniter.php(368): CodeIgniter\CodeIgniter->handleRequest(null, Object(Config\Cache), false)
 5 FCPATH\index.php(67): CodeIgniter\CodeIgniter->run()
CRITICAL - 2023-07-30 18:31:50 --> Undefined variable $num_transferencia
in APPPATH\Controllers\Pago.php on line 545.
 1 APPPATH\Controllers\Pago.php(545): CodeIgniter\Debug\Exceptions->errorHandler(2, 'Undefined variable $num_transferencia', 'C:\\xampp\\htdocs\\proyectosistema\\app\\Controllers\\Pago.php', 545)
 2 SYSTEMPATH\CodeIgniter.php(934): App\Controllers\Pago->actualizar()
 3 SYSTEMPATH\CodeIgniter.php(499): CodeIgniter\CodeIgniter->runController(Object(App\Controllers\Pago))
 4 SYSTEMPATH\CodeIgniter.php(368): CodeIgniter\CodeIgniter->handleRequest(null, Object(Config\Cache), false)
 5 FCPATH\index.php(67): CodeIgniter\CodeIgniter->run()
CRITICAL - 2023-07-30 18:32:27 --> Undefined variable $num_transferencia
in APPPATH\Controllers\Pago.php on line 545.
 1 APPPATH\Controllers\Pago.php(545): CodeIgniter\Debug\Exceptions->errorHandler(2, 'Undefined variable $num_transferencia', 'C:\\xampp\\htdocs\\proyectosistema\\app\\Controllers\\Pago.php', 545)
 2 SYSTEMPATH\CodeIgniter.php(934): App\Controllers\Pago->actualizar()
 3 SYSTEMPATH\CodeIgniter.php(499): CodeIgniter\CodeIgniter->runController(Object(App\Controllers\Pago))
 4 SYSTEMPATH\CodeIgniter.php(368): CodeIgniter\CodeIgniter->handleRequest(null, Object(Config\Cache), false)
 5 FCPATH\index.php(67): CodeIgniter\CodeIgniter->run()
