CRITICAL - 2023-06-13 00:09:47 --> Call to undefined method App\Controllers\Pago::insert()
in APPPATH\Controllers\Pago.php on line 57.
 1 SYSTEMPATH\CodeIgniter.php(934): App\Controllers\Pago->guardar()
 2 SYSTEMPATH\CodeIgniter.php(499): CodeIgniter\CodeIgniter->runController(Object(App\Controllers\Pago))
 3 SYSTEMPATH\CodeIgniter.php(368): CodeIgniter\CodeIgniter->handleRequest(null, Object(Config\Cache), false)
 4 FCPATH\index.php(67): CodeIgniter\CodeIgniter->run()
ERROR - 2023-06-13 00:11:07 --> mysqli_sql_exception: Duplicate entry '0' for key 'PRIMARY' in C:\xampp\htdocs\proyectosistema\system\Database\MySQLi\Connection.php:295
Stack trace:
#0 C:\xampp\htdocs\proyectosistema\system\Database\MySQLi\Connection.php(295): mysqli->query('INSERT INTO `pa...', 0)
#1 C:\xampp\htdocs\proyectosistema\system\Database\BaseConnection.php(691): CodeIgniter\Database\MySQLi\Connection->execute('INSERT INTO `pa...')
#2 C:\xampp\htdocs\proyectosistema\system\Database\BaseConnection.php(605): CodeIgniter\Database\BaseConnection->simpleQuery('INSERT INTO `pa...')
#3 C:\xampp\htdocs\proyectosistema\system\Database\BaseBuilder.php(2309): CodeIgniter\Database\BaseConnection->query('INSERT INTO `pa...', Array, false)
#4 C:\xampp\htdocs\proyectosistema\system\Model.php(330): CodeIgniter\Database\BaseBuilder->insert()
#5 C:\xampp\htdocs\proyectosistema\system\BaseModel.php(782): CodeIgniter\Model->doInsert(Array)
#6 C:\xampp\htdocs\proyectosistema\system\Model.php(730): CodeIgniter\BaseModel->insert(Array, true)
#7 C:\xampp\htdocs\proyectosistema\app\Controllers\Pago.php(57): CodeIgniter\Model->insert(Array)
#8 C:\xampp\htdocs\proyectosistema\system\CodeIgniter.php(934): App\Controllers\Pago->guardar()
#9 C:\xampp\htdocs\proyectosistema\system\CodeIgniter.php(499): CodeIgniter\CodeIgniter->runController(Object(App\Controllers\Pago))
#10 C:\xampp\htdocs\proyectosistema\system\CodeIgniter.php(368): CodeIgniter\CodeIgniter->handleRequest(NULL, Object(Config\Cache), false)
#11 C:\xampp\htdocs\proyectosistema\index.php(67): CodeIgniter\CodeIgniter->run()
#12 {main}
CRITICAL - 2023-06-13 00:11:07 --> Duplicate entry '0' for key 'PRIMARY'
in SYSTEMPATH\Database\MySQLi\Connection.php on line 295.
 1 SYSTEMPATH\Database\MySQLi\Connection.php(295): mysqli->query('INSERT INTO `pagos` (`id_proveedor`, `forma_pago`, `num_cheque`, `num_transferencia`, `banco`, `fecha_movimiento`) VALUES (\'\', \'transferencia\', \'\', \'\', NULL, \'\')', 0)
 2 SYSTEMPATH\Database\BaseConnection.php(691): CodeIgniter\Database\MySQLi\Connection->execute('INSERT INTO `pagos` (`id_proveedor`, `forma_pago`, `num_cheque`, `num_transferencia`, `banco`, `fecha_movimiento`) VALUES (\'\', \'transferencia\', \'\', \'\', NULL, \'\')')
 3 SYSTEMPATH\Database\BaseConnection.php(605): CodeIgniter\Database\BaseConnection->simpleQuery('INSERT INTO `pagos` (`id_proveedor`, `forma_pago`, `num_cheque`, `num_transferencia`, `banco`, `fecha_movimiento`) VALUES (\'\', \'transferencia\', \'\', \'\', NULL, \'\')')
 4 SYSTEMPATH\Database\BaseBuilder.php(2309): CodeIgniter\Database\BaseConnection->query('INSERT INTO `pagos` (`id_proveedor`, `forma_pago`, `num_cheque`, `num_transferencia`, `banco`, `fecha_movimiento`) VALUES (:id_proveedor:, :forma_pago:, :num_cheque:, :num_transferencia:, :banco:, :fecha_movimiento:)', [...], false)
 5 SYSTEMPATH\Model.php(330): CodeIgniter\Database\BaseBuilder->insert()
 6 SYSTEMPATH\BaseModel.php(782): CodeIgniter\Model->doInsert([...])
 7 SYSTEMPATH\Model.php(730): CodeIgniter\BaseModel->insert([...], true)
 8 APPPATH\Controllers\Pago.php(57): CodeIgniter\Model->insert([...])
 9 SYSTEMPATH\CodeIgniter.php(934): App\Controllers\Pago->guardar()
10 SYSTEMPATH\CodeIgniter.php(499): CodeIgniter\CodeIgniter->runController(Object(App\Controllers\Pago))
11 SYSTEMPATH\CodeIgniter.php(368): CodeIgniter\CodeIgniter->handleRequest(null, Object(Config\Cache), false)
12 FCPATH\index.php(67): CodeIgniter\CodeIgniter->run()
ERROR - 2023-06-13 00:11:21 --> mysqli_sql_exception: Duplicate entry '0' for key 'PRIMARY' in C:\xampp\htdocs\proyectosistema\system\Database\MySQLi\Connection.php:295
Stack trace:
#0 C:\xampp\htdocs\proyectosistema\system\Database\MySQLi\Connection.php(295): mysqli->query('INSERT INTO `pa...', 0)
#1 C:\xampp\htdocs\proyectosistema\system\Database\BaseConnection.php(691): CodeIgniter\Database\MySQLi\Connection->execute('INSERT INTO `pa...')
#2 C:\xampp\htdocs\proyectosistema\system\Database\BaseConnection.php(605): CodeIgniter\Database\BaseConnection->simpleQuery('INSERT INTO `pa...')
#3 C:\xampp\htdocs\proyectosistema\system\Database\BaseBuilder.php(2309): CodeIgniter\Database\BaseConnection->query('INSERT INTO `pa...', Array, false)
#4 C:\xampp\htdocs\proyectosistema\system\Model.php(330): CodeIgniter\Database\BaseBuilder->insert()
#5 C:\xampp\htdocs\proyectosistema\system\BaseModel.php(782): CodeIgniter\Model->doInsert(Array)
#6 C:\xampp\htdocs\proyectosistema\system\Model.php(730): CodeIgniter\BaseModel->insert(Array, true)
#7 C:\xampp\htdocs\proyectosistema\app\Controllers\Pago.php(57): CodeIgniter\Model->insert(Array)
#8 C:\xampp\htdocs\proyectosistema\system\CodeIgniter.php(934): App\Controllers\Pago->guardar()
#9 C:\xampp\htdocs\proyectosistema\system\CodeIgniter.php(499): CodeIgniter\CodeIgniter->runController(Object(App\Controllers\Pago))
#10 C:\xampp\htdocs\proyectosistema\system\CodeIgniter.php(368): CodeIgniter\CodeIgniter->handleRequest(NULL, Object(Config\Cache), false)
#11 C:\xampp\htdocs\proyectosistema\index.php(67): CodeIgniter\CodeIgniter->run()
#12 {main}
CRITICAL - 2023-06-13 00:11:21 --> Duplicate entry '0' for key 'PRIMARY'
in SYSTEMPATH\Database\MySQLi\Connection.php on line 295.
 1 SYSTEMPATH\Database\MySQLi\Connection.php(295): mysqli->query('INSERT INTO `pagos` (`id_proveedor`, `forma_pago`, `num_cheque`, `num_transferencia`, `banco`, `fecha_movimiento`) VALUES (\'\', \'transferencia\', \'\', \'\', NULL, \'\')', 0)
 2 SYSTEMPATH\Database\BaseConnection.php(691): CodeIgniter\Database\MySQLi\Connection->execute('INSERT INTO `pagos` (`id_proveedor`, `forma_pago`, `num_cheque`, `num_transferencia`, `banco`, `fecha_movimiento`) VALUES (\'\', \'transferencia\', \'\', \'\', NULL, \'\')')
 3 SYSTEMPATH\Database\BaseConnection.php(605): CodeIgniter\Database\BaseConnection->simpleQuery('INSERT INTO `pagos` (`id_proveedor`, `forma_pago`, `num_cheque`, `num_transferencia`, `banco`, `fecha_movimiento`) VALUES (\'\', \'transferencia\', \'\', \'\', NULL, \'\')')
 4 SYSTEMPATH\Database\BaseBuilder.php(2309): CodeIgniter\Database\BaseConnection->query('INSERT INTO `pagos` (`id_proveedor`, `forma_pago`, `num_cheque`, `num_transferencia`, `banco`, `fecha_movimiento`) VALUES (:id_proveedor:, :forma_pago:, :num_cheque:, :num_transferencia:, :banco:, :fecha_movimiento:)', [...], false)
 5 SYSTEMPATH\Model.php(330): CodeIgniter\Database\BaseBuilder->insert()
 6 SYSTEMPATH\BaseModel.php(782): CodeIgniter\Model->doInsert([...])
 7 SYSTEMPATH\Model.php(730): CodeIgniter\BaseModel->insert([...], true)
 8 APPPATH\Controllers\Pago.php(57): CodeIgniter\Model->insert([...])
 9 SYSTEMPATH\CodeIgniter.php(934): App\Controllers\Pago->guardar()
10 SYSTEMPATH\CodeIgniter.php(499): CodeIgniter\CodeIgniter->runController(Object(App\Controllers\Pago))
11 SYSTEMPATH\CodeIgniter.php(368): CodeIgniter\CodeIgniter->handleRequest(null, Object(Config\Cache), false)
12 FCPATH\index.php(67): CodeIgniter\CodeIgniter->run()
CRITICAL - 2023-06-13 01:23:03 --> Undefined array key "fecha_doc"
in APPPATH\Views\pagos\index.php on line 57.
 1 APPPATH\Views\pagos\index.php(57): CodeIgniter\Debug\Exceptions->errorHandler(2, 'Undefined array key "fecha_doc"', 'C:\\xampp\\htdocs\\proyectosistema\\app\\Views\\pagos\\index.php', 57)
 2 SYSTEMPATH\View\View.php(213): include('C:\\xampp\\htdocs\\proyectosistema\\app\\Views\\pagos\\index.php')
 3 SYSTEMPATH\View\View.php(216): CodeIgniter\View\View->CodeIgniter\View\{closure}()
 4 SYSTEMPATH\Common.php(1184): CodeIgniter\View\View->render('pagos/index', [], true)
 5 APPPATH\Controllers\Pago.php(17): view('pagos/index', [...])
 6 SYSTEMPATH\CodeIgniter.php(934): App\Controllers\Pago->index()
 7 SYSTEMPATH\CodeIgniter.php(499): CodeIgniter\CodeIgniter->runController(Object(App\Controllers\Pago))
 8 SYSTEMPATH\CodeIgniter.php(368): CodeIgniter\CodeIgniter->handleRequest(null, Object(Config\Cache), false)
 9 FCPATH\index.php(67): CodeIgniter\CodeIgniter->run()
CRITICAL - 2023-06-13 01:23:46 --> Undefined array key "estado"
in APPPATH\Views\pagos\index.php on line 60.
 1 APPPATH\Views\pagos\index.php(60): CodeIgniter\Debug\Exceptions->errorHandler(2, 'Undefined array key "estado"', 'C:\\xampp\\htdocs\\proyectosistema\\app\\Views\\pagos\\index.php', 60)
 2 SYSTEMPATH\View\View.php(213): include('C:\\xampp\\htdocs\\proyectosistema\\app\\Views\\pagos\\index.php')
 3 SYSTEMPATH\View\View.php(216): CodeIgniter\View\View->CodeIgniter\View\{closure}()
 4 SYSTEMPATH\Common.php(1184): CodeIgniter\View\View->render('pagos/index', [], true)
 5 APPPATH\Controllers\Pago.php(17): view('pagos/index', [...])
 6 SYSTEMPATH\CodeIgniter.php(934): App\Controllers\Pago->index()
 7 SYSTEMPATH\CodeIgniter.php(499): CodeIgniter\CodeIgniter->runController(Object(App\Controllers\Pago))
 8 SYSTEMPATH\CodeIgniter.php(368): CodeIgniter\CodeIgniter->handleRequest(null, Object(Config\Cache), false)
 9 FCPATH\index.php(67): CodeIgniter\CodeIgniter->run()
CRITICAL - 2023-06-13 01:23:55 --> Undefined variable $compra
in APPPATH\Views\pagos\index.php on line 67.
 1 APPPATH\Views\pagos\index.php(67): CodeIgniter\Debug\Exceptions->errorHandler(2, 'Undefined variable $compra', 'C:\\xampp\\htdocs\\proyectosistema\\app\\Views\\pagos\\index.php', 67)
 2 SYSTEMPATH\View\View.php(213): include('C:\\xampp\\htdocs\\proyectosistema\\app\\Views\\pagos\\index.php')
 3 SYSTEMPATH\View\View.php(216): CodeIgniter\View\View->CodeIgniter\View\{closure}()
 4 SYSTEMPATH\Common.php(1184): CodeIgniter\View\View->render('pagos/index', [], true)
 5 APPPATH\Controllers\Pago.php(17): view('pagos/index', [...])
 6 SYSTEMPATH\CodeIgniter.php(934): App\Controllers\Pago->index()
 7 SYSTEMPATH\CodeIgniter.php(499): CodeIgniter\CodeIgniter->runController(Object(App\Controllers\Pago))
 8 SYSTEMPATH\CodeIgniter.php(368): CodeIgniter\CodeIgniter->handleRequest(null, Object(Config\Cache), false)
 9 FCPATH\index.php(67): CodeIgniter\CodeIgniter->run()
CRITICAL - 2023-06-13 01:24:11 --> Undefined array key "num_fact"
in APPPATH\Views\pagos\index.php on line 76.
 1 APPPATH\Views\pagos\index.php(76): CodeIgniter\Debug\Exceptions->errorHandler(2, 'Undefined array key "num_fact"', 'C:\\xampp\\htdocs\\proyectosistema\\app\\Views\\pagos\\index.php', 76)
 2 SYSTEMPATH\View\View.php(213): include('C:\\xampp\\htdocs\\proyectosistema\\app\\Views\\pagos\\index.php')
 3 SYSTEMPATH\View\View.php(216): CodeIgniter\View\View->CodeIgniter\View\{closure}()
 4 SYSTEMPATH\Common.php(1184): CodeIgniter\View\View->render('pagos/index', [], true)
 5 APPPATH\Controllers\Pago.php(17): view('pagos/index', [...])
 6 SYSTEMPATH\CodeIgniter.php(934): App\Controllers\Pago->index()
 7 SYSTEMPATH\CodeIgniter.php(499): CodeIgniter\CodeIgniter->runController(Object(App\Controllers\Pago))
 8 SYSTEMPATH\CodeIgniter.php(368): CodeIgniter\CodeIgniter->handleRequest(null, Object(Config\Cache), false)
 9 FCPATH\index.php(67): CodeIgniter\CodeIgniter->run()
CRITICAL - 2023-06-13 01:24:19 --> Undefined variable $compra
in APPPATH\Views\pagos\index.php on line 82.
 1 APPPATH\Views\pagos\index.php(82): CodeIgniter\Debug\Exceptions->errorHandler(2, 'Undefined variable $compra', 'C:\\xampp\\htdocs\\proyectosistema\\app\\Views\\pagos\\index.php', 82)
 2 SYSTEMPATH\View\View.php(213): include('C:\\xampp\\htdocs\\proyectosistema\\app\\Views\\pagos\\index.php')
 3 SYSTEMPATH\View\View.php(216): CodeIgniter\View\View->CodeIgniter\View\{closure}()
 4 SYSTEMPATH\Common.php(1184): CodeIgniter\View\View->render('pagos/index', [], true)
 5 APPPATH\Controllers\Pago.php(17): view('pagos/index', [...])
 6 SYSTEMPATH\CodeIgniter.php(934): App\Controllers\Pago->index()
 7 SYSTEMPATH\CodeIgniter.php(499): CodeIgniter\CodeIgniter->runController(Object(App\Controllers\Pago))
 8 SYSTEMPATH\CodeIgniter.php(368): CodeIgniter\CodeIgniter->handleRequest(null, Object(Config\Cache), false)
 9 FCPATH\index.php(67): CodeIgniter\CodeIgniter->run()
CRITICAL - 2023-06-13 01:24:27 --> Undefined array key "num_fact"
in APPPATH\Views\pagos\index.php on line 82.
 1 APPPATH\Views\pagos\index.php(82): CodeIgniter\Debug\Exceptions->errorHandler(2, 'Undefined array key "num_fact"', 'C:\\xampp\\htdocs\\proyectosistema\\app\\Views\\pagos\\index.php', 82)
 2 SYSTEMPATH\View\View.php(213): include('C:\\xampp\\htdocs\\proyectosistema\\app\\Views\\pagos\\index.php')
 3 SYSTEMPATH\View\View.php(216): CodeIgniter\View\View->CodeIgniter\View\{closure}()
 4 SYSTEMPATH\Common.php(1184): CodeIgniter\View\View->render('pagos/index', [], true)
 5 APPPATH\Controllers\Pago.php(17): view('pagos/index', [...])
 6 SYSTEMPATH\CodeIgniter.php(934): App\Controllers\Pago->index()
 7 SYSTEMPATH\CodeIgniter.php(499): CodeIgniter\CodeIgniter->runController(Object(App\Controllers\Pago))
 8 SYSTEMPATH\CodeIgniter.php(368): CodeIgniter\CodeIgniter->handleRequest(null, Object(Config\Cache), false)
 9 FCPATH\index.php(67): CodeIgniter\CodeIgniter->run()
ERROR - 2023-06-13 01:31:39 --> mysqli_sql_exception: Unknown column 'pagos.id_proeevor' in 'on clause' in C:\xampp\htdocs\proyectosistema\system\Database\MySQLi\Connection.php:295
Stack trace:
#0 C:\xampp\htdocs\proyectosistema\system\Database\MySQLi\Connection.php(295): mysqli->query('SELECT COUNT(*)...', 0)
#1 C:\xampp\htdocs\proyectosistema\system\Database\BaseConnection.php(691): CodeIgniter\Database\MySQLi\Connection->execute('SELECT COUNT(*)...')
#2 C:\xampp\htdocs\proyectosistema\system\Database\BaseConnection.php(605): CodeIgniter\Database\BaseConnection->simpleQuery('SELECT COUNT(*)...')
#3 C:\xampp\htdocs\proyectosistema\system\Database\BaseBuilder.php(1700): CodeIgniter\Database\BaseConnection->query('SELECT COUNT(*)...', Array, false)
#4 C:\xampp\htdocs\proyectosistema\system\Model.php(606): CodeIgniter\Database\BaseBuilder->countAllResults(false)
#5 C:\xampp\htdocs\proyectosistema\system\BaseModel.php(1188): CodeIgniter\Model->countAllResults(false)
#6 C:\xampp\htdocs\proyectosistema\app\Controllers\Pago.php(16): CodeIgniter\BaseModel->paginate(10)
#7 C:\xampp\htdocs\proyectosistema\system\CodeIgniter.php(934): App\Controllers\Pago->index()
#8 C:\xampp\htdocs\proyectosistema\system\CodeIgniter.php(499): CodeIgniter\CodeIgniter->runController(Object(App\Controllers\Pago))
#9 C:\xampp\htdocs\proyectosistema\system\CodeIgniter.php(368): CodeIgniter\CodeIgniter->handleRequest(NULL, Object(Config\Cache), false)
#10 C:\xampp\htdocs\proyectosistema\index.php(67): CodeIgniter\CodeIgniter->run()
#11 {main}
CRITICAL - 2023-06-13 01:31:39 --> Unknown column 'pagos.id_proeevor' in 'on clause'
in SYSTEMPATH\Database\MySQLi\Connection.php on line 295.
 1 SYSTEMPATH\Database\MySQLi\Connection.php(295): mysqli->query('SELECT COUNT(*) AS `numrows`
FROM `pagos`
LEFT JOIN `personas` ON `personas`.`id` = `pagos`.`id_proeevor`', 0)
 2 SYSTEMPATH\Database\BaseConnection.php(691): CodeIgniter\Database\MySQLi\Connection->execute('SELECT COUNT(*) AS `numrows`
FROM `pagos`
LEFT JOIN `personas` ON `personas`.`id` = `pagos`.`id_proeevor`')
 3 SYSTEMPATH\Database\BaseConnection.php(605): CodeIgniter\Database\BaseConnection->simpleQuery('SELECT COUNT(*) AS `numrows`
FROM `pagos`
LEFT JOIN `personas` ON `personas`.`id` = `pagos`.`id_proeevor`')
 4 SYSTEMPATH\Database\BaseBuilder.php(1700): CodeIgniter\Database\BaseConnection->query('SELECT COUNT(*) AS `numrows`
FROM `pagos`
LEFT JOIN `personas` ON `personas`.`id` = `pagos`.`id_proeevor`', [], false)
 5 SYSTEMPATH\Model.php(606): CodeIgniter\Database\BaseBuilder->countAllResults(false)
 6 SYSTEMPATH\BaseModel.php(1188): CodeIgniter\Model->countAllResults(false)
 7 APPPATH\Controllers\Pago.php(16): CodeIgniter\BaseModel->paginate(10)
 8 SYSTEMPATH\CodeIgniter.php(934): App\Controllers\Pago->index()
 9 SYSTEMPATH\CodeIgniter.php(499): CodeIgniter\CodeIgniter->runController(Object(App\Controllers\Pago))
10 SYSTEMPATH\CodeIgniter.php(368): CodeIgniter\CodeIgniter->handleRequest(null, Object(Config\Cache), false)
11 FCPATH\index.php(67): CodeIgniter\CodeIgniter->run()
